#
# A fatal error has been detected by the Java Runtime Environment:
#
#  Internal Error (jvmciRuntime.cpp:1609), pid=20, tid=43
#  fatal error: Fatal exception in JVMCI: Error calling jdk.vm.ci.services.Services.serializeSavedProperties
#
# JRE version: OpenJDK Runtime Environment GraalVM CE 22.3.0 (17.0.5+8) (build 17.0.5+8-jvmci-22.3-b08)
# Java VM: OpenJDK 64-Bit Server VM GraalVM CE 22.3.0 (17.0.5+8-jvmci-22.3-b08, mixed mode, sharing, tiered, jvmci, jvmci compiler, compressed oops, compressed class ptrs, parallel gc, linux-amd64)
# Problematic frame:
# V  [libjvm.so+0x972714]  JVMCIRuntime::fatal_exception(JVMCIEnv*, char const*)+0x74
#
# Core dump will be written. Default location: Core dumps may be processed with "/usr/share/apport/apport -p%p -s%s -c%c -d%d -P%P -u%u -g%g -- %E" (or dumping to /home/runner/JavaArray/core.20)
#
# If you would like to submit a bug report, please visit:
#   https://github.com/oracle/graal/issues
#

---------------  S U M M A R Y ------------

Command Line: -XX:ThreadPriorityPolicy=1 -XX:+UnlockExperimentalVMOptions -XX:+EnableJVMCIProduct -XX:JVMCIThreadsPerNativeLibraryRuntime=1 -XX:-UnlockExperimentalVMOptions -Declipse.application=org.eclipse.jdt.ls.core.id1 -Dosgi.bundles.defaultStartLevel=4 -Declipse.product=org.eclipse.jdt.ls.core.product -Dlog.level=ALL -Xverify:none -XX:+UseParallelGC -XX:GCTimeRatio=4 -XX:AdaptiveSizePolicyWeight=90 -Dsun.zip.disableMemoryMapping=true -Xmx512m -Xms100m /nix/store/m6gcpi1ii6rghy04cjwjddcavv7i90df-jdt-language-server-1.9.0/share/java/plugins/org.eclipse.equinox.launcher_1.6.400.v20210924-0641.jar --add-modules=ALL-SYSTEM --add-opens java.base/java.util=ALL-UNNAMED --add-opens java.base/java.lang=ALL-UNNAMED -configuration /home/runner/.cache/jdt-language-server/config -data /home/runner/.cache/jdt-language-server/data/home/runner/JavaArray

Host: AMD EPYC 7B13, 4 cores, 1G, Ubuntu 20.04.2 LTS
Time: Tue Apr 11 16:47:08 2023 UTC elapsed time: 1160.151704 seconds (0d 0h 19m 20s)

---------------  T H R E A D  ---------------

Current thread (0x00007f70e00b2200):  JavaThread "JVMCI-native CompilerThread0" daemon [_thread_in_vm, id=43, stack(0x00007f70c72b3000,0x00007f70c74b3000)]


Current CompileTask:
JVMCI-native:1160151 9306       4       java.util.concurrent.locks.AbstractQueuedSynchronizer$ConditionObject::signal (34 bytes)

Stack: [0x00007f70c72b3000,0x00007f70c74b3000],  sp=0x00007f70c74b1380,  free space=2040k
Native frames: (J=compiled Java code, j=interpreted, Vv=VM code, C=native code)
V  [libjvm.so+0x972714]  JVMCIRuntime::fatal_exception(JVMCIEnv*, char const*)+0x74
V  [libjvm.so+0x93e2fe]  JVMCIEnv::copy_saved_properties()+0x14e
V  [libjvm.so+0x9732a9]  JVMCIRuntime::initialize(JVMCIEnv*)+0xb19
V  [libjvm.so+0x9738a2]  JVMCIRuntime::get_HotSpotJVMCIRuntime(JVMCIEnv*)+0x12
V  [libjvm.so+0x9749f2]  JVMCIRuntime::compile_method(JVMCIEnv*, JVMCICompiler*, methodHandle const&, int)+0xd2
V  [libjvm.so+0x5b0d20]  CompileBroker::invoke_compiler_on_method(CompileTask*)+0x1470
V  [libjvm.so+0x5b12e8]  CompileBroker::compiler_thread_loop()+0x528
V  [libjvm.so+0xd82460]  JavaThread::thread_main_inner()+0xd0
V  [libjvm.so+0xd85a40]  Thread::call_run()+0xc0
V  [libjvm.so+0xbdb1e1]  thread_native_entry(Thread*)+0xe1

Register to memory mapping:

RAX=0x00007f70e6ff3000 points into unknown readable memory: 0x0000000000000058 | 58 00 00 00 00 00 00 00
RBX=0x00007f70e80ee398: <offset 0x0000000000ef5398> in /nix/store/gpxl5qgg8kicmcvivwmybwjlpf7wh20l-graalvm17-ce-22.3.0/lib/server/libjvm.so at 0x00007f70e71f9000
RCX=0x00007f70e80a61e8: <offset 0x0000000000ead1e8> in /nix/store/gpxl5qgg8kicmcvivwmybwjlpf7wh20l-graalvm17-ce-22.3.0/lib/server/libjvm.so at 0x00007f70e71f9000
RDX=0x0000000000000649 is an unknown value
RSP=0x00007f70c74b1380 is pointing into the stack for thread: 0x00007f70e00b2200
RBP=0x00007f70c74b13a0 is pointing into the stack for thread: 0x00007f70e00b2200
RSI=0x00007f70e80eec48: <offset 0x0000000000ef5c48> in /nix/store/gpxl5qgg8kicmcvivwmybwjlpf7wh20l-graalvm17-ce-22.3.0/lib/server/libjvm.so at 0x00007f70e71f9000
RDI=0x00000000e0000000 is an oop: java.lang.String 
{0x00000000e0000000} - klass: 'java/lang/String'
 - string: "org.eclipse.osgi.container.ModuleRevisionBuilder"
R8 =0x00007f70e80ee398: <offset 0x0000000000ef5398> in /nix/store/gpxl5qgg8kicmcvivwmybwjlpf7wh20l-graalvm17-ce-22.3.0/lib/server/libjvm.so at 0x00007f70e71f9000
R9 =0x00007f70c74b1330 is pointing into the stack for thread: 0x00007f70e00b2200
R10=0x00007f70c74b2948 is pointing into the stack for thread: 0x00007f70e00b2200
R11=0x0000000000000293 is an unknown value
R12=0x0 is NULL
R13=0x00007f70e00b2200 is a thread
R14=0x00007f70e0000b80 points into unknown readable memory: 0x00007f70e831fa38 | 38 fa 31 e8 70 7f 00 00
R15=0x00007f70e842de40: <offset 0x0000000001234e40> in /nix/store/gpxl5qgg8kicmcvivwmybwjlpf7wh20l-graalvm17-ce-22.3.0/lib/server/libjvm.so at 0x00007f70e71f9000


Registers:
RAX=0x00007f70e6ff3000, RBX=0x00007f70e80ee398, RCX=0x00007f70e80a61e8, RDX=0x0000000000000649
RSP=0x00007f70c74b1380, RBP=0x00007f70c74b13a0, RSI=0x00007f70e80eec48, RDI=0x00000000e0000000
R8 =0x00007f70e80ee398, R9 =0x00007f70c74b1330, R10=0x00007f70c74b2948, R11=0x0000000000000293
R12=0x0000000000000000, R13=0x00007f70e00b2200, R14=0x00007f70e0000b80, R15=0x00007f70e842de40
RIP=0x00007f70e7b6b714, EFLAGS=0x0000000000010206, CSGSFS=0x002b000000000033, ERR=0x0000000000000006
  TRAPNO=0x000000000000000e

Top of Stack: (sp=0x00007f70c74b1380)
0x00007f70c74b1380:   00007f70c74b1940 00007f70e00b2200
0x00007f70c74b1390:   00007f70e59848c8 0000000800c417a0
0x00007f70c74b13a0:   00007f70c74b1500 00007f70e7b372fe
0x00007f70c74b13b0:   00007f70c74b13e0 00007f70c74b1440 

Instructions: (pc=0x00007f70e7b6b714)
0x00007f70e7b6b614:   30 e8 f6 cf e8 ff 4c 89 e7 e8 2e 48 d1 ff 84 db
0x00007f70e7b6b624:   75 2a 4d 85 ed 74 04 4d 8b 6d 00 48 83 c4 08 44
0x00007f70e7b6b634:   89 f9 4c 89 f2 4c 89 ee 5b 4c 89 e7 41 5c 41 5d
0x00007f70e7b6b644:   41 5e 41 5f 5d e9 e2 47 d1 ff 66 90 48 83 c4 08
0x00007f70e7b6b654:   5b 41 5c 41 5d 41 5e 41 5f 5d c3 90 31 d2 be 08
0x00007f70e7b6b664:   00 00 00 4c 89 ff e8 b1 78 a3 ff 49 89 c5 e9 37
0x00007f70e7b6b674:   ff ff ff 66 0f 1f 84 00 00 00 00 00 48 8b 7a 08
0x00007f70e7b6b684:   e9 6d ff ff ff 0f 1f 80 00 00 00 00 e8 5b 48 0a
0x00007f70e7b6b694:   00 84 c0 75 89 e9 6a ff ff ff 66 90 55 48 89 e5
0x00007f70e7b6b6a4:   41 56 41 55 41 54 49 89 fc 53 48 89 f3 66 48 8d
0x00007f70e7b6b6b4:   3d 27 5e 85 00 66 66 48 e8 df 43 8d ff 4c 8b 28
0x00007f70e7b6b6c4:   8b 05 be 72 8a 00 85 c0 75 14 ba 01 00 00 00 48
0x00007f70e7b6b6d4:   8d 0d ae 72 8a 00 f0 0f b1 11 85 c0 74 4e be c8
0x00007f70e7b6b6e4:   00 00 00 4c 89 ef e8 01 0b 41 00 48 8d 05 12 ac
0x00007f70e7b6b6f4:   85 00 49 89 d8 48 8d 0d e8 aa 53 00 ba 49 06 00
0x00007f70e7b6b704:   00 48 8d 35 3c 35 58 00 bf 00 00 00 e0 48 8b 00
0x00007f70e7b6b714:   c6 00 58 31 c0 e8 e2 91 c6 ff 5b 41 5c 41 5d 41
0x00007f70e7b6b724:   5e 5d e9 55 34 26 00 0f 1f 44 00 00 48 8d 05 81
0x00007f70e7b6b734:   a3 8b 00 48 89 df 4c 8b 30 e8 9e 43 8d ff 48 89
0x00007f70e7b6b744:   de 48 89 c2 49 8b 06 4c 89 f7 ff 50 08 4c 89 f7
0x00007f70e7b6b754:   e8 a7 5c 27 00 4d 85 e4 74 12 be 01 00 00 00 4c
0x00007f70e7b6b764:   89 e7 e8 35 43 fc ff eb 82 0f 1f 00 be 01 00 00
0x00007f70e7b6b774:   00 4c 89 ef e8 d3 fd ff ff e9 6d ff ff ff 66 66
0x00007f70e7b6b784:   2e 0f 1f 84 00 00 00 00 00 0f 1f 00 55 48 89 e5
0x00007f70e7b6b794:   41 57 41 56 41 55 41 54 53 48 81 ec 08 02 00 00
0x00007f70e7b6b7a4:   64 48 8b 04 25 28 00 00 00 48 89 45 c8 8b 07 83
0x00007f70e7b6b7b4:   f8 02 0f 84 11 04 00 00 4c 8b 6f 18 49 89 ff 49
0x00007f70e7b6b7c4:   89 f4 4d 85 ed 74 14 4c 89 ef e8 5d 57 22 00 41
0x00007f70e7b6b7d4:   8b 07 83 f8 02 0f 84 19 04 00 00 48 8d 1d 9a 06
0x00007f70e7b6b7e4:   8a 00 4c 8d 35 0b 3c 58 00 eb 38 90 48 85 d2 7f
0x00007f70e7b6b7f4:   0d 48 8d 05 b4 c0 85 00 48 83 38 00 7e 0e 41 8b
0x00007f70e7b6b804:   77 2c 4c 89 f7 31 c0 e8 a0 b2 f7 ff 49 8b 7f 18 


Stack slot to memory mapping:
stack at sp + 0 slots: 0x00007f70c74b1940 is pointing into the stack for thread: 0x00007f70e00b2200
stack at sp + 1 slots: 0x00007f70e00b2200 is a thread
stack at sp + 2 slots: 0x00007f70e59848c8 points into unknown readable memory: 0x6573001880c9ffff | ff ff c9 80 18 00 73 65
stack at sp + 3 slots: 0x0000000800c417a0 is a pointer to class: 
jdk.vm.ci.services.Services {0x0000000800c417a0}
 - instance size:     2
 - klass size:        65
 - access:            public final synchronized 
 - state:             fully_initialized
 - name:              'jdk/vm/ci/services/Services'
 - super:             'java/lang/Object'
 - sub:               
 - arrays:            NULL
 - methods:           Array<T>(0x00007f70e48420a8)
 - method ordering:   Array<T>(0x0000000800928960)
 - default_methods:   Array<T>(0x0000000000000000)
 - local interfaces:  Array<T>(0x00000008005ce810)
 - trans. interfaces: Array<T>(0x00000008005ce810)
 - constants:         constant pool [427] {0x00007f70e4841188} for 'jdk/vm/ci/services/Services' cache=0x00007f70e4843378
 - class loader data:  loader data: 0x00007f70e00283f0 of 'bootstrap'
 - source file:       'Services.java'
 - class annotations:       Array<T>(0x0000000000000000)
 - class type annotations:  Array<T>(0x0000000000000000)
 - field annotations:       Array<T>(0x0000000000000000)
 - field type annotations:  Array<T>(0x0000000000000000)
 - inner classes:     Array<T>(0x00007f70e4843348)
 - nest members:     Array<T>(0x00007f70e4843368)
 - permitted subclasses:     Array<T>(0x00000008005ce7a0)
 - java mirror:       a 'java/lang/Class'{0x00000000e017d8e0} = 'jdk/vm/ci/services/Services'
 - vtable length      5  (start addr: 0x0000000800c41970)
 - itable length      2 (start addr: 0x0000000800c41998)
 - ---- static fields (3 words):
 - public static final 'IS_BUILDING_NATIVE_IMAGE' 'Z' @128 
 - public static final 'IS_IN_NATIVE_IMAGE' 'Z' @129 
 - private static volatile 'savedProperties' 'Ljava/util/Map;' @112 
 - static final 'JVMCI_ENABLED' 'Z' @130 
 - private static final 'servicesCache' 'Ljava/util/Map;' @116 
 - private static final 'MAX_UNICODE_IN_UTF8_LENGTH' 'I' @120 
 - private static final 'MAX_UTF8_PROPERTY_STRING_LENGTH' 'I' @124 
 - ---- non-static fields (0 words):
 - non-static oop maps: 
stack at sp + 4 slots: 0x00007f70c74b1500 is pointing into the stack for thread: 0x00007f70e00b2200
stack at sp + 5 slots: 0x00007f70e7b372fe: <offset 0x000000000093e2fe> in /nix/store/gpxl5qgg8kicmcvivwmybwjlpf7wh20l-graalvm17-ce-22.3.0/lib/server/libjvm.so at 0x00007f70e71f9000
stack at sp + 6 slots: 0x00007f70c74b13e0 is pointing into the stack for thread: 0x00007f70e00b2200
stack at sp + 7 slots: 0x00007f70c74b1440 is pointing into the stack for thread: 0x00007f70e00b2200


---------------  P R O C E S S  ---------------

Threads class SMR info:
_java_thread_list=0x00007f707418ccc0, length=27, elements={
0x00007f70e0026690, 0x00007f70e00a64d0, 0x00007f70e00a7910, 0x00007f70e00ae070,
0x00007f70e00af420, 0x00007f70e00b0810, 0x00007f70e00b2200, 0x00007f70e00b3710,
0x00007f70e00b4b60, 0x00007f70e00f8750, 0x00007f70e0140230, 0x00007f70e0353ec0,
0x00007f70e0387a30, 0x00007f70e0389b60, 0x00007f70e064f190, 0x00007f7078032420,
0x00007f70782b9650, 0x00007f7078498b20, 0x00007f7078608290, 0x00007f70e01d46a0,
0x0000559744fe77d0, 0x00007f70e040d4f0, 0x00007f706c001940, 0x00007f707808ca10,
0x00007f7084438960, 0x00007f707412f520, 0x00007f7074059400
}

Java Threads: ( => current thread )
  0x00007f70e0026690 JavaThread "main" [_thread_blocked, id=27, stack(0x00007f70e7014000,0x00007f70e7114000)]
  0x00007f70e00a64d0 JavaThread "Reference Handler" daemon [_thread_blocked, id=34, stack(0x00007f70e502b000,0x00007f70e512b000)]
  0x00007f70e00a7910 JavaThread "Finalizer" daemon [_thread_blocked, id=35, stack(0x00007f70e4700000,0x00007f70e4800000)]
  0x00007f70e00ae070 JavaThread "Signal Dispatcher" daemon [_thread_blocked, id=40, stack(0x00007f70e431a000,0x00007f70e441a000)]
  0x00007f70e00af420 JavaThread "Service Thread" daemon [_thread_blocked, id=41, stack(0x00007f70e421a000,0x00007f70e431a000)]
  0x00007f70e00b0810 JavaThread "Monitor Deflation Thread" daemon [_thread_blocked, id=42, stack(0x00007f70e411a000,0x00007f70e421a000)]
=>0x00007f70e00b2200 JavaThread "JVMCI-native CompilerThread0" daemon [_thread_in_vm, id=43, stack(0x00007f70c72b3000,0x00007f70c74b3000)]
  0x00007f70e00b3710 JavaThread "C1 CompilerThread0" daemon [_thread_blocked, id=44, stack(0x00007f70c70b3000,0x00007f70c72b3000)]
  0x00007f70e00b4b60 JavaThread "Sweeper thread" daemon [_thread_blocked, id=45, stack(0x00007f70e401a000,0x00007f70e411a000)]
  0x00007f70e00f8750 JavaThread "Common-Cleaner" daemon [_thread_blocked, id=46, stack(0x00007f70c6fb3000,0x00007f70c70b3000)]
  0x00007f70e0140230 JavaThread "Notification Thread" daemon [_thread_blocked, id=47, stack(0x00007f70c6eb3000,0x00007f70c6fb3000)]
  0x00007f70e0353ec0 JavaThread "Active Thread: Equinox Container: e19cdb7c-7cc2-4ad5-aaac-6761bb121bd2" [_thread_blocked, id=52, stack(0x00007f70c4900000,0x00007f70c4a00000)]
  0x00007f70e0387a30 JavaThread "Framework Event Dispatcher: Equinox Container: e19cdb7c-7cc2-4ad5-aaac-6761bb121bd2" daemon [_thread_blocked, id=53, stack(0x00007f70c4700000,0x00007f70c4800000)]
  0x00007f70e0389b60 JavaThread "Start Level: Equinox Container: e19cdb7c-7cc2-4ad5-aaac-6761bb121bd2" daemon [_thread_blocked, id=54, stack(0x00007f70c4500000,0x00007f70c4600000)]
  0x00007f70e064f190 JavaThread "Refresh Thread: Equinox Container: e19cdb7c-7cc2-4ad5-aaac-6761bb121bd2" daemon [_thread_blocked, id=55, stack(0x00007f70c4300000,0x00007f70c4400000)]
  0x00007f7078032420 JavaThread "SCR Component Actor" daemon [_thread_blocked, id=56, stack(0x00007f70c4100000,0x00007f70c4200000)]
  0x00007f70782b9650 JavaThread "Worker-JM" [_thread_blocked, id=58, stack(0x00007f708eb00000,0x00007f708ec00000)]
  0x00007f7078498b20 JavaThread "Java indexing" daemon [_thread_blocked, id=61, stack(0x00007f708e500000,0x00007f708e600000)]
  0x00007f7078608290 JavaThread "Bundle File Closer" daemon [_thread_blocked, id=62, stack(0x00007f708e300000,0x00007f708e400000)]
  0x00007f70e01d46a0 JavaThread "pool-3-thread-1" [_thread_blocked, id=63, stack(0x00007f708e100000,0x00007f708e200000)]
  0x0000559744fe77d0 JavaThread "Worker-2: Java indexing... " [_thread_blocked, id=64, stack(0x00007f708df00000,0x00007f708e000000)]
  0x00007f70e040d4f0 JavaThread "pool-2-thread-1" [_thread_blocked, id=65, stack(0x00007f708dd00000,0x00007f708de00000)]
  0x00007f706c001940 JavaThread "Worker-3" [_thread_blocked, id=66, stack(0x00007f708db00000,0x00007f708dc00000)]
  0x00007f707808ca10 JavaThread "Worker-4" [_thread_blocked, id=67, stack(0x00007f708ed00000,0x00007f708ee00000)]
  0x00007f7084438960 JavaThread "Okio Watchdog" daemon [_thread_blocked, id=75, stack(0x00007f708e400000,0x00007f708e500000)]
  0x00007f707412f520 JavaThread "Thread-4" [_thread_blocked, id=248, stack(0x00007f70c4400000,0x00007f70c4500000)]
  0x00007f7074059400 JavaThread "Thread-5" [_thread_blocked, id=249, stack(0x00007f70c4600000,0x00007f70c4700000)]

Other Threads:
  0x00007f70e00a1c10 VMThread "VM Thread" [stack: 0x00007f70e512d000,0x00007f70e522d000] [id=32] _threads_hazard_ptr=0x00007f707418ccc0
  0x00007f70e0141bd0 WatcherThread [stack: 0x00007f70c6db3000,0x00007f70c6eb3000] [id=48]
  0x00007f70e003df30 GCTaskThread "GC Thread#0" [stack: 0x00007f70e6bd7000,0x00007f70e6cd7000] [id=28]

Threads with active compile tasks:
JVMCI-native CompilerThread0  1160226 9306       4       java.util.concurrent.locks.AbstractQueuedSynchronizer$ConditionObject::signal (34 bytes)

VM state: synchronizing (normal execution)

VM Mutex/Monitor currently owned by a thread:  ([mutex/lock_event])
[0x00007f70e0023840] Threads_lock - owner thread: 0x00007f70e00a1c10
[0x00007f70e0023ff0] Heap_lock - owner thread: 0x00007f7078498b20

OutOfMemory and StackOverflow Exception counts:
OutOfMemoryError java_heap_errors=3
LinkageErrors=66

Heap address: 0x00000000e0000000, size: 512 MB, Compressed Oops mode: 32-bit

CDS archive(s) mapped at: [0x0000000800000000-0x0000000800bc8000-0x0000000800bc8000), size 12353536, SharedBaseAddress: 0x0000000800000000, ArchiveRelocationMode: 0.
Compressed class space mapped at: 0x0000000800c00000-0x0000000840c00000, reserved size: 1073741824
Narrow klass base: 0x0000000800000000, Narrow klass shift: 0, Narrow klass range: 0x100000000

GC Precious Log:
 CPUs: 4 total, 1 available
 Memory: 1024M
 Large Page Support: Disabled
 NUMA Support: Disabled
 Compressed Oops: Enabled (32-bit)
 Alignments: Space 512K, Generation 512K, Heap 2M
 Heap Min Capacity: 100M
 Heap Initial Capacity: 100M
 Heap Max Capacity: 512M
 Pre-touch: Disabled
 Parallel Workers: 1

Heap:
 PSYoungGen      total 36864K, used 27135K [0x00000000f5580000, 0x00000000f8480000, 0x0000000100000000)
  eden space 27136K, 99% used [0x00000000f5580000,0x00000000f6fffff0,0x00000000f7000000)
  from space 9728K, 0% used [0x00000000f7980000,0x00000000f7980000,0x00000000f8300000)
  to   space 9728K, 0% used [0x00000000f7000000,0x00000000f7000000,0x00000000f7980000)
 ParOldGen       total 349696K, used 349695K [0x00000000e0000000, 0x00000000f5580000, 0x00000000f5580000)
  object space 349696K, 99% used [0x00000000e0000000,0x00000000f557ff38,0x00000000f5580000)
 Metaspace       used 60932K, committed 62144K, reserved 1105920K
  class space    used 6004K, committed 6464K, reserved 1048576K

Card table byte_map: [0x00007f70e6cd7000,0x00007f70e6dd8000] _byte_map_base: 0x00007f70e65d7000

Marking Bits: (ParMarkBitMap*) 0x00007f70e84274c0
 Begin Bits: [0x00007f70e5b2a000, 0x00007f70e632a000)
 End Bits:   [0x00007f70e632a000, 0x00007f70e6b2a000)

Polling page: 0x00007f70e6ff1000

Metaspace:

Usage:
  Non-class:     53.64 MB used.
      Class:      5.86 MB used.
       Both:     59.50 MB used.

Virtual space:
  Non-class space:       56.00 MB reserved,      54.38 MB ( 97%) committed,  7 nodes.
      Class space:        1.00 GB reserved,       6.31 MB ( <1%) committed,  1 nodes.
             Both:        1.05 GB reserved,      60.69 MB (  6%) committed. 

Chunk freelists:
   Non-Class:  1.42 MB
       Class:  1.77 MB
        Both:  3.19 MB

MaxMetaspaceSize: unlimited
CompressedClassSpaceSize: 1.00 GB
Initial GC threshold: 21.00 MB
Current GC threshold: 100.94 MB
CDS: on
MetaspaceReclaimPolicy: balanced
 - commit_granule_bytes: 65536.
 - commit_granule_words: 8192.
 - virtual_space_node_default_size: 1048576.
 - enlarge_chunks_in_place: 1.
 - new_chunks_are_fully_committed: 0.
 - uncommit_free_chunks: 1.
 - use_allocation_guard: 0.
 - handle_deallocations: 1.


Internal statistics:

num_allocs_failed_limit: 6.
num_arena_births: 500.
num_arena_deaths: 150.
num_vsnodes_births: 8.
num_vsnodes_deaths: 0.
num_space_committed: 970.
num_space_uncommitted: 0.
num_chunks_returned_to_freelist: 221.
num_chunks_taken_from_freelist: 2913.
num_chunk_merges: 86.
num_chunk_splits: 1888.
num_chunks_enlarged: 1177.
num_purges: 2.
num_inconsistent_stats: 0.

CodeHeap 'non-profiled nmethods': size=120036Kb used=2756Kb max_used=2756Kb free=117279Kb
 bounds [0x00007f70cef7a000, 0x00007f70cf23a000, 0x00007f70d64b3000]
CodeHeap 'profiled nmethods': size=120032Kb used=14691Kb max_used=16114Kb free=105340Kb
 bounds [0x00007f70c7a42000, 0x00007f70c8a12000, 0x00007f70cef7a000]
CodeHeap 'non-nmethods': size=5692Kb used=1385Kb max_used=1399Kb free=4306Kb
 bounds [0x00007f70c74b3000, 0x00007f70c7723000, 0x00007f70c7a42000]
 total_blobs=7785 nmethods=7062 adapters=629
 compilation: enabled
              stopped_count=0, restarted_count=0
 full_count=0

JVMCI Events (20 events):
Event: 835.873 Thread 0x00007f70e00b2200 destroyed JavaVM[4]@0x00007f708d39e340 for JVMCI runtime 0
Event: 835.873 Thread 0x00007f70e00b2200 compacted oop handles in JVMCI runtime 0 from 37 to 37
Event: 835.873 Thread 0x00007f70e00b2200 releasing handles for JVMCI runtime 0: oop handles=37, metadata handles={total=96, live=94, blocks=36}
Event: 835.873 Thread 0x00007f70e00b2200 detached from JVMCI runtime 0
Event: 924.067 Thread 0x00007f70e00b2200 attached to JVMCI runtime 0
Event: 924.068 Thread 0x00007f70e00b2200 created JavaVM[5]@0x00007f708d39e340 for JVMCI runtime 0
Event: 928.367 Thread 0x00007f70e00b2200 initializing JVMCI runtime 0
Event: 928.367 Thread 0x00007f70e00b2200 done waiting for JavaVM references initialization in JVMCI runtime 0
Event: 960.667 Thread 0x00007f70e00b2200 initialized JVMCI runtime 0
Event: 964.195 Thread 0x00007f70e00b2200 detaching from JVMCI runtime 0: releasing idle compiler thread (0 other threads still attached)
Event: 964.195 Thread 0x00007f70e00b2200 shutting down HotSpotJVMCIRuntime for JVMCI runtime 0
Event: 964.195 Thread 0x00007f70e00b2200 shut down JVMCI runtime 0
Event: 964.201 Thread 0x00007f70e00b2200 destroyed JavaVM[5]@0x00007f708d39e340 for JVMCI runtime 0
Event: 964.201 Thread 0x00007f70e00b2200 compacted oop handles in JVMCI runtime 0 from 43 to 43
Event: 964.201 Thread 0x00007f70e00b2200 releasing handles for JVMCI runtime 0: oop handles=43, metadata handles={total=86, live=75, blocks=36}
Event: 964.201 Thread 0x00007f70e00b2200 detached from JVMCI runtime 0
Event: 1070.633 Thread 0x00007f70e00b2200 attached to JVMCI runtime 0
Event: 1070.635 Thread 0x00007f70e00b2200 created JavaVM[6]@0x00007f708d39e340 for JVMCI runtime 0
Event: 1070.635 Thread 0x00007f70e00b2200 initializing JVMCI runtime 0
Event: 1070.635 Thread 0x00007f70e00b2200 done waiting for JavaVM references initialization in JVMCI runtime 0

Compilation events (20 events):
Event: 762.428 Thread 0x00007f70e00b3710 9296 %     3       java.net.URI::quote @ 24 (214 bytes)
Event: 762.431 Thread 0x00007f70e00b3710 nmethod 9296% 0x00007f70c84b6910 code [0x00007f70c84b6d00, 0x00007f70c84b8890]
Event: 828.839 Thread 0x00007f70e00b2200 nmethod 9291 0x00007f70cf228510 code [0x00007f70cf228780, 0x00007f70cf229868]
Event: 828.840 Thread 0x00007f70e00b2200 9297       4       org.eclipse.core.runtime.Path::computeHashCode (56 bytes)
Event: 833.887 Thread 0x00007f70e00b2200 nmethod 9297 0x00007f70cf22a190 code [0x00007f70cf22a320, 0x00007f70cf22a750]
Event: 833.887 Thread 0x00007f70e00b2200 9298       4       jdk.internal.reflect.ClassFileAssembler::cpi (22 bytes)
Event: 833.897 Thread 0x00007f70e00b2200 nmethod 9298 0x00007f70cf22a990 code [0x00007f70cf22ab00, 0x00007f70cf22ab78]
Event: 874.085 Thread 0x00007f70e00b3710 9299       3       java.util.concurrent.ThreadPoolExecutor::isShutdown (12 bytes)
Event: 876.165 Thread 0x00007f70e00b3710 nmethod 9299 0x00007f70c89e3690 code [0x00007f70c89e3840, 0x00007f70c89e3a30]
Event: 893.449 Thread 0x00007f70e00b3710 9300       3       java.util.concurrent.ScheduledThreadPoolExecutor::canRunInCurrentRunState (61 bytes)
Event: 897.059 Thread 0x00007f70e00b3710 nmethod 9300 0x00007f70c83a7810 code [0x00007f70c83a7a20, 0x00007f70c83a84c0]
Event: 908.042 Thread 0x00007f70e00b3710 9301 %     3       java.text.MessageFormat::applyPattern @ 34 (422 bytes)
Event: 911.268 Thread 0x00007f70e00b3710 nmethod 9301% 0x00007f70c84d1f10 code [0x00007f70c84d2420, 0x00007f70c84d5ce0]
Event: 911.268 Thread 0x00007f70e00b3710 9302       1       org.eclipse.core.internal.resources.Project::isLinked (2 bytes)
Event: 911.268 Thread 0x00007f70e00b3710 nmethod 9302 0x00007f70cf22ac90 code [0x00007f70cf22ae20, 0x00007f70cf22aef0]
Event: 924.067 Thread 0x00007f70e00b2200 9303       4       java.util.ArrayList$SubList$1::hasNext (20 bytes)
Event: 946.532 Thread 0x00007f70e00b3710 9304       3       org.eclipse.osgi.framework.util.ArrayMap::getKey (11 bytes)
Event: 952.306 Thread 0x00007f70e00b3710 nmethod 9304 0x00007f70c8426090 code [0x00007f70c8426240, 0x00007f70c8426560]
Event: 960.676 Thread 0x00007f70e00b2200 nmethod 9303 0x00007f70cf22af90 code [0x00007f70cf22b100, 0x00007f70cf22b188]
Event: 1070.633 Thread 0x00007f70e00b2200 9306       4       java.util.concurrent.locks.AbstractQueuedSynchronizer$ConditionObject::signal (34 bytes)

GC Heap History (20 events):
Event: 1139.908 GC heap before
{Heap before GC invocations=643 (full 537):
 PSYoungGen      total 36864K, used 27136K [0x00000000f5580000, 0x00000000f8480000, 0x0000000100000000)
  eden space 27136K, 100% used [0x00000000f5580000,0x00000000f7000000,0x00000000f7000000)
  from space 9728K, 0% used [0x00000000f7980000,0x00000000f7980000,0x00000000f8300000)
  to   space 9728K, 0% used [0x00000000f7000000,0x00000000f7000000,0x00000000f7980000)
 ParOldGen       total 349696K, used 349687K [0x00000000e0000000, 0x00000000f5580000, 0x00000000f5580000)
  object space 349696K, 99% used [0x00000000e0000000,0x00000000f557dfe8,0x00000000f5580000)
 Metaspace       used 60932K, committed 62144K, reserved 1105920K
  class space    used 6004K, committed 6464K, reserved 1048576K
}
Event: 1141.223 GC heap after
{Heap after GC invocations=643 (full 537):
 PSYoungGen      total 36864K, used 27135K [0x00000000f5580000, 0x00000000f8480000, 0x0000000100000000)
  eden space 27136K, 99% used [0x00000000f5580000,0x00000000f6ffffc8,0x00000000f7000000)
  from space 9728K, 0% used [0x00000000f7000000,0x00000000f7000000,0x00000000f7980000)
  to   space 9728K, 0% used [0x00000000f7980000,0x00000000f7980000,0x00000000f8300000)
 ParOldGen       total 349696K, used 349687K [0x00000000e0000000, 0x00000000f5580000, 0x00000000f5580000)
  object space 349696K, 99% used [0x00000000e0000000,0x00000000f557dfe8,0x00000000f5580000)
 Metaspace       used 60932K, committed 62144K, reserved 1105920K
  class space    used 6004K, committed 6464K, reserved 1048576K
}
Event: 1141.224 GC heap before
{Heap before GC invocations=644 (full 538):
 PSYoungGen      total 36864K, used 27136K [0x00000000f5580000, 0x00000000f8480000, 0x0000000100000000)
  eden space 27136K, 100% used [0x00000000f5580000,0x00000000f7000000,0x00000000f7000000)
  from space 9728K, 0% used [0x00000000f7000000,0x00000000f7000000,0x00000000f7980000)
  to   space 9728K, 0% used [0x00000000f7980000,0x00000000f7980000,0x00000000f8300000)
 ParOldGen       total 349696K, used 349687K [0x00000000e0000000, 0x00000000f5580000, 0x00000000f5580000)
  object space 349696K, 99% used [0x00000000e0000000,0x00000000f557dfe8,0x00000000f5580000)
 Metaspace       used 60932K, committed 62144K, reserved 1105920K
  class space    used 6004K, committed 6464K, reserved 1048576K
}
Event: 1143.241 GC heap after
{Heap after GC invocations=644 (full 538):
 PSYoungGen      total 36864K, used 27136K [0x00000000f5580000, 0x00000000f8480000, 0x0000000100000000)
  eden space 27136K, 100% used [0x00000000f5580000,0x00000000f7000000,0x00000000f7000000)
  from space 9728K, 0% used [0x00000000f7980000,0x00000000f7980000,0x00000000f8300000)
  to   space 9728K, 0% used [0x00000000f7000000,0x00000000f7000000,0x00000000f7980000)
 ParOldGen       total 349696K, used 349687K [0x00000000e0000000, 0x00000000f5580000, 0x00000000f5580000)
  object space 349696K, 99% used [0x00000000e0000000,0x00000000f557dfe8,0x00000000f5580000)
 Metaspace       used 60932K, committed 62144K, reserved 1105920K
  class space    used 6004K, committed 6464K, reserved 1048576K
}
Event: 1143.243 GC heap before
{Heap before GC invocations=645 (full 539):
 PSYoungGen      total 36864K, used 27136K [0x00000000f5580000, 0x00000000f8480000, 0x0000000100000000)
  eden space 27136K, 100% used [0x00000000f5580000,0x00000000f7000000,0x00000000f7000000)
  from space 9728K, 0% used [0x00000000f7980000,0x00000000f7980000,0x00000000f8300000)
  to   space 9728K, 0% used [0x00000000f7000000,0x00000000f7000000,0x00000000f7980000)
 ParOldGen       total 349696K, used 349690K [0x00000000e0000000, 0x00000000f5580000, 0x00000000f5580000)
  object space 349696K, 99% used [0x00000000e0000000,0x00000000f557e820,0x00000000f5580000)
 Metaspace       used 60932K, committed 62144K, reserved 1105920K
  class space    used 6004K, committed 6464K, reserved 1048576K
}
Event: 1145.723 GC heap after
{Heap after GC invocations=645 (full 539):
 PSYoungGen      total 36864K, used 27135K [0x00000000f5580000, 0x00000000f8480000, 0x0000000100000000)
  eden space 27136K, 99% used [0x00000000f5580000,0x00000000f6ffffd0,0x00000000f7000000)
  from space 9728K, 0% used [0x00000000f7000000,0x00000000f7000000,0x00000000f7980000)
  to   space 9728K, 0% used [0x00000000f7980000,0x00000000f7980000,0x00000000f8300000)
 ParOldGen       total 349696K, used 349689K [0x00000000e0000000, 0x00000000f5580000, 0x00000000f5580000)
  object space 349696K, 99% used [0x00000000e0000000,0x00000000f557e458,0x00000000f5580000)
 Metaspace       used 60932K, committed 62144K, reserved 1105920K
  class space    used 6004K, committed 6464K, reserved 1048576K
}
Event: 1145.733 GC heap before
{Heap before GC invocations=646 (full 540):
 PSYoungGen      total 36864K, used 27136K [0x00000000f5580000, 0x00000000f8480000, 0x0000000100000000)
  eden space 27136K, 100% used [0x00000000f5580000,0x00000000f7000000,0x00000000f7000000)
  from space 9728K, 0% used [0x00000000f7000000,0x00000000f7000000,0x00000000f7980000)
  to   space 9728K, 0% used [0x00000000f7980000,0x00000000f7980000,0x00000000f8300000)
 ParOldGen       total 349696K, used 349689K [0x00000000e0000000, 0x00000000f5580000, 0x00000000f5580000)
  object space 349696K, 99% used [0x00000000e0000000,0x00000000f557e458,0x00000000f5580000)
 Metaspace       used 60932K, committed 62144K, reserved 1105920K
  class space    used 6004K, committed 6464K, reserved 1048576K
}
Event: 1148.295 GC heap after
{Heap after GC invocations=646 (full 540):
 PSYoungGen      total 36864K, used 27136K [0x00000000f5580000, 0x00000000f8480000, 0x0000000100000000)
  eden space 27136K, 100% used [0x00000000f5580000,0x00000000f7000000,0x00000000f7000000)
  from space 9728K, 0% used [0x00000000f7980000,0x00000000f7980000,0x00000000f8300000)
  to   space 9728K, 0% used [0x00000000f7000000,0x00000000f7000000,0x00000000f7980000)
 ParOldGen       total 349696K, used 349689K [0x00000000e0000000, 0x00000000f5580000, 0x00000000f5580000)
  object space 349696K, 99% used [0x00000000e0000000,0x00000000f557e458,0x00000000f5580000)
 Metaspace       used 60932K, committed 62144K, reserved 1105920K
  class space    used 6004K, committed 6464K, reserved 1048576K
}
Event: 1148.305 GC heap before
{Heap before GC invocations=647 (full 541):
 PSYoungGen      total 36864K, used 27136K [0x00000000f5580000, 0x00000000f8480000, 0x0000000100000000)
  eden space 27136K, 100% used [0x00000000f5580000,0x00000000f7000000,0x00000000f7000000)
  from space 9728K, 0% used [0x00000000f7980000,0x00000000f7980000,0x00000000f8300000)
  to   space 9728K, 0% used [0x00000000f7000000,0x00000000f7000000,0x00000000f7980000)
 ParOldGen       total 349696K, used 349690K [0x00000000e0000000, 0x00000000f5580000, 0x00000000f5580000)
  object space 349696K, 99% used [0x00000000e0000000,0x00000000f557eba0,0x00000000f5580000)
 Metaspace       used 60932K, committed 62144K, reserved 1105920K
  class space    used 6004K, committed 6464K, reserved 1048576K
}
Event: 1150.708 GC heap after
{Heap after GC invocations=647 (full 541):
 PSYoungGen      total 36864K, used 27135K [0x00000000f5580000, 0x00000000f8480000, 0x0000000100000000)
  eden space 27136K, 99% used [0x00000000f5580000,0x00000000f6ffff50,0x00000000f7000000)
  from space 9728K, 0% used [0x00000000f7000000,0x00000000f7000000,0x00000000f7980000)
  to   space 9728K, 0% used [0x00000000f7980000,0x00000000f7980000,0x00000000f8300000)
 ParOldGen       total 349696K, used 349690K [0x00000000e0000000, 0x00000000f5580000, 0x00000000f5580000)
  object space 349696K, 99% used [0x00000000e0000000,0x00000000f557eb28,0x00000000f5580000)
 Metaspace       used 60932K, committed 62144K, reserved 1105920K
  class space    used 6004K, committed 6464K, reserved 1048576K
}
Event: 1150.717 GC heap before
{Heap before GC invocations=648 (full 542):
 PSYoungGen      total 36864K, used 27135K [0x00000000f5580000, 0x00000000f8480000, 0x0000000100000000)
  eden space 27136K, 99% used [0x00000000f5580000,0x00000000f6ffff80,0x00000000f7000000)
  from space 9728K, 0% used [0x00000000f7000000,0x00000000f7000000,0x00000000f7980000)
  to   space 9728K, 0% used [0x00000000f7980000,0x00000000f7980000,0x00000000f8300000)
 ParOldGen       total 349696K, used 349690K [0x00000000e0000000, 0x00000000f5580000, 0x00000000f5580000)
  object space 349696K, 99% used [0x00000000e0000000,0x00000000f557eb28,0x00000000f5580000)
 Metaspace       used 60932K, committed 62144K, reserved 1105920K
  class space    used 6004K, committed 6464K, reserved 1048576K
}
Event: 1152.544 GC heap after
{Heap after GC invocations=648 (full 542):
 PSYoungGen      total 36864K, used 27135K [0x00000000f5580000, 0x00000000f8480000, 0x0000000100000000)
  eden space 27136K, 99% used [0x00000000f5580000,0x00000000f6ffff80,0x00000000f7000000)
  from space 9728K, 0% used [0x00000000f7980000,0x00000000f7980000,0x00000000f8300000)
  to   space 9728K, 0% used [0x00000000f7000000,0x00000000f7000000,0x00000000f7980000)
 ParOldGen       total 349696K, used 349690K [0x00000000e0000000, 0x00000000f5580000, 0x00000000f5580000)
  object space 349696K, 99% used [0x00000000e0000000,0x00000000f557eb10,0x00000000f5580000)
 Metaspace       used 60932K, committed 62144K, reserved 1105920K
  class space    used 6004K, committed 6464K, reserved 1048576K
}
Event: 1152.558 GC heap before
{Heap before GC invocations=649 (full 543):
 PSYoungGen      total 36864K, used 27135K [0x00000000f5580000, 0x00000000f8480000, 0x0000000100000000)
  eden space 27136K, 99% used [0x00000000f5580000,0x00000000f6fffff8,0x00000000f7000000)
  from space 9728K, 0% used [0x00000000f7980000,0x00000000f7980000,0x00000000f8300000)
  to   space 9728K, 0% used [0x00000000f7000000,0x00000000f7000000,0x00000000f7980000)
 ParOldGen       total 349696K, used 349695K [0x00000000e0000000, 0x00000000f5580000, 0x00000000f5580000)
  object space 349696K, 99% used [0x00000000e0000000,0x00000000f557fd30,0x00000000f5580000)
 Metaspace       used 60932K, committed 62144K, reserved 1105920K
  class space    used 6004K, committed 6464K, reserved 1048576K
}
Event: 1154.256 GC heap after
{Heap after GC invocations=649 (full 543):
 PSYoungGen      total 36864K, used 27134K [0x00000000f5580000, 0x00000000f8480000, 0x0000000100000000)
  eden space 27136K, 99% used [0x00000000f5580000,0x00000000f6fffbf8,0x00000000f7000000)
  from space 9728K, 0% used [0x00000000f7000000,0x00000000f7000000,0x00000000f7980000)
  to   space 9728K, 0% used [0x00000000f7980000,0x00000000f7980000,0x00000000f8300000)
 ParOldGen       total 349696K, used 349695K [0x00000000e0000000, 0x00000000f5580000, 0x00000000f5580000)
  object space 349696K, 99% used [0x00000000e0000000,0x00000000f557fc10,0x00000000f5580000)
 Metaspace       used 60932K, committed 62144K, reserved 1105920K
  class space    used 6004K, committed 6464K, reserved 1048576K
}
Event: 1154.257 GC heap before
{Heap before GC invocations=650 (full 544):
 PSYoungGen      total 36864K, used 27135K [0x00000000f5580000, 0x00000000f8480000, 0x0000000100000000)
  eden space 27136K, 99% used [0x00000000f5580000,0x00000000f6fffeb8,0x00000000f7000000)
  from space 9728K, 0% used [0x00000000f7000000,0x00000000f7000000,0x00000000f7980000)
  to   space 9728K, 0% used [0x00000000f7980000,0x00000000f7980000,0x00000000f8300000)
 ParOldGen       total 349696K, used 349695K [0x00000000e0000000, 0x00000000f5580000, 0x00000000f5580000)
  object space 349696K, 99% used [0x00000000e0000000,0x00000000f557fc10,0x00000000f5580000)
 Metaspace       used 60932K, committed 62144K, reserved 1105920K
  class space    used 6004K, committed 6464K, reserved 1048576K
}
Event: 1156.893 GC heap after
{Heap after GC invocations=650 (full 544):
 PSYoungGen      total 36864K, used 27135K [0x00000000f5580000, 0x00000000f8480000, 0x0000000100000000)
  eden space 27136K, 99% used [0x00000000f5580000,0x00000000f6fffeb8,0x00000000f7000000)
  from space 9728K, 0% used [0x00000000f7980000,0x00000000f7980000,0x00000000f8300000)
  to   space 9728K, 0% used [0x00000000f7000000,0x00000000f7000000,0x00000000f7980000)
 ParOldGen       total 349696K, used 349694K [0x00000000e0000000, 0x00000000f5580000, 0x00000000f5580000)
  object space 349696K, 99% used [0x00000000e0000000,0x00000000f557fba8,0x00000000f5580000)
 Metaspace       used 60932K, committed 62144K, reserved 1105920K
  class space    used 6004K, committed 6464K, reserved 1048576K
}
Event: 1156.894 GC heap before
{Heap before GC invocations=651 (full 545):
 PSYoungGen      total 36864K, used 27136K [0x00000000f5580000, 0x00000000f8480000, 0x0000000100000000)
  eden space 27136K, 100% used [0x00000000f5580000,0x00000000f7000000,0x00000000f7000000)
  from space 9728K, 0% used [0x00000000f7980000,0x00000000f7980000,0x00000000f8300000)
  to   space 9728K, 0% used [0x00000000f7000000,0x00000000f7000000,0x00000000f7980000)
 ParOldGen       total 349696K, used 349695K [0x00000000e0000000, 0x00000000f5580000, 0x00000000f5580000)
  object space 349696K, 99% used [0x00000000e0000000,0x00000000f557ff38,0x00000000f5580000)
 Metaspace       used 60932K, committed 62144K, reserved 1105920K
  class space    used 6004K, committed 6464K, reserved 1048576K
}
Event: 1158.435 GC heap after
{Heap after GC invocations=651 (full 545):
 PSYoungGen      total 36864K, used 27135K [0x00000000f5580000, 0x00000000f8480000, 0x0000000100000000)
  eden space 27136K, 99% used [0x00000000f5580000,0x00000000f6fffff0,0x00000000f7000000)
  from space 9728K, 0% used [0x00000000f7000000,0x00000000f7000000,0x00000000f7980000)
  to   space 9728K, 0% used [0x00000000f7980000,0x00000000f7980000,0x00000000f8300000)
 ParOldGen       total 349696K, used 349695K [0x00000000e0000000, 0x00000000f5580000, 0x00000000f5580000)
  object space 349696K, 99% used [0x00000000e0000000,0x00000000f557ff38,0x00000000f5580000)
 Metaspace       used 60932K, committed 62144K, reserved 1105920K
  class space    used 6004K, committed 6464K, reserved 1048576K
}
Event: 1158.435 GC heap before
{Heap before GC invocations=652 (full 546):
 PSYoungGen      total 36864K, used 27135K [0x00000000f5580000, 0x00000000f8480000, 0x0000000100000000)
  eden space 27136K, 99% used [0x00000000f5580000,0x00000000f6fffff0,0x00000000f7000000)
  from space 9728K, 0% used [0x00000000f7000000,0x00000000f7000000,0x00000000f7980000)
  to   space 9728K, 0% used [0x00000000f7980000,0x00000000f7980000,0x00000000f8300000)
 ParOldGen       total 349696K, used 349695K [0x00000000e0000000, 0x00000000f5580000, 0x00000000f5580000)
  object space 349696K, 99% used [0x00000000e0000000,0x00000000f557ff38,0x00000000f5580000)
 Metaspace       used 60932K, committed 62144K, reserved 1105920K
  class space    used 6004K, committed 6464K, reserved 1048576K
}
Event: 1160.124 GC heap after
{Heap after GC invocations=652 (full 546):
 PSYoungGen      total 36864K, used 27135K [0x00000000f5580000, 0x00000000f8480000, 0x0000000100000000)
  eden space 27136K, 99% used [0x00000000f5580000,0x00000000f6fffff0,0x00000000f7000000)
  from space 9728K, 0% used [0x00000000f7980000,0x00000000f7980000,0x00000000f8300000)
  to   space 9728K, 0% used [0x00000000f7000000,0x00000000f7000000,0x00000000f7980000)
 ParOldGen       total 349696K, used 349695K [0x00000000e0000000, 0x00000000f5580000, 0x00000000f5580000)
  object space 349696K, 99% used [0x00000000e0000000,0x00000000f557ff38,0x00000000f5580000)
 Metaspace       used 60932K, committed 62144K, reserved 1105920K
  class space    used 6004K, committed 6464K, reserved 1048576K
}

Dll operation events (9 events):
Event: 0.002 Loaded shared library /nix/store/gpxl5qgg8kicmcvivwmybwjlpf7wh20l-graalvm17-ce-22.3.0/lib/libjava.so
Event: 0.014 Loaded shared library /nix/store/gpxl5qgg8kicmcvivwmybwjlpf7wh20l-graalvm17-ce-22.3.0/lib/libjsvml.so
Event: 0.325 Loaded shared library /nix/store/gpxl5qgg8kicmcvivwmybwjlpf7wh20l-graalvm17-ce-22.3.0/lib/libnio.so
Event: 0.400 Loaded shared library /nix/store/gpxl5qgg8kicmcvivwmybwjlpf7wh20l-graalvm17-ce-22.3.0/lib/libzip.so
Event: 0.403 Loaded shared library /nix/store/gpxl5qgg8kicmcvivwmybwjlpf7wh20l-graalvm17-ce-22.3.0/lib/libjvmcicompiler.so
Event: 0.705 Loaded shared library /nix/store/gpxl5qgg8kicmcvivwmybwjlpf7wh20l-graalvm17-ce-22.3.0/lib/libjimage.so
Event: 1.204 Loaded shared library /nix/store/gpxl5qgg8kicmcvivwmybwjlpf7wh20l-graalvm17-ce-22.3.0/lib/libnet.so
Event: 4.339 Loaded shared library /home/runner/.cache/jdt-language-server/config/org.eclipse.equinox.launcher/org.eclipse.equinox.launcher.gtk.linux.x86_64_1.2.400.v20211117-0650/eclipse_11600.so
Event: 13.900 Loaded shared library /nix/store/gpxl5qgg8kicmcvivwmybwjlpf7wh20l-graalvm17-ce-22.3.0/lib/libextnet.so

Deoptimization events (20 events):
Event: 104.710 Thread 0x00007f7078498b20 DEOPT PACKING pc=0x00007f70c829f65d sp=0x00007f708e5fe530
Event: 104.710 Thread 0x00007f7078498b20 DEOPT UNPACKING pc=0x00007f70c7505325 sp=0x00007f708e5fda20 mode 0
Event: 104.723 Thread 0x00007f7078498b20 DEOPT PACKING pc=0x00007f70c829f5ec sp=0x00007f708e5fe530
Event: 104.723 Thread 0x00007f7078498b20 DEOPT UNPACKING pc=0x00007f70c7505325 sp=0x00007f708e5fda20 mode 0
Event: 104.729 Thread 0x00007f7078498b20 DEOPT PACKING pc=0x00007f70c829f65d sp=0x00007f708e5fe530
Event: 104.729 Thread 0x00007f7078498b20 DEOPT UNPACKING pc=0x00007f70c7505325 sp=0x00007f708e5fda20 mode 0
Event: 104.730 Thread 0x00007f7078498b20 DEOPT PACKING pc=0x00007f70c829f65d sp=0x00007f708e5fe530
Event: 104.730 Thread 0x00007f7078498b20 DEOPT UNPACKING pc=0x00007f70c7505325 sp=0x00007f708e5fda20 mode 0
Event: 104.732 Thread 0x00007f7078498b20 DEOPT PACKING pc=0x00007f70c829f65d sp=0x00007f708e5fe530
Event: 104.732 Thread 0x00007f7078498b20 DEOPT UNPACKING pc=0x00007f70c7505325 sp=0x00007f708e5fda20 mode 0
Event: 104.733 Thread 0x00007f7078498b20 DEOPT PACKING pc=0x00007f70c829f5ec sp=0x00007f708e5fe530
Event: 104.733 Thread 0x00007f7078498b20 DEOPT UNPACKING pc=0x00007f70c7505325 sp=0x00007f708e5fda20 mode 0
Event: 430.606 Thread 0x00007f70900023a0 Uncommon trap: trap_request=0xffffffed fr.pc=0x00007f70cf2251db relative=0x000000000000005b
Event: 430.606 Thread 0x00007f70900023a0 Uncommon trap: reason=null_assert_or_unreached0 action=reinterpret pc=0x00007f70cf2251db method=java.lang.Thread.interrupted()Z @ 8 jvmci
Event: 430.606 Thread 0x00007f70900023a0 DEOPT PACKING pc=0x00007f70cf2251db sp=0x00007f70c44fe650
Event: 430.606 Thread 0x00007f70900023a0 DEOPT UNPACKING pc=0x00007f70c7505325 sp=0x00007f70c44fdae0 mode 3
Event: 545.740 Thread 0x00007f70e00b2200 Uncommon trap: trap_request=0xffffffcd fr.pc=0x00007f70cf22611c relative=0x0000000000000c3c
Event: 545.740 Thread 0x00007f70e00b2200 Uncommon trap: reason=intrinsic_or_type_checked_inlining action=reinterpret pc=0x00007f70cf22611c method=java.io.DataOutputStream.write([BII)V @ 0 jvmci
Event: 545.740 Thread 0x00007f70e00b2200 DEOPT PACKING pc=0x00007f70cf22611c sp=0x00007f70c74b0fb0
Event: 545.740 Thread 0x00007f70e00b2200 DEOPT UNPACKING pc=0x00007f70c7505325 sp=0x00007f70c74b03d0 mode 3

Classes unloaded (20 events):
Event: 115.465 Thread 0x00007f70e00a1c10 Unloading class 0x0000000800ef4000 'jdk/internal/reflect/GeneratedConstructorAccessor8'
Event: 115.465 Thread 0x00007f70e00a1c10 Unloading class 0x0000000800da1000 'java/lang/invoke/LambdaForm$MH+0x0000000800da1000'
Event: 115.465 Thread 0x00007f70e00a1c10 Unloading class 0x0000000800da0c00 'java/lang/invoke/LambdaForm$MH+0x0000000800da0c00'
Event: 115.465 Thread 0x00007f70e00a1c10 Unloading class 0x0000000800da0800 'java/lang/invoke/LambdaForm$MH+0x0000000800da0800'
Event: 115.465 Thread 0x00007f70e00a1c10 Unloading class 0x0000000800da0400 'java/lang/invoke/LambdaForm$MH+0x0000000800da0400'
Event: 115.465 Thread 0x00007f70e00a1c10 Unloading class 0x0000000800da0000 'jdk/internal/reflect/GeneratedConstructorAccessor3'
Event: 115.465 Thread 0x00007f70e00a1c10 Unloading class 0x0000000800d02400 'java/lang/invoke/LambdaForm$MH+0x0000000800d02400'
Event: 115.465 Thread 0x00007f70e00a1c10 Unloading class 0x0000000800d01c00 'java/lang/invoke/LambdaForm$MH+0x0000000800d01c00'
Event: 115.465 Thread 0x00007f70e00a1c10 Unloading class 0x0000000800d01800 'java/lang/invoke/LambdaForm$MH+0x0000000800d01800'
Event: 115.465 Thread 0x00007f70e00a1c10 Unloading class 0x0000000800d01400 'java/lang/invoke/LambdaForm$MH+0x0000000800d01400'
Event: 115.465 Thread 0x00007f70e00a1c10 Unloading class 0x0000000800d00c00 'java/lang/invoke/LambdaForm$MH+0x0000000800d00c00'
Event: 115.465 Thread 0x00007f70e00a1c10 Unloading class 0x0000000800d00800 'java/lang/invoke/LambdaForm$MH+0x0000000800d00800'
Event: 115.465 Thread 0x00007f70e00a1c10 Unloading class 0x0000000800d00400 'java/lang/invoke/LambdaForm$MH+0x0000000800d00400'
Event: 115.465 Thread 0x00007f70e00a1c10 Unloading class 0x0000000800cbe400 'java/lang/invoke/LambdaForm$MH+0x0000000800cbe400'
Event: 115.465 Thread 0x00007f70e00a1c10 Unloading class 0x0000000800c1d000 'jdk/internal/reflect/GeneratedMethodAccessor5'
Event: 115.465 Thread 0x00007f70e00a1c10 Unloading class 0x0000000800c1cc00 'jdk/internal/reflect/GeneratedMethodAccessor4'
Event: 115.465 Thread 0x00007f70e00a1c10 Unloading class 0x0000000800c1c800 'jdk/internal/reflect/GeneratedMethodAccessor3'
Event: 115.465 Thread 0x00007f70e00a1c10 Unloading class 0x0000000800c1c400 'jdk/internal/reflect/GeneratedMethodAccessor2'
Event: 115.465 Thread 0x00007f70e00a1c10 Unloading class 0x0000000800c1c000 'jdk/internal/reflect/GeneratedMethodAccessor1'
Event: 115.465 Thread 0x00007f70e00a1c10 Unloading class 0x0000000800c01c00 'java/lang/invoke/LambdaForm$DMH+0x0000000800c01c00'

Classes redefined (0 events):
No events

Internal exceptions (20 events):
Event: 53.878 Thread 0x00007f706c001940 Exception <a 'java/lang/NoSuchMethodError'{0x00000000f589d818}: 'java.lang.Object java.lang.invoke.Invokers$Holder.linkToTargetMethod(java.lang.Object, java.lang.Object, int, java.lang.Object, java.lang.Object)'> (0x00000000f589d818) 
thrown [src/hotspot/share/interpreter/linkResolver.cpp, line 758]
Event: 58.178 Thread 0x00007f707412f520 Exception <a 'java/lang/NoSuchMethodError'{0x00000000f60f9b38}: 'void java.lang.invoke.DirectMethodHandle$Holder.invokeSpecial(java.lang.Object, java.lang.Object, int)'> (0x00000000f60f9b38) 
thrown [src/hotspot/share/interpreter/linkResolver.cpp, line 758]
Event: 59.243 Thread 0x00007f707412f520 Exception <a 'java/lang/ArrayIndexOutOfBoundsException'{0x00000000f66460b8}: Index 35 out of bounds for length 35> (0x00000000f66460b8) 
thrown [src/hotspot/share/interpreter/interpreterRuntime.cpp, line 428]
Event: 59.411 Thread 0x00007f707412f520 Exception <a 'java/lang/ArrayIndexOutOfBoundsException'{0x00000000f6abf940}: Index 35 out of bounds for length 35> (0x00000000f6abf940) 
thrown [src/hotspot/share/interpreter/interpreterRuntime.cpp, line 428]
Event: 59.500 Thread 0x00007f707412f520 Exception <a 'java/lang/ArrayIndexOutOfBoundsException'{0x00000000f6e4b298}: Index 35 out of bounds for length 35> (0x00000000f6e4b298) 
thrown [src/hotspot/share/interpreter/interpreterRuntime.cpp, line 428]
Event: 59.601 Thread 0x00007f707412f520 Exception <a 'java/lang/ArrayIndexOutOfBoundsException'{0x00000000f6f6ad40}: Index 35 out of bounds for length 35> (0x00000000f6f6ad40) 
thrown [src/hotspot/share/interpreter/interpreterRuntime.cpp, line 428]
Event: 59.798 Thread 0x00007f707412f520 Exception <a 'java/lang/ArrayIndexOutOfBoundsException'{0x00000000f7427c08}: Index 35 out of bounds for length 35> (0x00000000f7427c08) 
thrown [src/hotspot/share/interpreter/interpreterRuntime.cpp, line 428]
Event: 60.267 Thread 0x00007f707412f520 Exception <a 'java/lang/ArrayIndexOutOfBoundsException'{0x00000000f5af79b0}: Index 35 out of bounds for length 35> (0x00000000f5af79b0) 
thrown [src/hotspot/share/interpreter/interpreterRuntime.cpp, line 428]
Event: 60.553 Thread 0x00007f707412f520 Exception <a 'java/lang/ArrayIndexOutOfBoundsException'{0x00000000f5cea1e0}: Index 35 out of bounds for length 35> (0x00000000f5cea1e0) 
thrown [src/hotspot/share/interpreter/interpreterRuntime.cpp, line 428]
Event: 60.654 Thread 0x00007f707412f520 Exception <a 'java/lang/ArrayIndexOutOfBoundsException'{0x00000000f5f94500}: Index 35 out of bounds for length 35> (0x00000000f5f94500) 
thrown [src/hotspot/share/interpreter/interpreterRuntime.cpp, line 428]
Event: 60.802 Thread 0x00007f707412f520 Exception <a 'java/lang/ArrayIndexOutOfBoundsException'{0x00000000f60f7158}: Index 35 out of bounds for length 35> (0x00000000f60f7158) 
thrown [src/hotspot/share/interpreter/interpreterRuntime.cpp, line 428]
Event: 61.030 Thread 0x00007f707412f520 Exception <a 'java/lang/ArrayIndexOutOfBoundsException'{0x00000000f6f328c0}: Index 35 out of bounds for length 35> (0x00000000f6f328c0) 
thrown [src/hotspot/share/interpreter/interpreterRuntime.cpp, line 428]
Event: 61.434 Thread 0x00007f707412f520 Exception <a 'java/lang/ArrayIndexOutOfBoundsException'{0x00000000f5891d88}: Index 35 out of bounds for length 35> (0x00000000f5891d88) 
thrown [src/hotspot/share/interpreter/interpreterRuntime.cpp, line 428]
Event: 61.476 Thread 0x00007f707412f520 Exception <a 'java/lang/ArrayIndexOutOfBoundsException'{0x00000000f58f5688}: Index 35 out of bounds for length 35> (0x00000000f58f5688) 
thrown [src/hotspot/share/interpreter/interpreterRuntime.cpp, line 428]
Event: 61.604 Thread 0x00007f707412f520 Exception <a 'java/lang/NoSuchMethodError'{0x00000000f5b0cc98}: 'java.lang.Object java.lang.invoke.DirectMethodHandle$Holder.invokeStatic(java.lang.Object, int, java.lang.Object, java.lang.Object, java.lang.Object, java.lang.Object)'> (0x00000000f5b0cc98) 
thrown [src/hotspot/share/interpreter/linkResolver.cpp, line 758]
Event: 61.618 Thread 0x00007f707412f520 Exception <a 'java/lang/NoSuchMethodError'{0x00000000f5b151b8}: 'java.lang.Object java.lang.invoke.DirectMethodHandle$Holder.newInvokeSpecial(java.lang.Object, int, java.lang.Object, java.lang.Object, java.lang.Object)'> (0x00000000f5b151b8) 
thrown [src/hotspot/share/interpreter/linkResolver.cpp, line 758]
Event: 62.575 Thread 0x00007f707412f520 Exception <a 'java/lang/NoSuchMethodError'{0x00000000f6c39b88}: 'int java.lang.invoke.DirectMethodHandle$Holder.invokeSpecialIFC(java.lang.Object, java.lang.Object, java.lang.Object, java.lang.Object)'> (0x00000000f6c39b88) 
thrown [src/hotspot/share/interpreter/linkResolver.cpp, line 758]
Event: 1015.628 Thread 0x00007f7074059400 Exception <a 'java/lang/OutOfMemoryError'{0x00000000e0010e28}> (0x00000000e0010e28) 
thrown [src/hotspot/share/gc/shared/memAllocator.cpp, line 136]
Event: 1108.821 Thread 0x00007f707412f520 Exception <a 'java/lang/OutOfMemoryError'{0x00000000e00110f8}> (0x00000000e00110f8) 
thrown [src/hotspot/share/gc/shared/memAllocator.cpp, line 136]
Event: 1160.124 Thread 0x00007f70e00b2200 Exception <a 'java/lang/OutOfMemoryError'{0x00000000e00116e8}> (0x00000000e00116e8) 
thrown [src/hotspot/share/gc/shared/memAllocator.cpp, line 136]

VM Operations (20 events):
Event: 1138.417 Executing VM operation: ParallelGCFailedAllocation
Event: 1139.907 Executing VM operation: ParallelGCFailedAllocation done
Event: 1139.907 Executing VM operation: ParallelGCFailedAllocation
Event: 1141.223 Executing VM operation: ParallelGCFailedAllocation done
Event: 1141.224 Executing VM operation: ParallelGCFailedAllocation
Event: 1143.241 Executing VM operation: ParallelGCFailedAllocation done
Event: 1143.243 Executing VM operation: ParallelGCFailedAllocation
Event: 1145.723 Executing VM operation: ParallelGCFailedAllocation done
Event: 1145.731 Executing VM operation: ParallelGCFailedAllocation
Event: 1148.301 Executing VM operation: ParallelGCFailedAllocation done
Event: 1148.302 Executing VM operation: ParallelGCFailedAllocation
Event: 1150.716 Executing VM operation: ParallelGCFailedAllocation done
Event: 1150.717 Executing VM operation: ParallelGCFailedAllocation
Event: 1152.544 Executing VM operation: ParallelGCFailedAllocation done
Event: 1152.558 Executing VM operation: ParallelGCFailedAllocation
Event: 1154.257 Executing VM operation: ParallelGCFailedAllocation done
Event: 1154.257 Executing VM operation: ParallelGCFailedAllocation
Event: 1156.893 Executing VM operation: ParallelGCFailedAllocation done
Event: 1156.893 Executing VM operation: ParallelGCFailedAllocation
Event: 1160.124 Executing VM operation: ParallelGCFailedAllocation done

Events (20 events):
Event: 100.516 Thread 0x00007f70900035f0 Thread exited: 0x00007f70900035f0
Event: 118.311 Thread 0x00007f707831d550 Thread exited: 0x00007f707831d550
Event: 118.320 Thread 0x00007f70680010d0 Thread exited: 0x00007f70680010d0
Event: 118.334 Thread 0x00007f707885ba30 Thread exited: 0x00007f707885ba30
Event: 430.606 Thread 0x00007f70844276d0 Thread exited: 0x00007f70844276d0
Event: 478.047 Thread 0x00007f7084427f80 Thread exited: 0x00007f7084427f80
Event: 488.753 Thread 0x00007f70900023a0 Thread exited: 0x00007f70900023a0
Event: 701.086 Thread 0x00007f707412f520 Thread added: 0x00007f707412f520
Event: 701.087 Protecting memory [0x00007f70c4400000,0x00007f70c4404000] with protection modes 0
Event: 719.668 Thread 0x00007f7074059400 Thread added: 0x00007f7074059400
Event: 719.668 Protecting memory [0x00007f70c4600000,0x00007f70c4604000] with protection modes 0
Event: 841.846 Thread 0x00007f70e00b4b60 flushing nmethod 0x00007f70c8941d10
Event: 1015.628 loading class java/nio/charset/IllegalCharsetNameException
Event: 1015.628 loading class java/nio/charset/IllegalCharsetNameException done
Event: 1017.959 loading class java/util/concurrent/CompletionException
Event: 1017.959 loading class java/util/concurrent/CompletionException done
Event: 1091.886 loading class java/util/concurrent/CancellationException
Event: 1091.886 loading class java/util/concurrent/CancellationException done
Event: 1097.838 loading class java/util/logging/LogRecord
Event: 1097.838 loading class java/util/logging/LogRecord done


Dynamic libraries:
e0000000-f5580000 rw-p 00000000 00:00 0 
f5580000-f8480000 rw-p 00000000 00:00 0 
f8480000-100000000 ---p 00000000 00:00 0 
800000000-800449000 rw-p 00001000 00:162b 4611686019135357769            /nix/store/gpxl5qgg8kicmcvivwmybwjlpf7wh20l-graalvm17-ce-22.3.0/lib/server/classes.jsa
800449000-800bc8000 r--p 0044a000 00:162b 4611686019135357769            /nix/store/gpxl5qgg8kicmcvivwmybwjlpf7wh20l-graalvm17-ce-22.3.0/lib/server/classes.jsa
800bc8000-800c00000 ---p 00000000 00:00 0 
800c00000-800c20000 rw-p 00000000 00:00 0 
800c20000-800c40000 rw-p 00000000 00:00 0 
800c40000-800cc0000 rw-p 00000000 00:00 0 
800cc0000-800d00000 rw-p 00000000 00:00 0 
800d00000-800dc0000 rw-p 00000000 00:00 0 
800dc0000-800e00000 rw-p 00000000 00:00 0 
800e00000-800f40000 rw-p 00000000 00:00 0 
800f40000-800fc0000 rw-p 00000000 00:00 0 
800fc0000-801000000 rw-p 00000000 00:00 0 
801000000-801250000 rw-p 00000000 00:00 0 
801250000-840c00000 ---p 00000000 00:00 0 
559744bb4000-559744bb5000 r-xp 00000000 00:162b 4611686019099417844      /nix/store/gpxl5qgg8kicmcvivwmybwjlpf7wh20l-graalvm17-ce-22.3.0/bin/.java-wrapped
559744bb6000-559744bb7000 r--p 00001000 00:162b 4611686019099417844      /nix/store/gpxl5qgg8kicmcvivwmybwjlpf7wh20l-graalvm17-ce-22.3.0/bin/.java-wrapped
559744bb7000-559744bb8000 rw-p 00002000 00:162b 4611686019099417844      /nix/store/gpxl5qgg8kicmcvivwmybwjlpf7wh20l-graalvm17-ce-22.3.0/bin/.java-wrapped
559744bb8000-559744bb9000 rw-p 00004000 00:162b 4611686019099417844      /nix/store/gpxl5qgg8kicmcvivwmybwjlpf7wh20l-graalvm17-ce-22.3.0/bin/.java-wrapped
559744bb9000-559744bba000 rw-p 00005000 00:162b 4611686019099417844      /nix/store/gpxl5qgg8kicmcvivwmybwjlpf7wh20l-graalvm17-ce-22.3.0/bin/.java-wrapped
559744fbf000-559745049000 rw-p 00000000 00:00 0                          [heap]
7f7058000000-7f70586c0000 rw-p 00000000 00:00 0 
7f70586c0000-7f7058800000 ---p 00000000 00:00 0 
7f7059c00000-7f7059f00000 rw-p 00000000 00:00 0 
7f7059f00000-7f7059fa0000 rw-p 00000000 00:00 0 
7f7059fa0000-7f705a000000 ---p 00000000 00:00 0 
7f705a000000-7f705a1a0000 rw-p 00000000 00:00 0 
7f705a1a0000-7f705a400000 rw-p 00000000 00:00 0 
7f705a4b3000-7f7064000000 r--s 00000000 00:162b 4611686019135192581      /nix/store/gpxl5qgg8kicmcvivwmybwjlpf7wh20l-graalvm17-ce-22.3.0/lib/modules
7f7064000000-7f7064021000 rw-p 00000000 00:00 0 
7f7064021000-7f7068000000 ---p 00000000 00:00 0 
7f7068000000-7f7068336000 rw-p 00000000 00:00 0 
7f7068336000-7f706c000000 ---p 00000000 00:00 0 
7f706c000000-7f706c0ea000 rw-p 00000000 00:00 0 
7f706c0ea000-7f7070000000 ---p 00000000 00:00 0 
7f7070000000-7f7070021000 rw-p 00000000 00:00 0 
7f7070021000-7f7074000000 ---p 00000000 00:00 0 
7f7074000000-7f70741b8000 rw-p 00000000 00:00 0 
7f70741b8000-7f7078000000 ---p 00000000 00:00 0 
7f7078000000-7f70788d2000 rw-p 00000000 00:00 0 
7f70788d2000-7f707c000000 ---p 00000000 00:00 0 
7f707d400000-7f707d700000 rw-p 00000000 00:00 0 
7f707d700000-7f707d800000 rw-p 00000000 00:00 0 
7f707d800000-7f707dc00000 rw-p 00000000 00:00 0 
7f707dc00000-7f707dc80000 rw-p 00000000 00:00 0 
7f707dc80000-7f707dd00000 rw-p 00000000 00:00 0 
7f707dd00000-7f707dec0000 rw-p 00000000 00:00 0 
7f707dec0000-7f707df00000 rw-p 00000000 00:00 0 
7f707df00000-7f707e100000 rw-p 00000000 00:00 0 
7f707e100000-7f707e200000 rw-p 00000000 00:00 0 
7f707e200000-7f707e400000 rw-p 00000000 00:00 0 
7f707e400000-7f707e500000 rw-p 00000000 00:00 0 
7f707e500000-7f707e600000 rw-p 00000000 00:00 0 
7f707e600000-7f707ec00000 rw-p 00000000 00:00 0 
7f707ec00000-7f707ed00000 rw-p 00000000 00:00 0 
7f707ed00000-7f707ee00000 rw-p 00000000 00:00 0 
7f707ee00000-7f707f100000 rw-p 00000000 00:00 0 
7f707f100000-7f707f200000 rw-p 00000000 00:00 0 
7f707f200000-7f707f400000 rw-p 00000000 00:00 0 
7f707f400000-7f707f410000 r-xp 00000000 00:15f8 356                      /home/runner/.cache/jdt-language-server/config/org.eclipse.equinox.launcher/org.eclipse.equinox.launcher.gtk.linux.x86_64_1.2.400.v20211117-0650/eclipse_11600.so
7f707f410000-7f707f60f000 ---p 00010000 00:15f8 356                      /home/runner/.cache/jdt-language-server/config/org.eclipse.equinox.launcher/org.eclipse.equinox.launcher.gtk.linux.x86_64_1.2.400.v20211117-0650/eclipse_11600.so
7f707f60f000-7f707f610000 r--p 0000f000 00:15f8 356                      /home/runner/.cache/jdt-language-server/config/org.eclipse.equinox.launcher/org.eclipse.equinox.launcher.gtk.linux.x86_64_1.2.400.v20211117-0650/eclipse_11600.so
7f707f610000-7f707f611000 rw-p 00010000 00:15f8 356                      /home/runner/.cache/jdt-language-server/config/org.eclipse.equinox.launcher/org.eclipse.equinox.launcher.gtk.linux.x86_64_1.2.400.v20211117-0650/eclipse_11600.so
7f7080000000-7f7080021000 rw-p 00000000 00:00 0 
7f7080021000-7f7084000000 ---p 00000000 00:00 0 
7f7084000000-7f7084614000 rw-p 00000000 00:00 0 
7f7084614000-7f7088000000 ---p 00000000 00:00 0 
7f7088000000-7f7088021000 rw-p 00000000 00:00 0 
7f7088021000-7f708c000000 ---p 00000000 00:00 0 
7f708c700000-7f708c800000 ---p 00000000 00:00 0 
7f708c800000-7f708cdaf000 r--p 01122000 00:162b 4611686019135190040      /nix/store/gpxl5qgg8kicmcvivwmybwjlpf7wh20l-graalvm17-ce-22.3.0/lib/libjvmcicompiler.so
7f708cdaf000-7f708cf00000 r--p 00000000 00:00 0 
7f708cf00000-7f708cf3d000 rw-p 00000000 00:00 0 
7f708cf3d000-7f708d45d000 rw-p 0185f000 00:162b 4611686019135190040      /nix/store/gpxl5qgg8kicmcvivwmybwjlpf7wh20l-graalvm17-ce-22.3.0/lib/libjvmcicompiler.so
7f708d45d000-7f708d844000 r--p 01d7f000 00:162b 4611686019135190040      /nix/store/gpxl5qgg8kicmcvivwmybwjlpf7wh20l-graalvm17-ce-22.3.0/lib/libjvmcicompiler.so
7f708d900000-7f708d904000 ---p 00000000 00:00 0 
7f708d904000-7f708da00000 rw-p 00000000 00:00 0 
7f708db00000-7f708db04000 ---p 00000000 00:00 0 
7f708db04000-7f708dc00000 rw-p 00000000 00:00 0 
7f708dd00000-7f708dd04000 ---p 00000000 00:00 0 
7f708dd04000-7f708de00000 rw-p 00000000 00:00 0 
7f708df00000-7f708df04000 ---p 00000000 00:00 0 
7f708df04000-7f708e000000 rw-p 00000000 00:00 0 
7f708e100000-7f708e104000 ---p 00000000 00:00 0 
7f708e104000-7f708e200000 rw-p 00000000 00:00 0 
7f708e200000-7f708e204000 ---p 00000000 00:00 0 
7f708e204000-7f708e300000 rw-p 00000000 00:00 0 
7f708e300000-7f708e304000 ---p 00000000 00:00 0 
7f708e304000-7f708e400000 rw-p 00000000 00:00 0 
7f708e400000-7f708e404000 ---p 00000000 00:00 0 
7f708e404000-7f708e500000 rw-p 00000000 00:00 0 
7f708e500000-7f708e504000 ---p 00000000 00:00 0 
7f708e504000-7f708e600000 rw-p 00000000 00:00 0 
7f708e600000-7f708e604000 ---p 00000000 00:00 0 
7f708e604000-7f708e700000 rw-p 00000000 00:00 0 
7f708e700000-7f708e704000 ---p 00000000 00:00 0 
7f708e704000-7f708e800000 rw-p 00000000 00:00 0 
7f708e900000-7f708e904000 ---p 00000000 00:00 0 
7f708e904000-7f708ea00000 rw-p 00000000 00:00 0 
7f708eb00000-7f708eb04000 ---p 00000000 00:00 0 
7f708eb04000-7f708ec00000 rw-p 00000000 00:00 0 
7f708ed00000-7f708ed04000 ---p 00000000 00:00 0 
7f708ed04000-7f708ee00000 rw-p 00000000 00:00 0 
7f708fa68000-7f708ff00000 rw-p 00000000 00:00 0 
7f7090000000-7f7090021000 rw-p 00000000 00:00 0 
7f7090021000-7f7094000000 ---p 00000000 00:00 0 
7f7094000000-7f7094021000 rw-p 00000000 00:00 0 
7f7094021000-7f7098000000 ---p 00000000 00:00 0 
7f7098000000-7f7098021000 rw-p 00000000 00:00 0 
7f7098021000-7f709c000000 ---p 00000000 00:00 0 
7f709c000000-7f709c021000 rw-p 00000000 00:00 0 
7f709c021000-7f70a0000000 ---p 00000000 00:00 0 
7f70a0000000-7f70a00dd000 rw-p 00000000 00:00 0 
7f70a00dd000-7f70a4000000 ---p 00000000 00:00 0 
7f70a4000000-7f70a4bb4000 rw-p 00000000 00:00 0 
7f70a4bb4000-7f70a8000000 ---p 00000000 00:00 0 
7f70a8000000-7f70a814b000 rw-p 00000000 00:00 0 
7f70a814b000-7f70ac000000 ---p 00000000 00:00 0 
7f70ac000000-7f70ac021000 rw-p 00000000 00:00 0 
7f70ac021000-7f70b0000000 ---p 00000000 00:00 0 
7f70b0000000-7f70b0021000 rw-p 00000000 00:00 0 
7f70b0021000-7f70b4000000 ---p 00000000 00:00 0 
7f70b4000000-7f70b4021000 rw-p 00000000 00:00 0 
7f70b4021000-7f70b8000000 ---p 00000000 00:00 0 
7f70b8000000-7f70b8021000 rw-p 00000000 00:00 0 
7f70b8021000-7f70bc000000 ---p 00000000 00:00 0 
7f70bc000000-7f70bc021000 rw-p 00000000 00:00 0 
7f70bc021000-7f70c0000000 ---p 00000000 00:00 0 
7f70c0000000-7f70c0062000 rw-p 00000000 00:00 0 
7f70c0062000-7f70c4000000 ---p 00000000 00:00 0 
7f70c4100000-7f70c4104000 ---p 00000000 00:00 0 
7f70c4104000-7f70c4200000 rw-p 00000000 00:00 0 
7f70c4300000-7f70c4304000 ---p 00000000 00:00 0 
7f70c4304000-7f70c4400000 rw-p 00000000 00:00 0 
7f70c4400000-7f70c4404000 ---p 00000000 00:00 0 
7f70c4404000-7f70c4500000 rw-p 00000000 00:00 0 
7f70c4500000-7f70c4504000 ---p 00000000 00:00 0 
7f70c4504000-7f70c4600000 rw-p 00000000 00:00 0 
7f70c4600000-7f70c4604000 ---p 00000000 00:00 0 
7f70c4604000-7f70c4700000 rw-p 00000000 00:00 0 
7f70c4700000-7f70c4704000 ---p 00000000 00:00 0 
7f70c4704000-7f70c4800000 rw-p 00000000 00:00 0 
7f70c4800000-7f70c4804000 ---p 00000000 00:00 0 
7f70c4804000-7f70c4900000 rw-p 00000000 00:00 0 
7f70c4900000-7f70c4904000 ---p 00000000 00:00 0 
7f70c4904000-7f70c4a00000 rw-p 00000000 00:00 0 
7f70c4a00000-7f70c6b6a000 r-xp 00000000 00:162b 4611686019135190040      /nix/store/gpxl5qgg8kicmcvivwmybwjlpf7wh20l-graalvm17-ce-22.3.0/lib/libjvmcicompiler.so
7f70c6b6a000-7f70c6d69000 ---p 0216a000 00:162b 4611686019135190040      /nix/store/gpxl5qgg8kicmcvivwmybwjlpf7wh20l-graalvm17-ce-22.3.0/lib/libjvmcicompiler.so
7f70c6d69000-7f70c6d6a000 r--p 02169000 00:162b 4611686019135190040      /nix/store/gpxl5qgg8kicmcvivwmybwjlpf7wh20l-graalvm17-ce-22.3.0/lib/libjvmcicompiler.so
7f70c6d6a000-7f70c6d6c000 rw-p 0216a000 00:162b 4611686019135190040      /nix/store/gpxl5qgg8kicmcvivwmybwjlpf7wh20l-graalvm17-ce-22.3.0/lib/libjvmcicompiler.so
7f70c6d6c000-7f70c6d6d000 rw-p 00000000 00:00 0 
7f70c6d6d000-7f70c6d72000 rw-p 023c3000 00:162b 4611686019135190040      /nix/store/gpxl5qgg8kicmcvivwmybwjlpf7wh20l-graalvm17-ce-22.3.0/lib/libjvmcicompiler.so
7f70c6d74000-7f70c6d78000 ---p 00000000 00:00 0 
7f70c6d78000-7f70c6d96000 rw-p 00000000 00:00 0 
7f70c6d96000-7f70c6dab000 r-xp 00000000 00:162b 4611686019135192570      /nix/store/gpxl5qgg8kicmcvivwmybwjlpf7wh20l-graalvm17-ce-22.3.0/lib/libnet.so
7f70c6dab000-7f70c6dac000 ---p 00015000 00:162b 4611686019135192570      /nix/store/gpxl5qgg8kicmcvivwmybwjlpf7wh20l-graalvm17-ce-22.3.0/lib/libnet.so
7f70c6dac000-7f70c6dad000 r--p 00015000 00:162b 4611686019135192570      /nix/store/gpxl5qgg8kicmcvivwmybwjlpf7wh20l-graalvm17-ce-22.3.0/lib/libnet.so
7f70c6dad000-7f70c6dae000 rw-p 00016000 00:162b 4611686019135192570      /nix/store/gpxl5qgg8kicmcvivwmybwjlpf7wh20l-graalvm17-ce-22.3.0/lib/libnet.so
7f70c6dae000-7f70c6db1000 rw-p 0001b000 00:162b 4611686019135192570      /nix/store/gpxl5qgg8kicmcvivwmybwjlpf7wh20l-graalvm17-ce-22.3.0/lib/libnet.so
7f70c6db1000-7f70c6db2000 ---p 00000000 00:00 0 
7f70c6db2000-7f70c6eb3000 rw-p 00000000 00:00 0 
7f70c6eb3000-7f70c6eb7000 ---p 00000000 00:00 0 
7f70c6eb7000-7f70c6fb3000 rw-p 00000000 00:00 0 
7f70c6fb3000-7f70c6fb7000 ---p 00000000 00:00 0 
7f70c6fb7000-7f70c70b3000 rw-p 00000000 00:00 0 
7f70c70b3000-7f70c70b7000 ---p 00000000 00:00 0 
7f70c70b7000-7f70c72b3000 rw-p 00000000 00:00 0 
7f70c72b3000-7f70c72b7000 ---p 00000000 00:00 0 
7f70c72b7000-7f70c74b3000 rw-p 00000000 00:00 0 
7f70c74b3000-7f70c7723000 rwxp 00000000 00:00 0 
7f70c7723000-7f70c7a42000 ---p 00000000 00:00 0 
7f70c7a42000-7f70c8a12000 rwxp 00000000 00:00 0 
7f70c8a12000-7f70cef7a000 ---p 00000000 00:00 0 
7f70cef7a000-7f70cf23a000 rwxp 00000000 00:00 0 
7f70cf23a000-7f70d64b3000 ---p 00000000 00:00 0 
7f70d64b3000-7f70e0000000 r--s 00000000 00:162b 4611686019135192581      /nix/store/gpxl5qgg8kicmcvivwmybwjlpf7wh20l-graalvm17-ce-22.3.0/lib/modules
7f70e0000000-7f70e0652000 rw-p 00000000 00:00 0 
7f70e0652000-7f70e4000000 ---p 00000000 00:00 0 
7f70e401a000-7f70e401e000 ---p 00000000 00:00 0 
7f70e401e000-7f70e411a000 rw-p 00000000 00:00 0 
7f70e411a000-7f70e411e000 ---p 00000000 00:00 0 
7f70e411e000-7f70e421a000 rw-p 00000000 00:00 0 
7f70e421a000-7f70e421e000 ---p 00000000 00:00 0 
7f70e421e000-7f70e431a000 rw-p 00000000 00:00 0 
7f70e431a000-7f70e431e000 ---p 00000000 00:00 0 
7f70e431e000-7f70e441a000 rw-p 00000000 00:00 0 
7f70e441a000-7f70e4700000 r--p 00000000 00:14fd 28444448                 /usr/lib/locale/locale-archive
7f70e4700000-7f70e4704000 ---p 00000000 00:00 0 
7f70e4704000-7f70e4c00000 rw-p 00000000 00:00 0 
7f70e4c00000-7f70e4f00000 rw-p 00000000 00:00 0 
7f70e4f00000-7f70e5000000 rw-p 00000000 00:00 0 
7f70e5000000-7f70e5002000 r-xp 00000000 00:162b 4611686019135190017      /nix/store/gpxl5qgg8kicmcvivwmybwjlpf7wh20l-graalvm17-ce-22.3.0/lib/libextnet.so
7f70e5002000-7f70e5003000 r--p 00001000 00:162b 4611686019135190017      /nix/store/gpxl5qgg8kicmcvivwmybwjlpf7wh20l-graalvm17-ce-22.3.0/lib/libextnet.so
7f70e5003000-7f70e5004000 rw-p 00002000 00:162b 4611686019135190017      /nix/store/gpxl5qgg8kicmcvivwmybwjlpf7wh20l-graalvm17-ce-22.3.0/lib/libextnet.so
7f70e5004000-7f70e5005000 rw-p 00004000 00:162b 4611686019135190017      /nix/store/gpxl5qgg8kicmcvivwmybwjlpf7wh20l-graalvm17-ce-22.3.0/lib/libextnet.so
7f70e5005000-7f70e500c000 r-xp 00000000 00:162b 4611686019135192580      /nix/store/gpxl5qgg8kicmcvivwmybwjlpf7wh20l-graalvm17-ce-22.3.0/lib/libzip.so
7f70e500c000-7f70e500d000 ---p 00007000 00:162b 4611686019135192580      /nix/store/gpxl5qgg8kicmcvivwmybwjlpf7wh20l-graalvm17-ce-22.3.0/lib/libzip.so
7f70e500d000-7f70e500e000 r--p 00007000 00:162b 4611686019135192580      /nix/store/gpxl5qgg8kicmcvivwmybwjlpf7wh20l-graalvm17-ce-22.3.0/lib/libzip.so
7f70e500e000-7f70e500f000 rw-p 00008000 00:162b 4611686019135192580      /nix/store/gpxl5qgg8kicmcvivwmybwjlpf7wh20l-graalvm17-ce-22.3.0/lib/libzip.so
7f70e500f000-7f70e5011000 rw-p 0000b000 00:162b 4611686019135192580      /nix/store/gpxl5qgg8kicmcvivwmybwjlpf7wh20l-graalvm17-ce-22.3.0/lib/libzip.so
7f70e5011000-7f70e5024000 r-xp 00000000 00:162b 4611686019135192571      /nix/store/gpxl5qgg8kicmcvivwmybwjlpf7wh20l-graalvm17-ce-22.3.0/lib/libnio.so
7f70e5024000-7f70e5025000 r--p 00012000 00:162b 4611686019135192571      /nix/store/gpxl5qgg8kicmcvivwmybwjlpf7wh20l-graalvm17-ce-22.3.0/lib/libnio.so
7f70e5025000-7f70e5026000 rw-p 00013000 00:162b 4611686019135192571      /nix/store/gpxl5qgg8kicmcvivwmybwjlpf7wh20l-graalvm17-ce-22.3.0/lib/libnio.so
7f70e5026000-7f70e502b000 rw-p 00019000 00:162b 4611686019135192571      /nix/store/gpxl5qgg8kicmcvivwmybwjlpf7wh20l-graalvm17-ce-22.3.0/lib/libnio.so
7f70e502b000-7f70e502f000 ---p 00000000 00:00 0 
7f70e502f000-7f70e512b000 rw-p 00000000 00:00 0 
7f70e512b000-7f70e512c000 ---p 00000000 00:00 0 
7f70e512c000-7f70e522d000 rw-p 00000000 00:00 0 
7f70e522d000-7f70e52fb000 r-xp 00000000 00:162b 4611686019135190036      /nix/store/gpxl5qgg8kicmcvivwmybwjlpf7wh20l-graalvm17-ce-22.3.0/lib/libjsvml.so
7f70e52fb000-7f70e52fc000 r--p 000cd000 00:162b 4611686019135190036      /nix/store/gpxl5qgg8kicmcvivwmybwjlpf7wh20l-graalvm17-ce-22.3.0/lib/libjsvml.so
7f70e52fc000-7f70e52fd000 rw-p 000ce000 00:162b 4611686019135190036      /nix/store/gpxl5qgg8kicmcvivwmybwjlpf7wh20l-graalvm17-ce-22.3.0/lib/libjsvml.so
7f70e52fd000-7f70e6bd5000 rw-p 00000000 00:00 0 
7f70e6bd5000-7f70e6bd6000 ---p 00000000 00:00 0 
7f70e6bd6000-7f70e6d81000 rw-p 00000000 00:00 0 
7f70e6d81000-7f70e6d9a000 rw-p 00000000 00:00 0 
7f70e6d9a000-7f70e6dd7000 ---p 00000000 00:00 0 
7f70e6dd7000-7f70e6dde000 rw-p 00000000 00:00 0 
7f70e6dde000-7f70e6ec3000 ---p 00000000 00:00 0 
7f70e6ec3000-7f70e6ee3000 rw-p 00000000 00:00 0 
7f70e6ee3000-7f70e6fae000 ---p 00000000 00:00 0 
7f70e6fae000-7f70e6fb3000 rw-p 00000000 00:00 0 
7f70e6fb3000-7f70e6fba000 ---p 00000000 00:00 0 
7f70e6fba000-7f70e6fde000 r-xp 00000000 00:162b 4611686019135190028      /nix/store/gpxl5qgg8kicmcvivwmybwjlpf7wh20l-graalvm17-ce-22.3.0/lib/libjava.so
7f70e6fde000-7f70e6fdf000 ---p 00024000 00:162b 4611686019135190028      /nix/store/gpxl5qgg8kicmcvivwmybwjlpf7wh20l-graalvm17-ce-22.3.0/lib/libjava.so
7f70e6fdf000-7f70e6fe0000 r--p 00024000 00:162b 4611686019135190028      /nix/store/gpxl5qgg8kicmcvivwmybwjlpf7wh20l-graalvm17-ce-22.3.0/lib/libjava.so
7f70e6fe0000-7f70e6fe1000 rw-p 00025000 00:162b 4611686019135190028      /nix/store/gpxl5qgg8kicmcvivwmybwjlpf7wh20l-graalvm17-ce-22.3.0/lib/libjava.so
7f70e6fe1000-7f70e6fe2000 rw-p 00000000 00:00 0 
7f70e6fe2000-7f70e6fe9000 rw-p 0002f000 00:162b 4611686019135190028      /nix/store/gpxl5qgg8kicmcvivwmybwjlpf7wh20l-graalvm17-ce-22.3.0/lib/libjava.so
7f70e6fe9000-7f70e6ff1000 rw-s 00000000 00:5b1 353                       /tmp/hsperfdata_runner/20
7f70e6ff1000-7f70e6ff2000 ---p 00000000 00:00 0 
7f70e6ff2000-7f70e6ff3000 r--p 00000000 00:00 0 
7f70e6ff3000-7f70e6ff4000 rwxp 00000000 00:00 0 
7f70e6ff4000-7f70e700f000 r-xp 00000000 00:162b 4611686019135190032      /nix/store/gpxl5qgg8kicmcvivwmybwjlpf7wh20l-graalvm17-ce-22.3.0/lib/libjimage.so
7f70e700f000-7f70e7010000 ---p 0001b000 00:162b 4611686019135190032      /nix/store/gpxl5qgg8kicmcvivwmybwjlpf7wh20l-graalvm17-ce-22.3.0/lib/libjimage.so
7f70e7010000-7f70e7012000 r--p 0001b000 00:162b 4611686019135190032      /nix/store/gpxl5qgg8kicmcvivwmybwjlpf7wh20l-graalvm17-ce-22.3.0/lib/libjimage.so
7f70e7012000-7f70e7013000 rw-p 0001d000 00:162b 4611686019135190032      /nix/store/gpxl5qgg8kicmcvivwmybwjlpf7wh20l-graalvm17-ce-22.3.0/lib/libjimage.so
7f70e7013000-7f70e7014000 rw-p 00024000 00:162b 4611686019135190032      /nix/store/gpxl5qgg8kicmcvivwmybwjlpf7wh20l-graalvm17-ce-22.3.0/lib/libjimage.so
7f70e7014000-7f70e7018000 ---p 00000000 00:00 0 
7f70e7018000-7f70e7114000 rw-p 00000000 00:00 0 
7f70e7114000-7f70e7122000 r--p 00000000 00:162b 4611686019027979927      /nix/store/4nlgxhb09sdr51nc9hdm8az5b08vzkgx-glibc-2.35-163/lib/libm.so.6
7f70e7122000-7f70e7195000 r-xp 0000e000 00:162b 4611686019027979927      /nix/store/4nlgxhb09sdr51nc9hdm8az5b08vzkgx-glibc-2.35-163/lib/libm.so.6
7f70e7195000-7f70e71f2000 r--p 00081000 00:162b 4611686019027979927      /nix/store/4nlgxhb09sdr51nc9hdm8az5b08vzkgx-glibc-2.35-163/lib/libm.so.6
7f70e71f2000-7f70e71f3000 r--p 000dd000 00:162b 4611686019027979927      /nix/store/4nlgxhb09sdr51nc9hdm8az5b08vzkgx-glibc-2.35-163/lib/libm.so.6
7f70e71f3000-7f70e71f4000 rw-p 000de000 00:162b 4611686019027979927      /nix/store/4nlgxhb09sdr51nc9hdm8az5b08vzkgx-glibc-2.35-163/lib/libm.so.6
7f70e71f4000-7f70e71f5000 r--p 00000000 00:162b 4611686019027979946      /nix/store/4nlgxhb09sdr51nc9hdm8az5b08vzkgx-glibc-2.35-163/lib/librt.so.1
7f70e71f5000-7f70e71f6000 r-xp 00001000 00:162b 4611686019027979946      /nix/store/4nlgxhb09sdr51nc9hdm8az5b08vzkgx-glibc-2.35-163/lib/librt.so.1
7f70e71f6000-7f70e71f7000 r--p 00002000 00:162b 4611686019027979946      /nix/store/4nlgxhb09sdr51nc9hdm8az5b08vzkgx-glibc-2.35-163/lib/librt.so.1
7f70e71f7000-7f70e71f8000 r--p 00002000 00:162b 4611686019027979946      /nix/store/4nlgxhb09sdr51nc9hdm8az5b08vzkgx-glibc-2.35-163/lib/librt.so.1
7f70e71f8000-7f70e71f9000 rw-p 00003000 00:162b 4611686019027979946      /nix/store/4nlgxhb09sdr51nc9hdm8az5b08vzkgx-glibc-2.35-163/lib/librt.so.1
7f70e71f9000-7f70e830c000 r-xp 00000000 00:162b 4611686019135360866      /nix/store/gpxl5qgg8kicmcvivwmybwjlpf7wh20l-graalvm17-ce-22.3.0/lib/server/libjvm.so
7f70e830c000-7f70e830d000 ---p 01113000 00:162b 4611686019135360866      /nix/store/gpxl5qgg8kicmcvivwmybwjlpf7wh20l-graalvm17-ce-22.3.0/lib/server/libjvm.so
7f70e830d000-7f70e83c2000 r--p 01113000 00:162b 4611686019135360866      /nix/store/gpxl5qgg8kicmcvivwmybwjlpf7wh20l-graalvm17-ce-22.3.0/lib/server/libjvm.so
7f70e83c2000-7f70e83f6000 rw-p 011c8000 00:162b 4611686019135360866      /nix/store/gpxl5qgg8kicmcvivwmybwjlpf7wh20l-graalvm17-ce-22.3.0/lib/server/libjvm.so
7f70e83f6000-7f70e8452000 rw-p 00000000 00:00 0 
7f70e8452000-7f70e847a000 r--p 00000000 00:162b 4611686019027979918      /nix/store/4nlgxhb09sdr51nc9hdm8az5b08vzkgx-glibc-2.35-163/lib/libc.so.6
7f70e847a000-7f70e85f0000 r-xp 00028000 00:162b 4611686019027979918      /nix/store/4nlgxhb09sdr51nc9hdm8az5b08vzkgx-glibc-2.35-163/lib/libc.so.6
7f70e85f0000-7f70e8648000 r--p 0019e000 00:162b 4611686019027979918      /nix/store/4nlgxhb09sdr51nc9hdm8az5b08vzkgx-glibc-2.35-163/lib/libc.so.6
7f70e8648000-7f70e864c000 r--p 001f6000 00:162b 4611686019027979918      /nix/store/4nlgxhb09sdr51nc9hdm8az5b08vzkgx-glibc-2.35-163/lib/libc.so.6
7f70e864c000-7f70e864e000 rw-p 001fa000 00:162b 4611686019027979918      /nix/store/4nlgxhb09sdr51nc9hdm8az5b08vzkgx-glibc-2.35-163/lib/libc.so.6
7f70e864e000-7f70e865d000 rw-p 00000000 00:00 0 
7f70e865d000-7f70e865e000 r--p 00000000 00:162b 4611686019027979923      /nix/store/4nlgxhb09sdr51nc9hdm8az5b08vzkgx-glibc-2.35-163/lib/libdl.so.2
7f70e865e000-7f70e865f000 r-xp 00001000 00:162b 4611686019027979923      /nix/store/4nlgxhb09sdr51nc9hdm8az5b08vzkgx-glibc-2.35-163/lib/libdl.so.2
7f70e865f000-7f70e8660000 r--p 00002000 00:162b 4611686019027979923      /nix/store/4nlgxhb09sdr51nc9hdm8az5b08vzkgx-glibc-2.35-163/lib/libdl.so.2
7f70e8660000-7f70e8661000 r--p 00002000 00:162b 4611686019027979923      /nix/store/4nlgxhb09sdr51nc9hdm8az5b08vzkgx-glibc-2.35-163/lib/libdl.so.2
7f70e8661000-7f70e8662000 rw-p 00003000 00:162b 4611686019027979923      /nix/store/4nlgxhb09sdr51nc9hdm8az5b08vzkgx-glibc-2.35-163/lib/libdl.so.2
7f70e8662000-7f70e8663000 r--p 00000000 00:162b 4611686019027979942      /nix/store/4nlgxhb09sdr51nc9hdm8az5b08vzkgx-glibc-2.35-163/lib/libpthread.so.0
7f70e8663000-7f70e8664000 r-xp 00001000 00:162b 4611686019027979942      /nix/store/4nlgxhb09sdr51nc9hdm8az5b08vzkgx-glibc-2.35-163/lib/libpthread.so.0
7f70e8664000-7f70e8665000 r--p 00002000 00:162b 4611686019027979942      /nix/store/4nlgxhb09sdr51nc9hdm8az5b08vzkgx-glibc-2.35-163/lib/libpthread.so.0
7f70e8665000-7f70e8666000 r--p 00002000 00:162b 4611686019027979942      /nix/store/4nlgxhb09sdr51nc9hdm8az5b08vzkgx-glibc-2.35-163/lib/libpthread.so.0
7f70e8666000-7f70e8667000 rw-p 00003000 00:162b 4611686019027979942      /nix/store/4nlgxhb09sdr51nc9hdm8az5b08vzkgx-glibc-2.35-163/lib/libpthread.so.0
7f70e8667000-7f70e8675000 r-xp 00000000 00:162b 4611686019135190033      /nix/store/gpxl5qgg8kicmcvivwmybwjlpf7wh20l-graalvm17-ce-22.3.0/lib/libjli.so
7f70e8675000-7f70e8676000 ---p 0000e000 00:162b 4611686019135190033      /nix/store/gpxl5qgg8kicmcvivwmybwjlpf7wh20l-graalvm17-ce-22.3.0/lib/libjli.so
7f70e8676000-7f70e8677000 r--p 0000e000 00:162b 4611686019135190033      /nix/store/gpxl5qgg8kicmcvivwmybwjlpf7wh20l-graalvm17-ce-22.3.0/lib/libjli.so
7f70e8677000-7f70e8678000 rw-p 0000f000 00:162b 4611686019135190033      /nix/store/gpxl5qgg8kicmcvivwmybwjlpf7wh20l-graalvm17-ce-22.3.0/lib/libjli.so
7f70e8678000-7f70e8679000 rw-p 00012000 00:162b 4611686019135190033      /nix/store/gpxl5qgg8kicmcvivwmybwjlpf7wh20l-graalvm17-ce-22.3.0/lib/libjli.so
7f70e8679000-7f70e867c000 r--p 00000000 00:162b 4611686019106210071      /nix/store/026hln0aq1hyshaxsdvhg0kmcm6yf45r-zlib-1.2.13/lib/libz.so.1.2.13
7f70e867c000-7f70e868e000 r-xp 00003000 00:162b 4611686019106210071      /nix/store/026hln0aq1hyshaxsdvhg0kmcm6yf45r-zlib-1.2.13/lib/libz.so.1.2.13
7f70e868e000-7f70e8695000 r--p 00015000 00:162b 4611686019106210071      /nix/store/026hln0aq1hyshaxsdvhg0kmcm6yf45r-zlib-1.2.13/lib/libz.so.1.2.13
7f70e8695000-7f70e8696000 r--p 0001b000 00:162b 4611686019106210071      /nix/store/026hln0aq1hyshaxsdvhg0kmcm6yf45r-zlib-1.2.13/lib/libz.so.1.2.13
7f70e8696000-7f70e8697000 rw-p 0001c000 00:162b 4611686019106210071      /nix/store/026hln0aq1hyshaxsdvhg0kmcm6yf45r-zlib-1.2.13/lib/libz.so.1.2.13
7f70e8697000-7f70e8699000 rw-p 00000000 00:00 0 
7f70e8699000-7f70e869b000 r--p 00000000 00:162b 4611686019027979912      /nix/store/4nlgxhb09sdr51nc9hdm8az5b08vzkgx-glibc-2.35-163/lib/ld-linux-x86-64.so.2
7f70e869b000-7f70e86c2000 r-xp 00002000 00:162b 4611686019027979912      /nix/store/4nlgxhb09sdr51nc9hdm8az5b08vzkgx-glibc-2.35-163/lib/ld-linux-x86-64.so.2
7f70e86c2000-7f70e86ce000 r--p 00029000 00:162b 4611686019027979912      /nix/store/4nlgxhb09sdr51nc9hdm8az5b08vzkgx-glibc-2.35-163/lib/ld-linux-x86-64.so.2
7f70e86ce000-7f70e86d0000 r--p 00034000 00:162b 4611686019027979912      /nix/store/4nlgxhb09sdr51nc9hdm8az5b08vzkgx-glibc-2.35-163/lib/ld-linux-x86-64.so.2
7f70e86d0000-7f70e86d2000 rw-p 00036000 00:162b 4611686019027979912      /nix/store/4nlgxhb09sdr51nc9hdm8az5b08vzkgx-glibc-2.35-163/lib/ld-linux-x86-64.so.2
7ffd40c80000-7ffd40ca5000 rw-p 00000000 00:00 0                          [stack]
7ffd40d35000-7ffd40d39000 r--p 00000000 00:00 0                          [vvar]
7ffd40d39000-7ffd40d3b000 r-xp 00000000 00:00 0                          [vdso]
ffffffffff600000-ffffffffff601000 --xp 00000000 00:00 0                  [vsyscall]


VM Arguments:
jvm_args: -XX:ThreadPriorityPolicy=1 -XX:+UnlockExperimentalVMOptions -XX:+EnableJVMCIProduct -XX:JVMCIThreadsPerNativeLibraryRuntime=1 -XX:-UnlockExperimentalVMOptions -Declipse.application=org.eclipse.jdt.ls.core.id1 -Dosgi.bundles.defaultStartLevel=4 -Declipse.product=org.eclipse.jdt.ls.core.product -Dlog.level=ALL -Xverify:none -XX:+UseParallelGC -XX:GCTimeRatio=4 -XX:AdaptiveSizePolicyWeight=90 -Dsun.zip.disableMemoryMapping=true -Xmx512m -Xms100m 
java_command: /nix/store/m6gcpi1ii6rghy04cjwjddcavv7i90df-jdt-language-server-1.9.0/share/java/plugins/org.eclipse.equinox.launcher_1.6.400.v20210924-0641.jar --add-modules=ALL-SYSTEM --add-opens java.base/java.util=ALL-UNNAMED --add-opens java.base/java.lang=ALL-UNNAMED -configuration /home/runner/.cache/jdt-language-server/config -data /home/runner/.cache/jdt-language-server/data/home/runner/JavaArray
java_class_path (initial): /nix/store/m6gcpi1ii6rghy04cjwjddcavv7i90df-jdt-language-server-1.9.0/share/java/plugins/org.eclipse.equinox.launcher_1.6.400.v20210924-0641.jar
Launcher Type: SUN_STANDARD

[Global flags]
    uintx AdaptiveSizePolicyWeight                 = 90                                        {product} {command line}
     intx CICompilerCount                          = 2                                         {product} {ergonomic}
     bool EnableJVMCIProduct                       = true                                {JVMCI product} {jimage}
    uintx GCTimeRatio                              = 4                                         {product} {command line}
   size_t InitialHeapSize                          = 104857600                                 {product} {command line}
     uint JVMCIThreadsPerNativeLibraryRuntime      = 1                                   {JVMCI product} {jimage}
   size_t MaxHeapSize                              = 536870912                                 {product} {command line}
   size_t MaxNewSize                               = 178782208                                 {product} {ergonomic}
   size_t MinHeapDeltaBytes                        = 524288                                    {product} {ergonomic}
   size_t MinHeapSize                              = 104857600                                 {product} {command line}
   size_t NewSize                                  = 34603008                                  {product} {ergonomic}
    uintx NonNMethodCodeHeapSize                   = 5826188                                {pd product} {ergonomic}
    uintx NonProfiledCodeHeapSize                  = 122916026                              {pd product} {ergonomic}
   size_t OldSize                                  = 70254592                                  {product} {ergonomic}
    uintx ProfiledCodeHeapSize                     = 122916026                              {pd product} {ergonomic}
    uintx ReservedCodeCacheSize                    = 251658240                              {pd product} {ergonomic}
     bool SegmentedCodeCache                       = true                                      {product} {ergonomic}
   size_t SoftMaxHeapSize                          = 536870912                              {manageable} {ergonomic}
     intx ThreadPriorityPolicy                     = 1                                         {product} {jimage}
     bool UseCompressedClassPointers               = true                           {product lp64_product} {ergonomic}
     bool UseCompressedOops                        = true                           {product lp64_product} {ergonomic}
     bool UseParallelGC                            = true                                      {product} {command line}

Logging:
Log output configuration:
 #0: stdout all=warning uptime,level,tags
 #1: stderr all=off uptime,level,tags

Environment Variables:
JAVA_HOME=/nix/store/gpxl5qgg8kicmcvivwmybwjlpf7wh20l-graalvm17-ce-22.3.0
PATH=/nix/store/1d6ian3r8kdzspw8hacjhl3xkp40g1lj-binutils-wrapper-2.39/bin:/nix/store/dq0xwmsk1g0i2ayg6pb7y87na2knzylh-gcc-wrapper-11.3.0/bin:/nix/store/bap4d0lpcrhpwmpb8ayjcgkmvfj62lnq-bash-interactive-5.1-p16/bin:/nix/store/pr5n59mb4jzmfx6kanwxly0l07p861fg-patchelf-0.15.0/bin:/nix/store/1gf2flfqnpqbr1b4p4qz2f72y42bs56r-gcc-11.3.0/bin:/nix/store/57xv61c5zi8pphjbcwxxjlgc34p61ic9-glibc-2.35-163-bin/bin:/nix/store/a7gvj343m05j2s32xcnwr35v31ynlypr-coreutils-9.1/bin:/nix/store/039g378vc3pc3dvi9dzdlrd0i4q93qwf-binutils-2.39/bin:/nix/store/gpxl5qgg8kicmcvivwmybwjlpf7wh20l-graalvm17-ce-22.3.0/bin:/nix/store/6z9ag3ihc8mq2hzsw48lhbznvzny65nz-apache-maven-3.8.6/bin:/nix/store/m6gcpi1ii6rghy04cjwjddcavv7i90df-jdt-language-server-1.9.0/bin:/nix/store/84xs5alhs01zrbr4ywm05kxbjbp5590l-java-debug/bin:/nix/store/mydc6f4k2z73xlcz7ilif3v2lcaiqvza-findutils-4.9.0/bin:/nix/store/j9p3g8472iijd50vhdprx0nmk2fqn5gv-diffutils-3.8/bin:/nix/store/89zs7rms6x00xfq4dq6m7mjnhkr8a6r4-gnused-4.8/bin:/nix/store/86bp03jkmsl6f92w0yzg4s59g5mhxwmy-gnugrep-3.7/bin:/nix/store/hwcdqw4jrjnd37wxqgsd47hd0j8bnj09-gawk-5.1.1/bin:/nix/store/cfbhw8r8ags41vwqaz47r583d0p4h4a1-gnutar-1.34/bin:/nix/store/p3m1ndl1lapwrlh698bnb5lvvxh67378-gzip-1.12/bin:/nix/store/a8mhcagrsly7c7mpjrpsnaahk4aax056-bzip2-1.0.8-bin/bin:/nix/store/mblgz65m3zv9x548a3d5m96fj2pbwr09-gnumake-4.3/bin:/nix/store/dsd5gz46hdbdk2rfdimqddhq6m8m8fqs-bash-5.1-p16/bin:/nix/store/v7ljksji50mg3w61dykaa3n3y79n6nil-patch-2.7.6/bin:/nix/store/zlcnmqq14jz5x9439jf937mvayyl63da-xz-5.2.7-bin/bin:/nix/store/y6aj732zm9m87c82fpvf103a1xb22blp-file-5.43/bin:/nix/store/i4kzir3m7mrisxmf5xvlnkw01x4qaqr4-prybar-elisp-0.0.0-e0d9a52/bin:/nix/store/lwwivxf6h7x3cvxp9zv8sj0mv7dak99r-prybar-lua-0.0.0-e0d9a52/bin:/nix/store/gxj28g1cg4hq3qanmjv07156h800qr58-prybar-python3-0.0.0-e0d9a52/bin:/nix/store/hshkjnxrgidigf8x75vg6lqng2xlx9i3-prybar-sqlite-0.0.0-e0d9a52/bin:/nix/store/c4w01bpjgyy5ixmwdk8m1pw87zq4sl26-prybar-tcl-0.0.0-e0d9a52/bin:/nix/store/hpbvrlwd5viqmvcaisb3x0118i913a9n-st
LD_LIBRARY_PATH=/nix/store/a4pff549sk2idnkpzk5nsfps3mdkdnvm-cups-2.4.2-lib/lib:/nix/store/72mqxxhh3cy5yifh92wh2yb8cl2hikyy-cairo-1.16.0/lib:/nix/store/2k366jrbsra97gjfxwvrhvixjfxdach5-glib-2.74.1/lib:/nix/store/2j2znigd8ak37rlwh9khz0ry3clqlw1l-gtk+3-3.24.34/lib:/nix/store/hisqvx32cd57apbpcsnkpx6k3549wql1-libglvnd-1.4.0/lib:/nix/store/p36pgcv991mq5srvg765b78yqpxvk3qs-mesa-21.3.3-drivers/lib:/nix/store/mav4251if1ahjq5vkpwycyyvnmy459c4-pulseaudio-14.2/lib
DISPLAY=:0
LANG=en_US.UTF-8

Signal Handlers:
   SIGSEGV: crash_handler in libjvm.so, mask=11100100010111111101111111111110, flags=SA_RESTART|SA_SIGINFO
    SIGBUS: crash_handler in libjvm.so, mask=11100100010111111101111111111110, flags=SA_RESTART|SA_SIGINFO
    SIGFPE: crash_handler in libjvm.so, mask=11100100010111111101111111111110, flags=SA_RESTART|SA_SIGINFO
   SIGPIPE: IsolateEnterStub_IgnoreSIGPIPEStartupHook_noopSignalHandler_8f19bff2f35b5f630d83b364d6b2339320d4ec70_216e8361c6bc87a8f89f58cc10d3b2fd4415bf87 in libjvmcicompiler.so, mask=00000000000000000000000000000000, flags=SA_RESTART
  *** Handler was modified!
  *** Expected: javaSignalHandler in libjvm.so, mask=11100100110111111111111111111110, flags=SA_RESTART|SA_SIGINFO
   SIGXFSZ: javaSignalHandler in libjvm.so, mask=11100100010111111101111111111110, flags=SA_RESTART|SA_SIGINFO
    SIGILL: crash_handler in libjvm.so, mask=11100100010111111101111111111110, flags=SA_RESTART|SA_SIGINFO
   SIGUSR2: SR_handler in libjvm.so, mask=00000000000000000000000000000000, flags=SA_RESTART|SA_SIGINFO
    SIGHUP: UserHandler in libjvm.so, mask=11100100010111111101111111111110, flags=SA_RESTART|SA_SIGINFO
    SIGINT: UserHandler in libjvm.so, mask=11100100010111111101111111111110, flags=SA_RESTART|SA_SIGINFO
   SIGTERM: UserHandler in libjvm.so, mask=11100100010111111101111111111110, flags=SA_RESTART|SA_SIGINFO
   SIGQUIT: UserHandler in libjvm.so, mask=11100100010111111101111111111110, flags=SA_RESTART|SA_SIGINFO
  *** Handler was modified!
  *** Expected: javaSignalHandler in libjvm.so, mask=11100100110111111111111111111110, flags=SA_RESTART|SA_SIGINFO
   SIGTRAP: crash_handler in libjvm.so, mask=11100100010111111101111111111110, flags=SA_RESTART|SA_SIGINFO


---------------  S Y S T E M  ---------------

OS:
DISTRIB_ID=Ubuntu
DISTRIB_RELEASE=20.04
DISTRIB_CODENAME=focal
DISTRIB_DESCRIPTION="Ubuntu 20.04.2 LTS"
uname: Linux 5.15.0-1031-gcp #38~20.04.1-Ubuntu SMP Sun Mar 12 04:47:58 UTC 2023 x86_64
OS uptime: 0 days 13:06 hours
libc: glibc 2.35 NPTL 2.35 
rlimit (soft/hard): STACK 8192k/infinity , CORE infinity/infinity , NPROC infinity/infinity , NOFILE 5242/5242 , AS infinity/infinity , CPU infinity/infinity , DATA infinity/infinity , FSIZE infinity/infinity , MEMLOCK 64k/64k
load average: 22.43 20.32 18.71

/proc/meminfo:
MemTotal:       32872700 kB
MemFree:         2788180 kB
MemAvailable:   15787820 kB
Buffers:         2114840 kB
Cached:          9688416 kB
SwapCached:            0 kB
Active:          6107416 kB
Inactive:       19640904 kB
Active(anon):      15564 kB
Inactive(anon): 13779420 kB
Active(file):    6091852 kB
Inactive(file):  5861484 kB
Unevictable:       42488 kB
Mlocked:           42488 kB
SwapTotal:             0 kB
SwapFree:              0 kB
Dirty:             42268 kB
Writeback:           220 kB
AnonPages:      12951964 kB
Mapped:          2119016 kB
Shmem:             30572 kB
KReclaimable:    1512140 kB
Slab:            3333924 kB
SReclaimable:    1512140 kB
SUnreclaim:      1821784 kB
KernelStack:      390888 kB
PageTables:       244252 kB
NFS_Unstable:          0 kB
Bounce:                0 kB
WritebackTmp:          0 kB
CommitLimit:    16436348 kB
Committed_AS:   56805312 kB
VmallocTotal:   34359738367 kB
VmallocUsed:      431760 kB
VmallocChunk:          0 kB
Percpu:            42768 kB
HardwareCorrupted:     0 kB
AnonHugePages:    872448 kB
ShmemHugePages:        0 kB
ShmemPmdMapped:        0 kB
FileHugePages:         0 kB
FilePmdMapped:         0 kB
HugePages_Total:       0
HugePages_Free:        0
HugePages_Rsvd:        0
HugePages_Surp:        0
Hugepagesize:       2048 kB
Hugetlb:               0 kB
DirectMap4k:     4070208 kB
DirectMap2M:    27383808 kB
DirectMap1G:     4194304 kB

/sys/kernel/mm/transparent_hugepage/enabled: always [madvise] never
/sys/kernel/mm/transparent_hugepage/defrag (defrag/compaction efforts parameter): always defer defer+madvise [madvise] never

Process Memory:
Virtual Size: 3871624K (peak: 3947592K)
Resident Set Size: 747956K (peak: 782480K) (anon: 550640K, file: 197316K, shmem: 0K)
Swapped out: 0K
C-Heap outstanding allocations: 44015K, retained: 13808K
glibc malloc tunables: (default)

/proc/sys/kernel/threads-max (system-wide limit on the number of threads): 256750
/proc/sys/vm/max_map_count (maximum number of memory map areas a process may have): 65530
/proc/sys/kernel/pid_max (system-wide limit on number of process identifiers): 4194304

container (cgroup) information:
container_type: cgroupv1
cpu_cpuset_cpus: 1-3
cpu_memory_nodes: 0
active_processor_count: 1
cpu_quota: 50000
cpu_period: 100000
cpu_shares: 512
memory_limit_in_bytes: 1048576 k
memory_and_swap_limit_in_bytes: 1048576 k
memory_soft_limit_in_bytes: 524288 k
memory_usage_in_bytes: 600220 k
memory_max_usage_in_bytes: 823888 k
maximum number of tasks: 1000
current number of tasks: 50

KVM virtualization detected
Steal ticks since vm start: 0
Steal ticks percentage since vm start:  0.000

CPU: total 4 (initial active 1) (4 cores per cpu, 2 threads per core) family 25 model 1 stepping 0 microcode 0xffffffff, cx8, cmov, fxsr, ht, mmx, 3dnowpref, sse, sse2, sse3, ssse3, sse4a, sse4.1, sse4.2, popcnt, lzcnt, tsc, tscinvbit, avx, avx2, aes, erms, clmul, bmi1, bmi2, adx, sha, fma, vzeroupper, clflush, clflushopt, hv
CPU Model and flags from /proc/cpuinfo:
model name	: AMD EPYC 7B13
flags		: fpu vme de pse tsc msr pae mce cx8 apic sep mtrr pge mca cmov pat pse36 clflush mmx fxsr sse sse2 ht syscall nx mmxext fxsr_opt pdpe1gb rdtscp lm constant_tsc rep_good nopl nonstop_tsc cpuid extd_apicid tsc_known_freq pni pclmulqdq ssse3 fma cx16 pcid sse4_1 sse4_2 movbe popcnt aes xsave avx f16c rdrand hypervisor lahf_lm cmp_legacy cr8_legacy abm sse4a misalignsse 3dnowprefetch osvw topoext invpcid_single ssbd ibrs ibpb stibp vmmcall fsgsbase tsc_adjust bmi1 avx2 smep bmi2 erms invpcid rdseed adx smap clflushopt clwb sha_ni xsaveopt xsavec xgetbv1 clzero xsaveerptr arat npt nrip_save umip vaes vpclmulqdq rdpid fsrm

Online cpus: 0-3
Offline cpus: 
BIOS frequency limitation: <Not Available>
Frequency switch latency (ns): <Not Available>
Available cpu frequencies: <Not Available>
Current governor: <Not Available>
Core performance/turbo boost: <Not Available>

Memory: 4k page, physical 1048576k(448344k free), swap 0k(0k free)
Page Sizes: 4k

vm_info: OpenJDK 64-Bit Server VM (17.0.5+8-jvmci-22.3-b08) for linux-amd64 JRE (17.0.5+8-jvmci-22.3-b08), built on Oct 19 2022 09:01:27 by "buildslave" with gcc 10.3.0

END.
