#
# A fatal error has been detected by the Java Runtime Environment:
#
#  Internal Error (jvmciRuntime.cpp:1609), pid=27, tid=41
#  fatal error: Fatal exception in JVMCI: Error calling jdk.vm.ci.services.Services.serializeSavedProperties
#
# JRE version: OpenJDK Runtime Environment GraalVM CE 22.3.0 (17.0.5+8) (build 17.0.5+8-jvmci-22.3-b08)
# Java VM: OpenJDK 64-Bit Server VM GraalVM CE 22.3.0 (17.0.5+8-jvmci-22.3-b08, mixed mode, sharing, tiered, jvmci, jvmci compiler, compressed oops, compressed class ptrs, parallel gc, linux-amd64)
# Problematic frame:
# V  [libjvm.so+0x972714]  JVMCIRuntime::fatal_exception(JVMCIEnv*, char const*)+0x74
#
# Core dump will be written. Default location: Core dumps may be processed with "/usr/share/apport/apport -p%p -s%s -c%c -d%d -P%P -u%u -g%g -- %E" (or dumping to /home/runner/JavaArray/core.27)
#
# If you would like to submit a bug report, please visit:
#   https://github.com/oracle/graal/issues
#

---------------  S U M M A R Y ------------

Command Line: -XX:ThreadPriorityPolicy=1 -XX:+UnlockExperimentalVMOptions -XX:+EnableJVMCIProduct -XX:JVMCIThreadsPerNativeLibraryRuntime=1 -XX:-UnlockExperimentalVMOptions -Declipse.application=org.eclipse.jdt.ls.core.id1 -Dosgi.bundles.defaultStartLevel=4 -Declipse.product=org.eclipse.jdt.ls.core.product -Dlog.level=ALL -Xverify:none -XX:+UseParallelGC -XX:GCTimeRatio=4 -XX:AdaptiveSizePolicyWeight=90 -Dsun.zip.disableMemoryMapping=true -Xmx512m -Xms100m /nix/store/m6gcpi1ii6rghy04cjwjddcavv7i90df-jdt-language-server-1.9.0/share/java/plugins/org.eclipse.equinox.launcher_1.6.400.v20210924-0641.jar --add-modules=ALL-SYSTEM --add-opens java.base/java.util=ALL-UNNAMED --add-opens java.base/java.lang=ALL-UNNAMED -configuration /home/runner/.cache/jdt-language-server/config -data /home/runner/.cache/jdt-language-server/data/home/runner/JavaArray

Host: AMD EPYC 7B13, 4 cores, 1G, Ubuntu 20.04.2 LTS
Time: Sat Apr  8 10:41:06 2023 UTC elapsed time: 806.450897 seconds (0d 0h 13m 26s)

---------------  T H R E A D  ---------------

Current thread (0x00007f69780b21d0):  JavaThread "JVMCI-native CompilerThread0" daemon [_thread_in_vm, id=41, stack(0x00007f695d048000,0x00007f695d248000)]


Current CompileTask:
JVMCI-native: 806451 8490       4       java.util.concurrent.locks.AbstractQueuedSynchronizer$ConditionObject::signal (34 bytes)

Stack: [0x00007f695d048000,0x00007f695d248000],  sp=0x00007f695d246380,  free space=2040k
Native frames: (J=compiled Java code, j=interpreted, Vv=VM code, C=native code)
V  [libjvm.so+0x972714]  JVMCIRuntime::fatal_exception(JVMCIEnv*, char const*)+0x74
V  [libjvm.so+0x93e2fe]  JVMCIEnv::copy_saved_properties()+0x14e
V  [libjvm.so+0x9732a9]  JVMCIRuntime::initialize(JVMCIEnv*)+0xb19
V  [libjvm.so+0x9738a2]  JVMCIRuntime::get_HotSpotJVMCIRuntime(JVMCIEnv*)+0x12
V  [libjvm.so+0x9749f2]  JVMCIRuntime::compile_method(JVMCIEnv*, JVMCICompiler*, methodHandle const&, int)+0xd2
V  [libjvm.so+0x5b0d20]  CompileBroker::invoke_compiler_on_method(CompileTask*)+0x1470
V  [libjvm.so+0x5b12e8]  CompileBroker::compiler_thread_loop()+0x528
V  [libjvm.so+0xd82460]  JavaThread::thread_main_inner()+0xd0
V  [libjvm.so+0xd85a40]  Thread::call_run()+0xc0
V  [libjvm.so+0xbdb1e1]  thread_native_entry(Thread*)+0xe1

Register to memory mapping:

RAX=0x00007f697cd38000 points into unknown readable memory: 0x0000000000000058 | 58 00 00 00 00 00 00 00
RBX=0x00007f697de33398: <offset 0x0000000000ef5398> in /nix/store/gpxl5qgg8kicmcvivwmybwjlpf7wh20l-graalvm17-ce-22.3.0/lib/server/libjvm.so at 0x00007f697cf3e000
RCX=0x00007f697ddeb1e8: <offset 0x0000000000ead1e8> in /nix/store/gpxl5qgg8kicmcvivwmybwjlpf7wh20l-graalvm17-ce-22.3.0/lib/server/libjvm.so at 0x00007f697cf3e000
RDX=0x0000000000000649 is an unknown value
RSP=0x00007f695d246380 is pointing into the stack for thread: 0x00007f69780b21d0
RBP=0x00007f695d2463a0 is pointing into the stack for thread: 0x00007f69780b21d0
RSI=0x00007f697de33c48: <offset 0x0000000000ef5c48> in /nix/store/gpxl5qgg8kicmcvivwmybwjlpf7wh20l-graalvm17-ce-22.3.0/lib/server/libjvm.so at 0x00007f697cf3e000
RDI=0x00000000e0000000 is an oop: java.lang.String 
{0x00000000e0000000} - klass: 'java/lang/String'
 - string: "org.eclipse.osgi.container.synthetic"
R8 =0x00007f697de33398: <offset 0x0000000000ef5398> in /nix/store/gpxl5qgg8kicmcvivwmybwjlpf7wh20l-graalvm17-ce-22.3.0/lib/server/libjvm.so at 0x00007f697cf3e000
R9 =0x0000000000000003 is an unknown value
R10=0x0 is NULL
R11=0x0000000000000246 is an unknown value
R12=0x0 is NULL
R13=0x00007f69780b21d0 is a thread
R14=0x00007f6978000b80 points into unknown readable memory: 0x00007f697e064a38 | 38 4a 06 7e 69 7f 00 00
R15=0x00007f697e172e40: <offset 0x0000000001234e40> in /nix/store/gpxl5qgg8kicmcvivwmybwjlpf7wh20l-graalvm17-ce-22.3.0/lib/server/libjvm.so at 0x00007f697cf3e000


Registers:
RAX=0x00007f697cd38000, RBX=0x00007f697de33398, RCX=0x00007f697ddeb1e8, RDX=0x0000000000000649
RSP=0x00007f695d246380, RBP=0x00007f695d2463a0, RSI=0x00007f697de33c48, RDI=0x00000000e0000000
R8 =0x00007f697de33398, R9 =0x0000000000000003, R10=0x0000000000000000, R11=0x0000000000000246
R12=0x0000000000000000, R13=0x00007f69780b21d0, R14=0x00007f6978000b80, R15=0x00007f697e172e40
RIP=0x00007f697d8b0714, EFLAGS=0x0000000000010206, CSGSFS=0x002b000000000033, ERR=0x0000000000000006
  TRAPNO=0x000000000000000e

Top of Stack: (sp=0x00007f695d246380)
0x00007f695d246380:   00007f695d246940 00007f69780b21d0
0x00007f695d246390:   00007f697c6c98c8 0000000800c409d8
0x00007f695d2463a0:   00007f695d246500 00007f697d87c2fe
0x00007f695d2463b0:   00007f695d2463e0 00007f695d246440 

Instructions: (pc=0x00007f697d8b0714)
0x00007f697d8b0614:   30 e8 f6 cf e8 ff 4c 89 e7 e8 2e 48 d1 ff 84 db
0x00007f697d8b0624:   75 2a 4d 85 ed 74 04 4d 8b 6d 00 48 83 c4 08 44
0x00007f697d8b0634:   89 f9 4c 89 f2 4c 89 ee 5b 4c 89 e7 41 5c 41 5d
0x00007f697d8b0644:   41 5e 41 5f 5d e9 e2 47 d1 ff 66 90 48 83 c4 08
0x00007f697d8b0654:   5b 41 5c 41 5d 41 5e 41 5f 5d c3 90 31 d2 be 08
0x00007f697d8b0664:   00 00 00 4c 89 ff e8 b1 78 a3 ff 49 89 c5 e9 37
0x00007f697d8b0674:   ff ff ff 66 0f 1f 84 00 00 00 00 00 48 8b 7a 08
0x00007f697d8b0684:   e9 6d ff ff ff 0f 1f 80 00 00 00 00 e8 5b 48 0a
0x00007f697d8b0694:   00 84 c0 75 89 e9 6a ff ff ff 66 90 55 48 89 e5
0x00007f697d8b06a4:   41 56 41 55 41 54 49 89 fc 53 48 89 f3 66 48 8d
0x00007f697d8b06b4:   3d 27 5e 85 00 66 66 48 e8 df 43 8d ff 4c 8b 28
0x00007f697d8b06c4:   8b 05 be 72 8a 00 85 c0 75 14 ba 01 00 00 00 48
0x00007f697d8b06d4:   8d 0d ae 72 8a 00 f0 0f b1 11 85 c0 74 4e be c8
0x00007f697d8b06e4:   00 00 00 4c 89 ef e8 01 0b 41 00 48 8d 05 12 ac
0x00007f697d8b06f4:   85 00 49 89 d8 48 8d 0d e8 aa 53 00 ba 49 06 00
0x00007f697d8b0704:   00 48 8d 35 3c 35 58 00 bf 00 00 00 e0 48 8b 00
0x00007f697d8b0714:   c6 00 58 31 c0 e8 e2 91 c6 ff 5b 41 5c 41 5d 41
0x00007f697d8b0724:   5e 5d e9 55 34 26 00 0f 1f 44 00 00 48 8d 05 81
0x00007f697d8b0734:   a3 8b 00 48 89 df 4c 8b 30 e8 9e 43 8d ff 48 89
0x00007f697d8b0744:   de 48 89 c2 49 8b 06 4c 89 f7 ff 50 08 4c 89 f7
0x00007f697d8b0754:   e8 a7 5c 27 00 4d 85 e4 74 12 be 01 00 00 00 4c
0x00007f697d8b0764:   89 e7 e8 35 43 fc ff eb 82 0f 1f 00 be 01 00 00
0x00007f697d8b0774:   00 4c 89 ef e8 d3 fd ff ff e9 6d ff ff ff 66 66
0x00007f697d8b0784:   2e 0f 1f 84 00 00 00 00 00 0f 1f 00 55 48 89 e5
0x00007f697d8b0794:   41 57 41 56 41 55 41 54 53 48 81 ec 08 02 00 00
0x00007f697d8b07a4:   64 48 8b 04 25 28 00 00 00 48 89 45 c8 8b 07 83
0x00007f697d8b07b4:   f8 02 0f 84 11 04 00 00 4c 8b 6f 18 49 89 ff 49
0x00007f697d8b07c4:   89 f4 4d 85 ed 74 14 4c 89 ef e8 5d 57 22 00 41
0x00007f697d8b07d4:   8b 07 83 f8 02 0f 84 19 04 00 00 48 8d 1d 9a 06
0x00007f697d8b07e4:   8a 00 4c 8d 35 0b 3c 58 00 eb 38 90 48 85 d2 7f
0x00007f697d8b07f4:   0d 48 8d 05 b4 c0 85 00 48 83 38 00 7e 0e 41 8b
0x00007f697d8b0804:   77 2c 4c 89 f7 31 c0 e8 a0 b2 f7 ff 49 8b 7f 18 


Stack slot to memory mapping:
stack at sp + 0 slots: 0x00007f695d246940 is pointing into the stack for thread: 0x00007f69780b21d0
stack at sp + 1 slots: 0x00007f69780b21d0 is a thread
stack at sp + 2 slots: 0x00007f697c6c98c8 points into unknown readable memory: 0x65730018e552ffff | ff ff 52 e5 18 00 73 65
stack at sp + 3 slots: 0x0000000800c409d8 is a pointer to class: 
jdk.vm.ci.services.Services {0x0000000800c409d8}
 - instance size:     2
 - klass size:        65
 - access:            public final synchronized 
 - state:             fully_initialized
 - name:              'jdk/vm/ci/services/Services'
 - super:             'java/lang/Object'
 - sub:               
 - arrays:            NULL
 - methods:           Array<T>(0x00007f695dc3c248)
 - method ordering:   Array<T>(0x0000000800928960)
 - default_methods:   Array<T>(0x0000000000000000)
 - local interfaces:  Array<T>(0x00000008005ce810)
 - trans. interfaces: Array<T>(0x00000008005ce810)
 - constants:         constant pool [427] {0x00007f695dc3b328} for 'jdk/vm/ci/services/Services' cache=0x00007f695dc3d518
 - class loader data:  loader data: 0x00007f69780283f0 of 'bootstrap'
 - source file:       'Services.java'
 - class annotations:       Array<T>(0x0000000000000000)
 - class type annotations:  Array<T>(0x0000000000000000)
 - field annotations:       Array<T>(0x0000000000000000)
 - field type annotations:  Array<T>(0x0000000000000000)
 - inner classes:     Array<T>(0x00007f695dc3d4e8)
 - nest members:     Array<T>(0x00007f695dc3d508)
 - permitted subclasses:     Array<T>(0x00000008005ce7a0)
 - java mirror:       a 'java/lang/Class'{0x00000000e017d0f8} = 'jdk/vm/ci/services/Services'
 - vtable length      5  (start addr: 0x0000000800c40ba8)
 - itable length      2 (start addr: 0x0000000800c40bd0)
 - ---- static fields (3 words):
 - public static final 'IS_BUILDING_NATIVE_IMAGE' 'Z' @128 
 - public static final 'IS_IN_NATIVE_IMAGE' 'Z' @129 
 - private static volatile 'savedProperties' 'Ljava/util/Map;' @112 
 - static final 'JVMCI_ENABLED' 'Z' @130 
 - private static final 'servicesCache' 'Ljava/util/Map;' @116 
 - private static final 'MAX_UNICODE_IN_UTF8_LENGTH' 'I' @120 
 - private static final 'MAX_UTF8_PROPERTY_STRING_LENGTH' 'I' @124 
 - ---- non-static fields (0 words):
 - non-static oop maps: 
stack at sp + 4 slots: 0x00007f695d246500 is pointing into the stack for thread: 0x00007f69780b21d0
stack at sp + 5 slots: 0x00007f697d87c2fe: <offset 0x000000000093e2fe> in /nix/store/gpxl5qgg8kicmcvivwmybwjlpf7wh20l-graalvm17-ce-22.3.0/lib/server/libjvm.so at 0x00007f697cf3e000
stack at sp + 6 slots: 0x00007f695d2463e0 is pointing into the stack for thread: 0x00007f69780b21d0
stack at sp + 7 slots: 0x00007f695d246440 is pointing into the stack for thread: 0x00007f69780b21d0


---------------  P R O C E S S  ---------------

Threads class SMR info:
_java_thread_list=0x00007f6934001360, length=23, elements={
0x00007f6978026690, 0x00007f69780a64d0, 0x00007f69780a7910, 0x00007f69780ae040,
0x00007f69780af3f0, 0x00007f69780b07e0, 0x00007f69780b21d0, 0x00007f69780b36e0,
0x00007f69780b4b30, 0x00007f69780dfa60, 0x00007f6978128100, 0x00007f697832c3b0,
0x00007f697835fe00, 0x00007f6978361d60, 0x00007f6978627a70, 0x00007f690c0171f0,
0x00007f690c2e22b0, 0x00007f690c4c0df0, 0x00007f690c71ebb0, 0x00007f697849a490,
0x00007f69784b39a0, 0x00007f690c04dd30, 0x00007f6918001a50
}

Java Threads: ( => current thread )
  0x00007f6978026690 JavaThread "main" [_thread_blocked, id=33, stack(0x00007f697cd59000,0x00007f697ce59000)]
  0x00007f69780a64d0 JavaThread "Reference Handler" daemon [_thread_blocked, id=36, stack(0x00007f695d92e000,0x00007f695da2e000)]
  0x00007f69780a7910 JavaThread "Finalizer" daemon [_thread_blocked, id=37, stack(0x00007f695d82e000,0x00007f695d92e000)]
  0x00007f69780ae040 JavaThread "Signal Dispatcher" daemon [_thread_blocked, id=38, stack(0x00007f695d448000,0x00007f695d548000)]
  0x00007f69780af3f0 JavaThread "Service Thread" daemon [_thread_blocked, id=39, stack(0x00007f695d348000,0x00007f695d448000)]
  0x00007f69780b07e0 JavaThread "Monitor Deflation Thread" daemon [_thread_blocked, id=40, stack(0x00007f695d248000,0x00007f695d348000)]
=>0x00007f69780b21d0 JavaThread "JVMCI-native CompilerThread0" daemon [_thread_in_vm, id=41, stack(0x00007f695d048000,0x00007f695d248000)]
  0x00007f69780b36e0 JavaThread "C1 CompilerThread0" daemon [_thread_blocked, id=42, stack(0x00007f695ce48000,0x00007f695d048000)]
  0x00007f69780b4b30 JavaThread "Sweeper thread" daemon [_thread_blocked, id=43, stack(0x00007f695cd48000,0x00007f695ce48000)]
  0x00007f69780dfa60 JavaThread "Common-Cleaner" daemon [_thread_blocked, id=44, stack(0x00007f695cc48000,0x00007f695cd48000)]
  0x00007f6978128100 JavaThread "Notification Thread" daemon [_thread_blocked, id=45, stack(0x00007f695cb48000,0x00007f695cc48000)]
  0x00007f697832c3b0 JavaThread "Active Thread: Equinox Container: 52aeb6fd-4c10-4e28-b8a8-10883121f617" [_thread_blocked, id=52, stack(0x00007f695c800000,0x00007f695c900000)]
  0x00007f697835fe00 JavaThread "Framework Event Dispatcher: Equinox Container: 52aeb6fd-4c10-4e28-b8a8-10883121f617" daemon [_thread_blocked, id=62, stack(0x00007f695c600000,0x00007f695c700000)]
  0x00007f6978361d60 JavaThread "Start Level: Equinox Container: 52aeb6fd-4c10-4e28-b8a8-10883121f617" daemon [_thread_blocked, id=63, stack(0x00007f695c400000,0x00007f695c500000)]
  0x00007f6978627a70 JavaThread "Refresh Thread: Equinox Container: 52aeb6fd-4c10-4e28-b8a8-10883121f617" daemon [_thread_blocked, id=65, stack(0x00007f695c200000,0x00007f695c300000)]
  0x00007f690c0171f0 JavaThread "SCR Component Actor" daemon [_thread_blocked, id=66, stack(0x00007f695c000000,0x00007f695c100000)]
  0x00007f690c2e22b0 JavaThread "Worker-JM" [_thread_blocked, id=76, stack(0x00007f6924700000,0x00007f6924800000)]
  0x00007f690c4c0df0 JavaThread "Java indexing" daemon [_thread_blocked, id=79, stack(0x00007f6924100000,0x00007f6924200000)]
  0x00007f690c71ebb0 JavaThread "Bundle File Closer" daemon [_thread_blocked, id=81, stack(0x00007f6923d00000,0x00007f6923e00000)]
  0x00007f697849a490 JavaThread "pool-3-thread-1" [_thread_blocked, id=90, stack(0x00007f6923b00000,0x00007f6923c00000)]
  0x00007f69784b39a0 JavaThread "pool-2-thread-1" [_thread_in_native, id=91, stack(0x00007f6923900000,0x00007f6923a00000)]
  0x00007f690c04dd30 JavaThread "Worker-4" [_thread_blocked, id=93, stack(0x00007f6923500000,0x00007f6923600000)]
  0x00007f6918001a50 JavaThread "Worker-5" [_thread_blocked, id=112, stack(0x00007f6923300000,0x00007f6923400000)]

Other Threads:
  0x00007f69780a1c10 VMThread "VM Thread" [stack: 0x00007f695da30000,0x00007f695db30000] [id=35] _threads_hazard_ptr=0x00007f6934001360
  0x00007f6978129aa0 WatcherThread [stack: 0x00007f695ca48000,0x00007f695cb48000] [id=46]
  0x00007f697803df30 GCTaskThread "GC Thread#0" [stack: 0x00007f697c91c000,0x00007f697ca1c000] [id=34]

Threads with active compile tasks:
JVMCI-native CompilerThread0   806464 8490       4       java.util.concurrent.locks.AbstractQueuedSynchronizer$ConditionObject::signal (34 bytes)

VM state: synchronizing (normal execution)

VM Mutex/Monitor currently owned by a thread:  ([mutex/lock_event])
[0x00007f6978023840] Threads_lock - owner thread: 0x00007f69780a1c10
[0x00007f6978023ff0] Heap_lock - owner thread: 0x00007f690c4c0df0

OutOfMemory and StackOverflow Exception counts:
OutOfMemoryError java_heap_errors=2
LinkageErrors=74

Heap address: 0x00000000e0000000, size: 512 MB, Compressed Oops mode: 32-bit

CDS archive(s) mapped at: [0x0000000800000000-0x0000000800bc8000-0x0000000800bc8000), size 12353536, SharedBaseAddress: 0x0000000800000000, ArchiveRelocationMode: 0.
Compressed class space mapped at: 0x0000000800c00000-0x0000000840c00000, reserved size: 1073741824
Narrow klass base: 0x0000000800000000, Narrow klass shift: 0, Narrow klass range: 0x100000000

GC Precious Log:
 CPUs: 4 total, 1 available
 Memory: 1024M
 Large Page Support: Disabled
 NUMA Support: Disabled
 Compressed Oops: Enabled (32-bit)
 Alignments: Space 512K, Generation 512K, Heap 2M
 Heap Min Capacity: 100M
 Heap Initial Capacity: 100M
 Heap Max Capacity: 512M
 Pre-touch: Disabled
 Parallel Workers: 1

Heap:
 PSYoungGen      total 46592K, used 34815K [0x00000000f5580000, 0x00000000fac00000, 0x0000000100000000)
  eden space 34816K, 99% used [0x00000000f5580000,0x00000000f777fff8,0x00000000f7780000)
  from space 11776K, 0% used [0x00000000f7780000,0x00000000f7780000,0x00000000f8300000)
  to   space 24576K, 0% used [0x00000000f9400000,0x00000000f9400000,0x00000000fac00000)
 ParOldGen       total 349696K, used 349695K [0x00000000e0000000, 0x00000000f5580000, 0x00000000f5580000)
  object space 349696K, 99% used [0x00000000e0000000,0x00000000f557fff8,0x00000000f5580000)
 Metaspace       used 58771K, committed 59968K, reserved 1105920K
  class space    used 5866K, committed 6336K, reserved 1048576K

Card table byte_map: [0x00007f697ca1c000,0x00007f697cb1d000] _byte_map_base: 0x00007f697c31c000

Marking Bits: (ParMarkBitMap*) 0x00007f697e16c4c0
 Begin Bits: [0x00007f695e4b3000, 0x00007f695ecb3000)
 End Bits:   [0x00007f695ecb3000, 0x00007f695f4b3000)

Polling page: 0x00007f697cd36000

Metaspace:

Usage:
  Non-class:     51.67 MB used.
      Class:      5.73 MB used.
       Both:     57.39 MB used.

Virtual space:
  Non-class space:       56.00 MB reserved,      52.38 MB ( 94%) committed,  7 nodes.
      Class space:        1.00 GB reserved,       6.19 MB ( <1%) committed,  1 nodes.
             Both:        1.05 GB reserved,      58.56 MB (  5%) committed. 

Chunk freelists:
   Non-Class:  3.01 MB
       Class:  1.90 MB
        Both:  4.91 MB

MaxMetaspaceSize: unlimited
CompressedClassSpaceSize: 1.00 GB
Initial GC threshold: 21.00 MB
Current GC threshold: 97.62 MB
CDS: on
MetaspaceReclaimPolicy: balanced
 - commit_granule_bytes: 65536.
 - commit_granule_words: 8192.
 - virtual_space_node_default_size: 1048576.
 - enlarge_chunks_in_place: 1.
 - new_chunks_are_fully_committed: 0.
 - uncommit_free_chunks: 1.
 - use_allocation_guard: 0.
 - handle_deallocations: 1.


Internal statistics:

num_allocs_failed_limit: 6.
num_arena_births: 496.
num_arena_deaths: 148.
num_vsnodes_births: 8.
num_vsnodes_deaths: 0.
num_space_committed: 936.
num_space_uncommitted: 0.
num_chunks_returned_to_freelist: 209.
num_chunks_taken_from_freelist: 2810.
num_chunk_merges: 87.
num_chunk_splits: 1823.
num_chunks_enlarged: 1128.
num_purges: 4.
num_inconsistent_stats: 0.

CodeHeap 'non-profiled nmethods': size=120036Kb used=2669Kb max_used=2669Kb free=117366Kb
 bounds [0x00007f6966f7a000, 0x00007f696721a000, 0x00007f696e4b3000]
CodeHeap 'profiled nmethods': size=120032Kb used=13712Kb max_used=15299Kb free=106320Kb
 bounds [0x00007f695fa42000, 0x00007f6960942000, 0x00007f6966f7a000]
CodeHeap 'non-nmethods': size=5692Kb used=1382Kb max_used=1403Kb free=4309Kb
 bounds [0x00007f695f4b3000, 0x00007f695f723000, 0x00007f695fa42000]
 total_blobs=7277 nmethods=6560 adapters=629
 compilation: enabled
              stopped_count=0, restarted_count=0
 full_count=0

JVMCI Events (20 events):
Event: 74.376 Thread 0x00007f69780b21d0 destroyed JavaVM[2]@0x00007f692279e340 for JVMCI runtime 0
Event: 74.376 Thread 0x00007f69780b21d0 compacted oop handles in JVMCI runtime 0 from 42 to 42
Event: 74.376 Thread 0x00007f69780b21d0 releasing handles for JVMCI runtime 0: oop handles=42, metadata handles={total=87, live=76, blocks=56}
Event: 74.376 Thread 0x00007f69780b21d0 detached from JVMCI runtime 0
Event: 526.399 Thread 0x00007f69780b21d0 attached to JVMCI runtime 0
Event: 526.400 Thread 0x00007f69780b21d0 created JavaVM[3]@0x00007f692279e340 for JVMCI runtime 0
Event: 527.415 Thread 0x00007f69780b21d0 initializing JVMCI runtime 0
Event: 527.415 Thread 0x00007f69780b21d0 done waiting for JavaVM references initialization in JVMCI runtime 0
Event: 543.507 Thread 0x00007f69780b21d0 initialized JVMCI runtime 0
Event: 560.102 Thread 0x00007f69780b21d0 detaching from JVMCI runtime 0: releasing idle compiler thread (0 other threads still attached)
Event: 560.102 Thread 0x00007f69780b21d0 shutting down HotSpotJVMCIRuntime for JVMCI runtime 0
Event: 561.199 Thread 0x00007f69780b21d0 shut down JVMCI runtime 0
Event: 562.198 Thread 0x00007f69780b21d0 destroyed JavaVM[3]@0x00007f692279e340 for JVMCI runtime 0
Event: 562.198 Thread 0x00007f69780b21d0 compacted oop handles in JVMCI runtime 0 from 45 to 45
Event: 562.198 Thread 0x00007f69780b21d0 releasing handles for JVMCI runtime 0: oop handles=45, metadata handles={total=90, live=79, blocks=56}
Event: 562.198 Thread 0x00007f69780b21d0 detached from JVMCI runtime 0
Event: 788.014 Thread 0x00007f69780b21d0 attached to JVMCI runtime 0
Event: 788.014 Thread 0x00007f69780b21d0 created JavaVM[4]@0x00007f692279e340 for JVMCI runtime 0
Event: 788.014 Thread 0x00007f69780b21d0 initializing JVMCI runtime 0
Event: 788.014 Thread 0x00007f69780b21d0 done waiting for JavaVM references initialization in JVMCI runtime 0

Compilation events (20 events):
Event: 312.213 Thread 0x00007f69780b36e0 nmethod 8480% 0x00007f695ffb6710 code [0x00007f695ffb68c0, 0x00007f695ffb6af0]
Event: 333.991 Thread 0x00007f69780b36e0 8481   !   3       java.nio.DirectByteBuffer::address (53 bytes)
Event: 337.187 Thread 0x00007f69780b36e0 nmethod 8481 0x00007f69602f9190 code [0x00007f69602f93a0, 0x00007f69602f9da0]
Event: 345.816 Thread 0x00007f69780b36e0 8482       3       java.lang.Thread::checkAccess (14 bytes)
Event: 349.210 Thread 0x00007f69780b36e0 nmethod 8482 0x00007f695ff09090 code [0x00007f695ff09260, 0x00007f695ff099c0]
Event: 363.018 Thread 0x00007f69780b36e0 8483       3       java.util.concurrent.ThreadPoolExecutor::runStateAtLeast (11 bytes)
Event: 365.104 Thread 0x00007f69780b36e0 nmethod 8483 0x00007f695ffbe010 code [0x00007f695ffbe1a0, 0x00007f695ffbe2f0]
Event: 407.991 Thread 0x00007f69780b36e0 8484       3       java.util.concurrent.locks.AbstractQueuedSynchronizer::acquire (20 bytes)
Event: 407.991 Thread 0x00007f69780b36e0 nmethod 8484 0x00007f6960229290 code [0x00007f6960229440, 0x00007f6960229810]
Event: 525.395 Thread 0x00007f69780b36e0 8485       3       java.lang.Thread::interrupted (23 bytes)
Event: 526.399 Thread 0x00007f69780b21d0 8486       4       java.util.concurrent.locks.ReentrantLock$Sync::isHeldExclusively (16 bytes)
Event: 528.521 Thread 0x00007f69780b36e0 nmethod 8485 0x00007f695ffe5090 code [0x00007f695ffe5240, 0x00007f695ffe53c0]
Event: 559.088 Thread 0x00007f69780b21d0 nmethod 8486 0x00007f6967215110 code [0x00007f6967215280, 0x00007f69672152d8]
Event: 562.198 Thread 0x00007f69780b36e0 8487       1       org.eclipse.osgi.internal.framework.EquinoxContainer::getStorage (5 bytes)
Event: 563.197 Thread 0x00007f69780b36e0 nmethod 8487 0x00007f6967215410 code [0x00007f69672155a0, 0x00007f6967215670]
Event: 707.395 Thread 0x00007f69780b36e0 8488       3       java.util.concurrent.ThreadPoolExecutor::isShutdown (12 bytes)
Event: 707.395 Thread 0x00007f69780b36e0 nmethod 8488 0x00007f695fbf8890 code [0x00007f695fbf8a40, 0x00007f695fbf8c30]
Event: 717.919 Thread 0x00007f69780b36e0 8489       3       java.util.concurrent.ScheduledThreadPoolExecutor::canRunInCurrentRunState (61 bytes)
Event: 719.121 Thread 0x00007f69780b36e0 nmethod 8489 0x00007f6960072b10 code [0x00007f6960072d20, 0x00007f69600737c0]
Event: 788.014 Thread 0x00007f69780b21d0 8490       4       java.util.concurrent.locks.AbstractQueuedSynchronizer$ConditionObject::signal (34 bytes)

GC Heap History (20 events):
Event: 794.488 GC heap before
{Heap before GC invocations=800 (full 678):
 PSYoungGen      total 46592K, used 34815K [0x00000000f5580000, 0x00000000fac00000, 0x0000000100000000)
  eden space 34816K, 99% used [0x00000000f5580000,0x00000000f777ffe0,0x00000000f7780000)
  from space 11776K, 0% used [0x00000000f7780000,0x00000000f7780000,0x00000000f8300000)
  to   space 24576K, 0% used [0x00000000f9400000,0x00000000f9400000,0x00000000fac00000)
 ParOldGen       total 349696K, used 349695K [0x00000000e0000000, 0x00000000f5580000, 0x00000000f5580000)
  object space 349696K, 99% used [0x00000000e0000000,0x00000000f557ffc0,0x00000000f5580000)
 Metaspace       used 58771K, committed 59968K, reserved 1105920K
  class space    used 5866K, committed 6336K, reserved 1048576K
}
Event: 795.729 GC heap after
{Heap after GC invocations=800 (full 678):
 PSYoungGen      total 59392K, used 34815K [0x00000000f5580000, 0x00000000fac00000, 0x0000000100000000)
  eden space 34816K, 99% used [0x00000000f5580000,0x00000000f777ffe0,0x00000000f7780000)
  from space 24576K, 0% used [0x00000000f9400000,0x00000000f9400000,0x00000000fac00000)
  to   space 11776K, 0% used [0x00000000f7780000,0x00000000f7780000,0x00000000f8300000)
 ParOldGen       total 349696K, used 349695K [0x00000000e0000000, 0x00000000f5580000, 0x00000000f5580000)
  object space 349696K, 99% used [0x00000000e0000000,0x00000000f557ffa0,0x00000000f5580000)
 Metaspace       used 58771K, committed 59968K, reserved 1105920K
  class space    used 5866K, committed 6336K, reserved 1048576K
}
Event: 795.729 GC heap before
{Heap before GC invocations=801 (full 679):
 PSYoungGen      total 59392K, used 34816K [0x00000000f5580000, 0x00000000fac00000, 0x0000000100000000)
  eden space 34816K, 100% used [0x00000000f5580000,0x00000000f7780000,0x00000000f7780000)
  from space 24576K, 0% used [0x00000000f9400000,0x00000000f9400000,0x00000000fac00000)
  to   space 11776K, 0% used [0x00000000f7780000,0x00000000f7780000,0x00000000f8300000)
 ParOldGen       total 349696K, used 349695K [0x00000000e0000000, 0x00000000f5580000, 0x00000000f5580000)
  object space 349696K, 99% used [0x00000000e0000000,0x00000000f557ffe8,0x00000000f5580000)
 Metaspace       used 58771K, committed 59968K, reserved 1105920K
  class space    used 5866K, committed 6336K, reserved 1048576K
}
Event: 796.816 GC heap after
{Heap after GC invocations=801 (full 679):
 PSYoungGen      total 46592K, used 34815K [0x00000000f5580000, 0x00000000fac00000, 0x0000000100000000)
  eden space 34816K, 99% used [0x00000000f5580000,0x00000000f777ffe8,0x00000000f7780000)
  from space 11776K, 0% used [0x00000000f7780000,0x00000000f7780000,0x00000000f8300000)
  to   space 24576K, 0% used [0x00000000f9400000,0x00000000f9400000,0x00000000fac00000)
 ParOldGen       total 349696K, used 349695K [0x00000000e0000000, 0x00000000f5580000, 0x00000000f5580000)
  object space 349696K, 99% used [0x00000000e0000000,0x00000000f557ffe8,0x00000000f5580000)
 Metaspace       used 58771K, committed 59968K, reserved 1105920K
  class space    used 5866K, committed 6336K, reserved 1048576K
}
Event: 796.816 GC heap before
{Heap before GC invocations=802 (full 680):
 PSYoungGen      total 46592K, used 34815K [0x00000000f5580000, 0x00000000fac00000, 0x0000000100000000)
  eden space 34816K, 99% used [0x00000000f5580000,0x00000000f777ffe8,0x00000000f7780000)
  from space 11776K, 0% used [0x00000000f7780000,0x00000000f7780000,0x00000000f8300000)
  to   space 24576K, 0% used [0x00000000f9400000,0x00000000f9400000,0x00000000fac00000)
 ParOldGen       total 349696K, used 349695K [0x00000000e0000000, 0x00000000f5580000, 0x00000000f5580000)
  object space 349696K, 99% used [0x00000000e0000000,0x00000000f557ffe8,0x00000000f5580000)
 Metaspace       used 58771K, committed 59968K, reserved 1105920K
  class space    used 5866K, committed 6336K, reserved 1048576K
}
Event: 798.030 GC heap after
{Heap after GC invocations=802 (full 680):
 PSYoungGen      total 59392K, used 34815K [0x00000000f5580000, 0x00000000fac00000, 0x0000000100000000)
  eden space 34816K, 99% used [0x00000000f5580000,0x00000000f777ffe8,0x00000000f7780000)
  from space 24576K, 0% used [0x00000000f9400000,0x00000000f9400000,0x00000000fac00000)
  to   space 11776K, 0% used [0x00000000f7780000,0x00000000f7780000,0x00000000f8300000)
 ParOldGen       total 349696K, used 349695K [0x00000000e0000000, 0x00000000f5580000, 0x00000000f5580000)
  object space 349696K, 99% used [0x00000000e0000000,0x00000000f557ffe8,0x00000000f5580000)
 Metaspace       used 58771K, committed 59968K, reserved 1105920K
  class space    used 5866K, committed 6336K, reserved 1048576K
}
Event: 798.074 GC heap before
{Heap before GC invocations=803 (full 681):
 PSYoungGen      total 59392K, used 34815K [0x00000000f5580000, 0x00000000fac00000, 0x0000000100000000)
  eden space 34816K, 99% used [0x00000000f5580000,0x00000000f777ffe8,0x00000000f7780000)
  from space 24576K, 0% used [0x00000000f9400000,0x00000000f9400000,0x00000000fac00000)
  to   space 11776K, 0% used [0x00000000f7780000,0x00000000f7780000,0x00000000f8300000)
 ParOldGen       total 349696K, used 349695K [0x00000000e0000000, 0x00000000f5580000, 0x00000000f5580000)
  object space 349696K, 99% used [0x00000000e0000000,0x00000000f557ffe8,0x00000000f5580000)
 Metaspace       used 58771K, committed 59968K, reserved 1105920K
  class space    used 5866K, committed 6336K, reserved 1048576K
}
Event: 799.185 GC heap after
{Heap after GC invocations=803 (full 681):
 PSYoungGen      total 46592K, used 34815K [0x00000000f5580000, 0x00000000fac00000, 0x0000000100000000)
  eden space 34816K, 99% used [0x00000000f5580000,0x00000000f777ffc8,0x00000000f7780000)
  from space 11776K, 0% used [0x00000000f7780000,0x00000000f7780000,0x00000000f8300000)
  to   space 24576K, 0% used [0x00000000f9400000,0x00000000f9400000,0x00000000fac00000)
 ParOldGen       total 349696K, used 349694K [0x00000000e0000000, 0x00000000f5580000, 0x00000000f5580000)
  object space 349696K, 99% used [0x00000000e0000000,0x00000000f557fa48,0x00000000f5580000)
 Metaspace       used 58771K, committed 59968K, reserved 1105920K
  class space    used 5866K, committed 6336K, reserved 1048576K
}
Event: 799.185 GC heap before
{Heap before GC invocations=804 (full 682):
 PSYoungGen      total 46592K, used 34815K [0x00000000f5580000, 0x00000000fac00000, 0x0000000100000000)
  eden space 34816K, 99% used [0x00000000f5580000,0x00000000f777fff8,0x00000000f7780000)
  from space 11776K, 0% used [0x00000000f7780000,0x00000000f7780000,0x00000000f8300000)
  to   space 24576K, 0% used [0x00000000f9400000,0x00000000f9400000,0x00000000fac00000)
 ParOldGen       total 349696K, used 349694K [0x00000000e0000000, 0x00000000f5580000, 0x00000000f5580000)
  object space 349696K, 99% used [0x00000000e0000000,0x00000000f557fa48,0x00000000f5580000)
 Metaspace       used 58771K, committed 59968K, reserved 1105920K
  class space    used 5866K, committed 6336K, reserved 1048576K
}
Event: 800.301 GC heap after
{Heap after GC invocations=804 (full 682):
 PSYoungGen      total 59392K, used 34815K [0x00000000f5580000, 0x00000000fac00000, 0x0000000100000000)
  eden space 34816K, 99% used [0x00000000f5580000,0x00000000f777ffe8,0x00000000f7780000)
  from space 24576K, 0% used [0x00000000f9400000,0x00000000f9400000,0x00000000fac00000)
  to   space 11776K, 0% used [0x00000000f7780000,0x00000000f7780000,0x00000000f8300000)
 ParOldGen       total 349696K, used 349694K [0x00000000e0000000, 0x00000000f5580000, 0x00000000f5580000)
  object space 349696K, 99% used [0x00000000e0000000,0x00000000f557fa48,0x00000000f5580000)
 Metaspace       used 58771K, committed 59968K, reserved 1105920K
  class space    used 5866K, committed 6336K, reserved 1048576K
}
Event: 800.301 GC heap before
{Heap before GC invocations=805 (full 683):
 PSYoungGen      total 59392K, used 34815K [0x00000000f5580000, 0x00000000fac00000, 0x0000000100000000)
  eden space 34816K, 99% used [0x00000000f5580000,0x00000000f777fff8,0x00000000f7780000)
  from space 24576K, 0% used [0x00000000f9400000,0x00000000f9400000,0x00000000fac00000)
  to   space 11776K, 0% used [0x00000000f7780000,0x00000000f7780000,0x00000000f8300000)
 ParOldGen       total 349696K, used 349695K [0x00000000e0000000, 0x00000000f5580000, 0x00000000f5580000)
  object space 349696K, 99% used [0x00000000e0000000,0x00000000f557fd18,0x00000000f5580000)
 Metaspace       used 58771K, committed 59968K, reserved 1105920K
  class space    used 5866K, committed 6336K, reserved 1048576K
}
Event: 801.497 GC heap after
{Heap after GC invocations=805 (full 683):
 PSYoungGen      total 46592K, used 34815K [0x00000000f5580000, 0x00000000fac00000, 0x0000000100000000)
  eden space 34816K, 99% used [0x00000000f5580000,0x00000000f777ff70,0x00000000f7780000)
  from space 11776K, 0% used [0x00000000f7780000,0x00000000f7780000,0x00000000f8300000)
  to   space 24576K, 0% used [0x00000000f9400000,0x00000000f9400000,0x00000000fac00000)
 ParOldGen       total 349696K, used 349695K [0x00000000e0000000, 0x00000000f5580000, 0x00000000f5580000)
  object space 349696K, 99% used [0x00000000e0000000,0x00000000f557fc10,0x00000000f5580000)
 Metaspace       used 58771K, committed 59968K, reserved 1105920K
  class space    used 5866K, committed 6336K, reserved 1048576K
}
Event: 801.498 GC heap before
{Heap before GC invocations=806 (full 684):
 PSYoungGen      total 46592K, used 34815K [0x00000000f5580000, 0x00000000fac00000, 0x0000000100000000)
  eden space 34816K, 99% used [0x00000000f5580000,0x00000000f777ff70,0x00000000f7780000)
  from space 11776K, 0% used [0x00000000f7780000,0x00000000f7780000,0x00000000f8300000)
  to   space 24576K, 0% used [0x00000000f9400000,0x00000000f9400000,0x00000000fac00000)
 ParOldGen       total 349696K, used 349695K [0x00000000e0000000, 0x00000000f5580000, 0x00000000f5580000)
  object space 349696K, 99% used [0x00000000e0000000,0x00000000f557fc10,0x00000000f5580000)
 Metaspace       used 58771K, committed 59968K, reserved 1105920K
  class space    used 5866K, committed 6336K, reserved 1048576K
}
Event: 802.620 GC heap after
{Heap after GC invocations=806 (full 684):
 PSYoungGen      total 59392K, used 34815K [0x00000000f5580000, 0x00000000fac00000, 0x0000000100000000)
  eden space 34816K, 99% used [0x00000000f5580000,0x00000000f777ff70,0x00000000f7780000)
  from space 24576K, 0% used [0x00000000f9400000,0x00000000f9400000,0x00000000fac00000)
  to   space 11776K, 0% used [0x00000000f7780000,0x00000000f7780000,0x00000000f8300000)
 ParOldGen       total 349696K, used 349695K [0x00000000e0000000, 0x00000000f5580000, 0x00000000f5580000)
  object space 349696K, 99% used [0x00000000e0000000,0x00000000f557fc10,0x00000000f5580000)
 Metaspace       used 58771K, committed 59968K, reserved 1105920K
  class space    used 5866K, committed 6336K, reserved 1048576K
}
Event: 802.620 GC heap before
{Heap before GC invocations=807 (full 685):
 PSYoungGen      total 59392K, used 34816K [0x00000000f5580000, 0x00000000fac00000, 0x0000000100000000)
  eden space 34816K, 100% used [0x00000000f5580000,0x00000000f7780000,0x00000000f7780000)
  from space 24576K, 0% used [0x00000000f9400000,0x00000000f9400000,0x00000000fac00000)
  to   space 11776K, 0% used [0x00000000f7780000,0x00000000f7780000,0x00000000f8300000)
 ParOldGen       total 349696K, used 349695K [0x00000000e0000000, 0x00000000f5580000, 0x00000000f5580000)
  object space 349696K, 99% used [0x00000000e0000000,0x00000000f557fff0,0x00000000f5580000)
 Metaspace       used 58771K, committed 59968K, reserved 1105920K
  class space    used 5866K, committed 6336K, reserved 1048576K
}
Event: 804.015 GC heap after
{Heap after GC invocations=807 (full 685):
 PSYoungGen      total 46592K, used 34816K [0x00000000f5580000, 0x00000000fac00000, 0x0000000100000000)
  eden space 34816K, 100% used [0x00000000f5580000,0x00000000f7780000,0x00000000f7780000)
  from space 11776K, 0% used [0x00000000f7780000,0x00000000f7780000,0x00000000f8300000)
  to   space 24576K, 0% used [0x00000000f9400000,0x00000000f9400000,0x00000000fac00000)
 ParOldGen       total 349696K, used 349695K [0x00000000e0000000, 0x00000000f5580000, 0x00000000f5580000)
  object space 349696K, 99% used [0x00000000e0000000,0x00000000f557fc48,0x00000000f5580000)
 Metaspace       used 58771K, committed 59968K, reserved 1105920K
  class space    used 5866K, committed 6336K, reserved 1048576K
}
Event: 804.018 GC heap before
{Heap before GC invocations=808 (full 686):
 PSYoungGen      total 46592K, used 34816K [0x00000000f5580000, 0x00000000fac00000, 0x0000000100000000)
  eden space 34816K, 100% used [0x00000000f5580000,0x00000000f7780000,0x00000000f7780000)
  from space 11776K, 0% used [0x00000000f7780000,0x00000000f7780000,0x00000000f8300000)
  to   space 24576K, 0% used [0x00000000f9400000,0x00000000f9400000,0x00000000fac00000)
 ParOldGen       total 349696K, used 349695K [0x00000000e0000000, 0x00000000f5580000, 0x00000000f5580000)
  object space 349696K, 99% used [0x00000000e0000000,0x00000000f557fca8,0x00000000f5580000)
 Metaspace       used 58771K, committed 59968K, reserved 1105920K
  class space    used 5866K, committed 6336K, reserved 1048576K
}
Event: 805.186 GC heap after
{Heap after GC invocations=808 (full 686):
 PSYoungGen      total 59392K, used 34816K [0x00000000f5580000, 0x00000000fac00000, 0x0000000100000000)
  eden space 34816K, 100% used [0x00000000f5580000,0x00000000f7780000,0x00000000f7780000)
  from space 24576K, 0% used [0x00000000f9400000,0x00000000f9400000,0x00000000fac00000)
  to   space 11776K, 0% used [0x00000000f7780000,0x00000000f7780000,0x00000000f8300000)
 ParOldGen       total 349696K, used 349695K [0x00000000e0000000, 0x00000000f5580000, 0x00000000f5580000)
  object space 349696K, 99% used [0x00000000e0000000,0x00000000f557fca8,0x00000000f5580000)
 Metaspace       used 58771K, committed 59968K, reserved 1105920K
  class space    used 5866K, committed 6336K, reserved 1048576K
}
Event: 805.188 GC heap before
{Heap before GC invocations=809 (full 687):
 PSYoungGen      total 59392K, used 34816K [0x00000000f5580000, 0x00000000fac00000, 0x0000000100000000)
  eden space 34816K, 100% used [0x00000000f5580000,0x00000000f7780000,0x00000000f7780000)
  from space 24576K, 0% used [0x00000000f9400000,0x00000000f9400000,0x00000000fac00000)
  to   space 11776K, 0% used [0x00000000f7780000,0x00000000f7780000,0x00000000f8300000)
 ParOldGen       total 349696K, used 349695K [0x00000000e0000000, 0x00000000f5580000, 0x00000000f5580000)
  object space 349696K, 99% used [0x00000000e0000000,0x00000000f557fff8,0x00000000f5580000)
 Metaspace       used 58771K, committed 59968K, reserved 1105920K
  class space    used 5866K, committed 6336K, reserved 1048576K
}
Event: 806.419 GC heap after
{Heap after GC invocations=809 (full 687):
 PSYoungGen      total 46592K, used 34815K [0x00000000f5580000, 0x00000000fac00000, 0x0000000100000000)
  eden space 34816K, 99% used [0x00000000f5580000,0x00000000f777ff20,0x00000000f7780000)
  from space 11776K, 0% used [0x00000000f7780000,0x00000000f7780000,0x00000000f8300000)
  to   space 24576K, 0% used [0x00000000f9400000,0x00000000f9400000,0x00000000fac00000)
 ParOldGen       total 349696K, used 349695K [0x00000000e0000000, 0x00000000f5580000, 0x00000000f5580000)
  object space 349696K, 99% used [0x00000000e0000000,0x00000000f557fff8,0x00000000f5580000)
 Metaspace       used 58771K, committed 59968K, reserved 1105920K
  class space    used 5866K, committed 6336K, reserved 1048576K
}

Dll operation events (9 events):
Event: 0.002 Loaded shared library /nix/store/gpxl5qgg8kicmcvivwmybwjlpf7wh20l-graalvm17-ce-22.3.0/lib/libjava.so
Event: 0.006 Loaded shared library /nix/store/gpxl5qgg8kicmcvivwmybwjlpf7wh20l-graalvm17-ce-22.3.0/lib/libjsvml.so
Event: 0.190 Loaded shared library /nix/store/gpxl5qgg8kicmcvivwmybwjlpf7wh20l-graalvm17-ce-22.3.0/lib/libjvmcicompiler.so
Event: 0.194 Loaded shared library /nix/store/gpxl5qgg8kicmcvivwmybwjlpf7wh20l-graalvm17-ce-22.3.0/lib/libnio.so
Event: 0.199 Loaded shared library /nix/store/gpxl5qgg8kicmcvivwmybwjlpf7wh20l-graalvm17-ce-22.3.0/lib/libzip.so
Event: 0.679 Loaded shared library /nix/store/gpxl5qgg8kicmcvivwmybwjlpf7wh20l-graalvm17-ce-22.3.0/lib/libjimage.so
Event: 1.109 Loaded shared library /nix/store/gpxl5qgg8kicmcvivwmybwjlpf7wh20l-graalvm17-ce-22.3.0/lib/libnet.so
Event: 3.879 Loaded shared library /home/runner/.cache/jdt-language-server/config/org.eclipse.equinox.launcher/org.eclipse.equinox.launcher.gtk.linux.x86_64_1.2.400.v20211117-0650/eclipse_11600.so
Event: 11.776 Loaded shared library /nix/store/gpxl5qgg8kicmcvivwmybwjlpf7wh20l-graalvm17-ce-22.3.0/lib/libextnet.so

Deoptimization events (20 events):
Event: 53.073 Thread 0x00007f690c4c0df0 DEOPT PACKING pc=0x00007f696020245d sp=0x00007f69241fe530
Event: 53.073 Thread 0x00007f690c4c0df0 DEOPT UNPACKING pc=0x00007f695f505325 sp=0x00007f69241fda20 mode 0
Event: 53.075 Thread 0x00007f690c4c0df0 DEOPT PACKING pc=0x00007f696020245d sp=0x00007f69241fe530
Event: 53.075 Thread 0x00007f690c4c0df0 DEOPT UNPACKING pc=0x00007f695f505325 sp=0x00007f69241fda20 mode 0
Event: 53.076 Thread 0x00007f690c4c0df0 DEOPT PACKING pc=0x00007f696020245d sp=0x00007f69241fe530
Event: 53.076 Thread 0x00007f690c4c0df0 DEOPT UNPACKING pc=0x00007f695f505325 sp=0x00007f69241fda20 mode 0
Event: 53.081 Thread 0x00007f690c4c0df0 DEOPT PACKING pc=0x00007f696020245d sp=0x00007f69241fe530
Event: 53.081 Thread 0x00007f690c4c0df0 DEOPT UNPACKING pc=0x00007f695f505325 sp=0x00007f69241fda20 mode 0
Event: 53.089 Thread 0x00007f690c4c0df0 DEOPT PACKING pc=0x00007f696020245d sp=0x00007f69241fe530
Event: 53.089 Thread 0x00007f690c4c0df0 DEOPT UNPACKING pc=0x00007f695f505325 sp=0x00007f69241fda20 mode 0
Event: 53.091 Thread 0x00007f690c4c0df0 DEOPT PACKING pc=0x00007f696020245d sp=0x00007f69241fe530
Event: 53.091 Thread 0x00007f690c4c0df0 DEOPT UNPACKING pc=0x00007f695f505325 sp=0x00007f69241fda20 mode 0
Event: 343.594 Thread 0x00007f6928002290 Uncommon trap: trap_request=0xffffffed fr.pc=0x00007f6967214fdb relative=0x000000000000005b
Event: 343.594 Thread 0x00007f6928002290 Uncommon trap: reason=null_assert_or_unreached0 action=reinterpret pc=0x00007f6967214fdb method=java.lang.Thread.interrupted()Z @ 8 jvmci
Event: 344.712 Thread 0x00007f6928002290 DEOPT PACKING pc=0x00007f6967214fdb sp=0x00007f695c5fe650
Event: 344.712 Thread 0x00007f6928002290 DEOPT UNPACKING pc=0x00007f695f505325 sp=0x00007f695c5fdae0 mode 3
Event: 798.073 Thread 0x00007f690c4c0df0 Uncommon trap: trap_request=0xffffff8f fr.pc=0x00007f696720ec94 relative=0x0000000000000274
Event: 798.073 Thread 0x00007f690c4c0df0 Uncommon trap: reason=constraint action=none pc=0x00007f696720ec94 method=org.eclipse.jdt.internal.core.index.DiskIndex$IntList.add(I)V @ 0 jvmci
Event: 798.073 Thread 0x00007f690c4c0df0 DEOPT PACKING pc=0x00007f696720ec94 sp=0x00007f69241fe500
Event: 798.073 Thread 0x00007f690c4c0df0 DEOPT UNPACKING pc=0x00007f695f505325 sp=0x00007f69241fd9a0 mode 3

Classes unloaded (20 events):
Event: 144.387 Thread 0x00007f69780a1c10 Unloading class 0x0000000801070800 'java/lang/invoke/LambdaForm$MH+0x0000000801070800'
Event: 144.387 Thread 0x00007f69780a1c10 Unloading class 0x0000000801070400 'java/lang/invoke/LambdaForm$MH+0x0000000801070400'
Event: 144.387 Thread 0x00007f69780a1c10 Unloading class 0x0000000801070000 'java/lang/invoke/LambdaForm$MH+0x0000000801070000'
Event: 144.387 Thread 0x00007f69780a1c10 Unloading class 0x0000000800ef5000 'jdk/internal/reflect/GeneratedConstructorAccessor12'
Event: 144.387 Thread 0x00007f69780a1c10 Unloading class 0x0000000800ef4800 'jdk/internal/reflect/GeneratedConstructorAccessor10'
Event: 144.387 Thread 0x00007f69780a1c10 Unloading class 0x0000000800ef4400 'jdk/internal/reflect/GeneratedConstructorAccessor9'
Event: 144.387 Thread 0x00007f69780a1c10 Unloading class 0x0000000800ef4000 'jdk/internal/reflect/GeneratedConstructorAccessor8'
Event: 144.387 Thread 0x00007f69780a1c10 Unloading class 0x0000000800da5000 'java/lang/invoke/LambdaForm$MH+0x0000000800da5000'
Event: 144.387 Thread 0x00007f69780a1c10 Unloading class 0x0000000800da4c00 'java/lang/invoke/LambdaForm$MH+0x0000000800da4c00'
Event: 144.387 Thread 0x00007f69780a1c10 Unloading class 0x0000000800da4800 'java/lang/invoke/LambdaForm$MH+0x0000000800da4800'
Event: 144.387 Thread 0x00007f69780a1c10 Unloading class 0x0000000800da4400 'java/lang/invoke/LambdaForm$MH+0x0000000800da4400'
Event: 144.387 Thread 0x00007f69780a1c10 Unloading class 0x0000000800da4000 'jdk/internal/reflect/GeneratedConstructorAccessor3'
Event: 144.387 Thread 0x00007f69780a1c10 Unloading class 0x0000000800d06800 'java/lang/invoke/LambdaForm$MH+0x0000000800d06800'
Event: 144.387 Thread 0x00007f69780a1c10 Unloading class 0x0000000800d06000 'java/lang/invoke/LambdaForm$MH+0x0000000800d06000'
Event: 144.387 Thread 0x00007f69780a1c10 Unloading class 0x0000000800d05c00 'java/lang/invoke/LambdaForm$MH+0x0000000800d05c00'
Event: 144.387 Thread 0x00007f69780a1c10 Unloading class 0x0000000800d05800 'java/lang/invoke/LambdaForm$MH+0x0000000800d05800'
Event: 144.387 Thread 0x00007f69780a1c10 Unloading class 0x0000000800d05000 'java/lang/invoke/LambdaForm$MH+0x0000000800d05000'
Event: 144.387 Thread 0x00007f69780a1c10 Unloading class 0x0000000800d04c00 'java/lang/invoke/LambdaForm$MH+0x0000000800d04c00'
Event: 144.387 Thread 0x00007f69780a1c10 Unloading class 0x0000000800d04800 'java/lang/invoke/LambdaForm$MH+0x0000000800d04800'
Event: 144.387 Thread 0x00007f69780a1c10 Unloading class 0x0000000800d04000 'java/lang/invoke/LambdaForm$MH+0x0000000800d04000'

Classes redefined (0 events):
No events

Internal exceptions (20 events):
Event: 29.195 Thread 0x00007f690c344620 Exception <a 'java/lang/NoSuchMethodError'{0x00000000f57a14c0}: static [J.<clinit>()V> (0x00000000f57a14c0) 
thrown [src/hotspot/share/prims/jni.cpp, line 1107]
Event: 31.693 Thread 0x00007f6900009000 Exception <a 'java/lang/NoSuchMethodError'{0x00000000f5829488}: 'java.lang.Object java.lang.invoke.DirectMethodHandle$Holder.invokeStatic(java.lang.Object, java.lang.Object, java.lang.Object, long)'> (0x00000000f5829488) 
thrown [src/hotspot/share/interpreter/linkResolver.cpp, line 758]
Event: 31.694 Thread 0x00007f6900009000 Exception <a 'java/lang/NoSuchMethodError'{0x00000000f58489a0}: 'java.lang.Object java.lang.invoke.DirectMethodHandle$Holder.newInvokeSpecial(java.lang.Object, java.lang.Object, java.lang.Object, long)'> (0x00000000f58489a0) 
thrown [src/hotspot/share/interpreter/linkResolver.cpp, line 758]
Event: 31.694 Thread 0x00007f6900009000 Exception <a 'java/lang/NoSuchMethodError'{0x00000000f588fa08}: 'java.lang.Object java.lang.invoke.DirectMethodHandle$Holder.invokeSpecial(java.lang.Object, java.lang.Object, java.lang.Object, java.lang.Object, long)'> (0x00000000f588fa08) 
thrown [src/hotspot/share/interpreter/linkResolver.cpp, line 758]
Event: 31.695 Thread 0x00007f6900009000 Exception <a 'java/lang/NoSuchMethodError'{0x00000000f5893a48}: 'java.lang.Object java.lang.invoke.Invokers$Holder.linkToTargetMethod(java.lang.Object, java.lang.Object, long, java.lang.Object)'> (0x00000000f5893a48) 
thrown [src/hotspot/share/interpreter/linkResolver.cpp, line 758]
Event: 31.894 Thread 0x00007f690c4c0df0 Implicit null exception at 0x00007f696715a5d6 to 0x00007f69671603cc
Event: 32.092 Thread 0x00007f6918001a50 Exception <a 'java/io/FileNotFoundException'{0x00000000f5a4ef28}> (0x00000000f5a4ef28) 
thrown [src/hotspot/share/prims/jni.cpp, line 516]
Event: 32.291 Thread 0x00007f6900009000 Exception <a 'java/lang/NoSuchMethodError'{0x00000000f570db28}: 'java.lang.Object java.lang.invoke.DirectMethodHandle$Holder.newInvokeSpecial(java.lang.Object, java.lang.Object, int, java.lang.Object, java.lang.Object)'> (0x00000000f570db28) 
thrown [src/hotspot/share/interpreter/linkResolver.cpp, line 758]
Event: 32.292 Thread 0x00007f6900009000 Exception <a 'java/lang/NoSuchMethodError'{0x00000000f5762638}: 'java.lang.Object java.lang.invoke.DirectMethodHandle$Holder.invokeSpecial(java.lang.Object, java.lang.Object, java.lang.Object, int, java.lang.Object, java.lang.Object)'> (0x00000000f5762638) 
thrown [src/hotspot/share/interpreter/linkResolver.cpp, line 758]
Event: 32.626 Thread 0x00007f6900009000 Exception <a 'java/lang/NoSuchMethodError'{0x00000000f5811508}: 'java.lang.Object java.lang.invoke.DirectMethodHandle$Holder.newInvokeSpecial(java.lang.Object, java.lang.Object, java.lang.Object, int, java.lang.Object)'> (0x00000000f5811508) 
thrown [src/hotspot/share/interpreter/linkResolver.cpp, line 758]
Event: 32.627 Thread 0x00007f6900009000 Exception <a 'java/lang/NoSuchMethodError'{0x00000000f58156b8}: 'java.lang.Object java.lang.invoke.DirectMethodHandle$Holder.invokeSpecial(java.lang.Object, java.lang.Object, java.lang.Object, java.lang.Object, int, java.lang.Object)'> (0x00000000f58156b8) 
thrown [src/hotspot/share/interpreter/linkResolver.cpp, line 758]
Event: 32.627 Thread 0x00007f6900009000 Exception <a 'java/lang/NoSuchMethodError'{0x00000000f5819430}: 'java.lang.Object java.lang.invoke.Invokers$Holder.linkToTargetMethod(java.lang.Object, java.lang.Object, int, java.lang.Object, java.lang.Object)'> (0x00000000f5819430) 
thrown [src/hotspot/share/interpreter/linkResolver.cpp, line 758]
Event: 33.784 Thread 0x00007f69000010d0 Implicit null exception at 0x00007f69670c1869 to 0x00007f69670c1a1b
Event: 37.192 Thread 0x00007f691012b2d0 Exception <a 'java/lang/NoSuchMethodError'{0x00000000f5e7bdb8}: 'java.lang.Object java.lang.invoke.DirectMethodHandle$Holder.invokeStatic(java.lang.Object, int, java.lang.Object, java.lang.Object, java.lang.Object, java.lang.Object)'> (0x00000000f5e7bdb8) 
thrown [src/hotspot/share/interpreter/linkResolver.cpp, line 758]
Event: 37.273 Thread 0x00007f691012b2d0 Exception <a 'java/lang/NoSuchMethodError'{0x00000000f5e84528}: 'java.lang.Object java.lang.invoke.DirectMethodHandle$Holder.newInvokeSpecial(java.lang.Object, int, java.lang.Object, java.lang.Object, java.lang.Object)'> (0x00000000f5e84528) 
thrown [src/hotspot/share/interpreter/linkResolver.cpp, line 758]
Event: 38.283 Thread 0x00007f691012b2d0 Exception <a 'java/lang/NoSuchMethodError'{0x00000000f5882328}: 'void java.lang.invoke.DirectMethodHandle$Holder.invokeSpecial(java.lang.Object, java.lang.Object, int)'> (0x00000000f5882328) 
thrown [src/hotspot/share/interpreter/linkResolver.cpp, line 758]
Event: 38.990 Thread 0x00007f691012b2d0 Exception <a 'java/lang/NoSuchMethodError'{0x00000000f5594400}: 'int java.lang.invoke.DirectMethodHandle$Holder.invokeSpecialIFC(java.lang.Object, java.lang.Object, java.lang.Object, java.lang.Object)'> (0x00000000f5594400) 
thrown [src/hotspot/share/interpreter/linkResolver.cpp, line 758]
Event: 798.073 Thread 0x00007f690c4c0df0 Exception <a 'java/lang/OutOfMemoryError'{0x00000000e0012520}> (0x00000000e0012520) 
thrown [src/hotspot/share/gc/shared/memAllocator.cpp, line 138]
Event: 798.073 Thread 0x00007f690c4c0df0 Implicit null exception at 0x00007f696720ebed to 0x00007f696720ec79
Event: 802.620 Thread 0x00007f69780b21d0 Exception <a 'java/lang/OutOfMemoryError'{0x00000000e00119e0}> (0x00000000e00119e0) 
thrown [src/hotspot/share/gc/shared/memAllocator.cpp, line 136]

VM Operations (20 events):
Event: 793.306 Executing VM operation: ParallelGCFailedAllocation done
Event: 793.306 Executing VM operation: ParallelGCFailedAllocation
Event: 794.485 Executing VM operation: ParallelGCFailedAllocation done
Event: 794.485 Executing VM operation: ParallelGCFailedAllocation
Event: 795.729 Executing VM operation: ParallelGCFailedAllocation done
Event: 795.729 Executing VM operation: ParallelGCFailedAllocation
Event: 798.030 Executing VM operation: ParallelGCFailedAllocation done
Event: 798.073 Executing VM operation: ParallelGCFailedAllocation
Event: 799.185 Executing VM operation: ParallelGCFailedAllocation done
Event: 799.185 Executing VM operation: ParallelGCFailedAllocation
Event: 800.301 Executing VM operation: ParallelGCFailedAllocation done
Event: 800.301 Executing VM operation: ParallelGCFailedAllocation
Event: 802.620 Executing VM operation: ParallelGCFailedAllocation done
Event: 802.620 Executing VM operation: ParallelGCFailedAllocation
Event: 804.015 Executing VM operation: ParallelGCFailedAllocation done
Event: 804.015 Executing VM operation: ParallelGCFailedAllocation
Event: 805.186 Executing VM operation: ParallelGCFailedAllocation done
Event: 805.186 Executing VM operation: ParallelGCFailedAllocation
Event: 806.419 Executing VM operation: ParallelGCFailedAllocation done
Event: 806.420 Executing VM operation: ParallelGCFailedAllocation

Events (20 events):
Event: 38.572 Thread 0x00007f69780b4b30 flushing nmethod 0x00007f69608ce410
Event: 38.684 loading class java/util/AbstractList$SubList
Event: 38.684 loading class java/util/AbstractList$SubList done
Event: 39.074 Thread 0x00007f691012b2d0 Thread exited: 0x00007f691012b2d0
Event: 68.391 Thread 0x00007f697821f580 Thread exited: 0x00007f697821f580
Event: 87.388 Thread 0x00007f6928003510 Thread exited: 0x00007f6928003510
Event: 87.388 Thread 0x00007f690c91a9f0 Thread exited: 0x00007f690c91a9f0
Event: 97.700 Thread 0x00007f69000077e0 Thread exited: 0x00007f69000077e0
Event: 97.700 Thread 0x00007f69000010d0 Thread exited: 0x00007f69000010d0
Event: 97.700 Thread 0x00007f6900009000 Thread exited: 0x00007f6900009000
Event: 230.909 Thread 0x00007f690c344620 Thread exited: 0x00007f690c344620
Event: 336.200 loading class java/io/InterruptedIOException
Event: 336.200 loading class java/io/InterruptedIOException done
Event: 336.200 loading class javax/net/ssl/SSLException
Event: 337.187 loading class javax/net/ssl/SSLException done
Event: 339.395 loading class java/lang/AssertionError
Event: 340.478 loading class java/lang/AssertionError done
Event: 347.000 Thread 0x00007f6928002290 Thread exited: 0x00007f6928002290
Event: 348.202 Thread 0x00007f690c93da40 Thread exited: 0x00007f690c93da40
Event: 398.506 Thread 0x00007f690c93e450 Thread exited: 0x00007f690c93e450


Dynamic libraries:
e0000000-f5580000 rw-p 00000000 00:00 0 
f5580000-fac00000 rw-p 00000000 00:00 0 
fac00000-100000000 ---p 00000000 00:00 0 
800000000-800449000 rw-p 00001000 00:1442 4611686019135357769            /nix/store/gpxl5qgg8kicmcvivwmybwjlpf7wh20l-graalvm17-ce-22.3.0/lib/server/classes.jsa
800449000-800bc8000 r--p 0044a000 00:1442 4611686019135357769            /nix/store/gpxl5qgg8kicmcvivwmybwjlpf7wh20l-graalvm17-ce-22.3.0/lib/server/classes.jsa
800bc8000-800c00000 ---p 00000000 00:00 0 
800c00000-800c20000 rw-p 00000000 00:00 0 
800c20000-800c40000 rw-p 00000000 00:00 0 
800c40000-800cc0000 rw-p 00000000 00:00 0 
800cc0000-800d00000 rw-p 00000000 00:00 0 
800d00000-800dc0000 rw-p 00000000 00:00 0 
800dc0000-800e00000 rw-p 00000000 00:00 0 
800e00000-800f40000 rw-p 00000000 00:00 0 
800f40000-800fc0000 rw-p 00000000 00:00 0 
800fc0000-801000000 rw-p 00000000 00:00 0 
801000000-801230000 rw-p 00000000 00:00 0 
801230000-840c00000 ---p 00000000 00:00 0 
56543d174000-56543d175000 r-xp 00000000 00:1442 4611686019099417844      /nix/store/gpxl5qgg8kicmcvivwmybwjlpf7wh20l-graalvm17-ce-22.3.0/bin/.java-wrapped
56543d176000-56543d177000 r--p 00001000 00:1442 4611686019099417844      /nix/store/gpxl5qgg8kicmcvivwmybwjlpf7wh20l-graalvm17-ce-22.3.0/bin/.java-wrapped
56543d177000-56543d178000 rw-p 00002000 00:1442 4611686019099417844      /nix/store/gpxl5qgg8kicmcvivwmybwjlpf7wh20l-graalvm17-ce-22.3.0/bin/.java-wrapped
56543d178000-56543d179000 rw-p 00004000 00:1442 4611686019099417844      /nix/store/gpxl5qgg8kicmcvivwmybwjlpf7wh20l-graalvm17-ce-22.3.0/bin/.java-wrapped
56543d179000-56543d17a000 rw-p 00005000 00:1442 4611686019099417844      /nix/store/gpxl5qgg8kicmcvivwmybwjlpf7wh20l-graalvm17-ce-22.3.0/bin/.java-wrapped
56543e56e000-56543e6e6000 rw-p 00000000 00:00 0                          [heap]
7f68ee000000-7f68ee530000 rw-p 00000000 00:00 0 
7f68ee530000-7f68ee800000 ---p 00000000 00:00 0 
7f68ef400000-7f68ef580000 rw-p 00000000 00:00 0 
7f68ef580000-7f68ef600000 rw-p 00000000 00:00 0 
7f68ef600000-7f68ef920000 rw-p 00000000 00:00 0 
7f68ef920000-7f68efb00000 rw-p 00000000 00:00 0 
7f68efb00000-7f68efb30000 rw-p 00000000 00:00 0 
7f68efb30000-7f68efc00000 ---p 00000000 00:00 0 
7f68f0cb3000-7f68fa800000 r--s 00000000 00:1442 4611686019135192581      /nix/store/gpxl5qgg8kicmcvivwmybwjlpf7wh20l-graalvm17-ce-22.3.0/lib/modules
7f68fa800000-7f68fa900000 rw-p 00000000 00:00 0 
7f68fa900000-7f68faa00000 rw-p 00000000 00:00 0 
7f68faa00000-7f68fb000000 rw-p 00000000 00:00 0 
7f68fb000000-7f68fb0a0000 rw-p 00000000 00:00 0 
7f68fb0a0000-7f68fb0c0000 rw-p 00000000 00:00 0 
7f68fb0c0000-7f68fb100000 rw-p 00000000 00:00 0 
7f68fb100000-7f68fb2e0000 rw-p 00000000 00:00 0 
7f68fb2e0000-7f68fb300000 rw-p 00000000 00:00 0 
7f68fb300000-7f68fb500000 rw-p 00000000 00:00 0 
7f68fb500000-7f68fb600000 rw-p 00000000 00:00 0 
7f68fb600000-7f68fb800000 rw-p 00000000 00:00 0 
7f68fb800000-7f68fb900000 rw-p 00000000 00:00 0 
7f68fb900000-7f68fba00000 rw-p 00000000 00:00 0 
7f68fba00000-7f68fbf80000 rw-p 00000000 00:00 0 
7f68fbf80000-7f68fc000000 rw-p 00000000 00:00 0 
7f68fc000000-7f68fc2f6000 rw-p 00000000 00:00 0 
7f68fc2f6000-7f6900000000 ---p 00000000 00:00 0 
7f6900000000-7f690018f000 rw-p 00000000 00:00 0 
7f690018f000-7f6904000000 ---p 00000000 00:00 0 
7f6904000000-7f6904021000 rw-p 00000000 00:00 0 
7f6904021000-7f6908000000 ---p 00000000 00:00 0 
7f6908000000-7f6908021000 rw-p 00000000 00:00 0 
7f6908021000-7f690c000000 ---p 00000000 00:00 0 
7f690c000000-7f690cd1b000 rw-p 00000000 00:00 0 
7f690cd1b000-7f6910000000 ---p 00000000 00:00 0 
7f6910000000-7f69101e0000 rw-p 00000000 00:00 0 
7f69101e0000-7f6914000000 ---p 00000000 00:00 0 
7f6914000000-7f6914021000 rw-p 00000000 00:00 0 
7f6914021000-7f6918000000 ---p 00000000 00:00 0 
7f6918000000-7f691807c000 rw-p 00000000 00:00 0 
7f691807c000-7f691c000000 ---p 00000000 00:00 0 
7f691c000000-7f691c021000 rw-p 00000000 00:00 0 
7f691c021000-7f6920000000 ---p 00000000 00:00 0 
7f6920400000-7f6920500000 rw-p 00000000 00:00 0 
7f6920500000-7f6920600000 rw-p 00000000 00:00 0 
7f6920600000-7f6920900000 rw-p 00000000 00:00 0 
7f6920900000-7f6920a00000 rw-p 00000000 00:00 0 
7f6920a00000-7f6920c00000 rw-p 00000000 00:00 0 
7f6921000000-7f6921010000 r-xp 00000000 00:143f 358                      /home/runner/.cache/jdt-language-server/config/org.eclipse.equinox.launcher/org.eclipse.equinox.launcher.gtk.linux.x86_64_1.2.400.v20211117-0650/eclipse_11600.so
7f6921010000-7f692120f000 ---p 00010000 00:143f 358                      /home/runner/.cache/jdt-language-server/config/org.eclipse.equinox.launcher/org.eclipse.equinox.launcher.gtk.linux.x86_64_1.2.400.v20211117-0650/eclipse_11600.so
7f692120f000-7f6921210000 r--p 0000f000 00:143f 358                      /home/runner/.cache/jdt-language-server/config/org.eclipse.equinox.launcher/org.eclipse.equinox.launcher.gtk.linux.x86_64_1.2.400.v20211117-0650/eclipse_11600.so
7f6921210000-7f6921211000 rw-p 00010000 00:143f 358                      /home/runner/.cache/jdt-language-server/config/org.eclipse.equinox.launcher/org.eclipse.equinox.launcher.gtk.linux.x86_64_1.2.400.v20211117-0650/eclipse_11600.so
7f6921b00000-7f6921c00000 ---p 00000000 00:00 0 
7f6921c00000-7f69221af000 r--p 01122000 00:1442 4611686019135190040      /nix/store/gpxl5qgg8kicmcvivwmybwjlpf7wh20l-graalvm17-ce-22.3.0/lib/libjvmcicompiler.so
7f69221af000-7f6922300000 r--p 00000000 00:00 0 
7f6922300000-7f692233d000 rw-p 00000000 00:00 0 
7f692233d000-7f692285d000 rw-p 0185f000 00:1442 4611686019135190040      /nix/store/gpxl5qgg8kicmcvivwmybwjlpf7wh20l-graalvm17-ce-22.3.0/lib/libjvmcicompiler.so
7f692285d000-7f6922c44000 r--p 01d7f000 00:1442 4611686019135190040      /nix/store/gpxl5qgg8kicmcvivwmybwjlpf7wh20l-graalvm17-ce-22.3.0/lib/libjvmcicompiler.so
7f6922d00000-7f6922d04000 ---p 00000000 00:00 0 
7f6922d04000-7f6922e00000 rw-p 00000000 00:00 0 
7f6922f00000-7f6922f04000 ---p 00000000 00:00 0 
7f6922f04000-7f6923000000 rw-p 00000000 00:00 0 
7f6923100000-7f6923104000 ---p 00000000 00:00 0 
7f6923104000-7f6923200000 rw-p 00000000 00:00 0 
7f6923300000-7f6923304000 ---p 00000000 00:00 0 
7f6923304000-7f6923400000 rw-p 00000000 00:00 0 
7f6923500000-7f6923504000 ---p 00000000 00:00 0 
7f6923504000-7f6923600000 rw-p 00000000 00:00 0 
7f6923700000-7f6923704000 ---p 00000000 00:00 0 
7f6923704000-7f6923800000 rw-p 00000000 00:00 0 
7f6923900000-7f6923904000 ---p 00000000 00:00 0 
7f6923904000-7f6923a00000 rw-p 00000000 00:00 0 
7f6923b00000-7f6923b04000 ---p 00000000 00:00 0 
7f6923b04000-7f6923c00000 rw-p 00000000 00:00 0 
7f6923d00000-7f6923d04000 ---p 00000000 00:00 0 
7f6923d04000-7f6923e00000 rw-p 00000000 00:00 0 
7f6923f00000-7f6923f04000 ---p 00000000 00:00 0 
7f6923f04000-7f6924000000 rw-p 00000000 00:00 0 
7f6924100000-7f6924104000 ---p 00000000 00:00 0 
7f6924104000-7f6924200000 rw-p 00000000 00:00 0 
7f6924300000-7f6924304000 ---p 00000000 00:00 0 
7f6924304000-7f6924400000 rw-p 00000000 00:00 0 
7f6924500000-7f6924504000 ---p 00000000 00:00 0 
7f6924504000-7f6924600000 rw-p 00000000 00:00 0 
7f6924700000-7f6924704000 ---p 00000000 00:00 0 
7f6924704000-7f6924800000 rw-p 00000000 00:00 0 
7f6924900000-7f6924904000 ---p 00000000 00:00 0 
7f6924904000-7f6924a00000 rw-p 00000000 00:00 0 
7f6925668000-7f6925b00000 rw-p 00000000 00:00 0 
7f6925c00000-7f6927d6a000 r-xp 00000000 00:1442 4611686019135190040      /nix/store/gpxl5qgg8kicmcvivwmybwjlpf7wh20l-graalvm17-ce-22.3.0/lib/libjvmcicompiler.so
7f6927d6a000-7f6927f69000 ---p 0216a000 00:1442 4611686019135190040      /nix/store/gpxl5qgg8kicmcvivwmybwjlpf7wh20l-graalvm17-ce-22.3.0/lib/libjvmcicompiler.so
7f6927f69000-7f6927f6a000 r--p 02169000 00:1442 4611686019135190040      /nix/store/gpxl5qgg8kicmcvivwmybwjlpf7wh20l-graalvm17-ce-22.3.0/lib/libjvmcicompiler.so
7f6927f6a000-7f6927f6c000 rw-p 0216a000 00:1442 4611686019135190040      /nix/store/gpxl5qgg8kicmcvivwmybwjlpf7wh20l-graalvm17-ce-22.3.0/lib/libjvmcicompiler.so
7f6927f6c000-7f6927f6d000 rw-p 00000000 00:00 0 
7f6927f6d000-7f6927f72000 rw-p 023c3000 00:1442 4611686019135190040      /nix/store/gpxl5qgg8kicmcvivwmybwjlpf7wh20l-graalvm17-ce-22.3.0/lib/libjvmcicompiler.so
7f6928000000-7f6928021000 rw-p 00000000 00:00 0 
7f6928021000-7f692c000000 ---p 00000000 00:00 0 
7f692c000000-7f692c021000 rw-p 00000000 00:00 0 
7f692c021000-7f6930000000 ---p 00000000 00:00 0 
7f6930000000-7f6930021000 rw-p 00000000 00:00 0 
7f6930021000-7f6934000000 ---p 00000000 00:00 0 
7f6934000000-7f6934021000 rw-p 00000000 00:00 0 
7f6934021000-7f6938000000 ---p 00000000 00:00 0 
7f6938000000-7f69380f2000 rw-p 00000000 00:00 0 
7f69380f2000-7f693c000000 ---p 00000000 00:00 0 
7f693c000000-7f693cbd6000 rw-p 00000000 00:00 0 
7f693cbd6000-7f6940000000 ---p 00000000 00:00 0 
7f6940000000-7f6940114000 rw-p 00000000 00:00 0 
7f6940114000-7f6944000000 ---p 00000000 00:00 0 
7f6944000000-7f6944021000 rw-p 00000000 00:00 0 
7f6944021000-7f6948000000 ---p 00000000 00:00 0 
7f6948000000-7f6948021000 rw-p 00000000 00:00 0 
7f6948021000-7f694c000000 ---p 00000000 00:00 0 
7f694c000000-7f694c021000 rw-p 00000000 00:00 0 
7f694c021000-7f6950000000 ---p 00000000 00:00 0 
7f6950000000-7f6950021000 rw-p 00000000 00:00 0 
7f6950021000-7f6954000000 ---p 00000000 00:00 0 
7f6954000000-7f6954021000 rw-p 00000000 00:00 0 
7f6954021000-7f6958000000 ---p 00000000 00:00 0 
7f6958000000-7f695805f000 rw-p 00000000 00:00 0 
7f695805f000-7f695c000000 ---p 00000000 00:00 0 
7f695c000000-7f695c004000 ---p 00000000 00:00 0 
7f695c004000-7f695c100000 rw-p 00000000 00:00 0 
7f695c200000-7f695c204000 ---p 00000000 00:00 0 
7f695c204000-7f695c300000 rw-p 00000000 00:00 0 
7f695c400000-7f695c404000 ---p 00000000 00:00 0 
7f695c404000-7f695c500000 rw-p 00000000 00:00 0 
7f695c500000-7f695c504000 ---p 00000000 00:00 0 
7f695c504000-7f695c600000 rw-p 00000000 00:00 0 
7f695c600000-7f695c604000 ---p 00000000 00:00 0 
7f695c604000-7f695c700000 rw-p 00000000 00:00 0 
7f695c800000-7f695c804000 ---p 00000000 00:00 0 
7f695c804000-7f695c900000 rw-p 00000000 00:00 0 
7f695c946000-7f695c94a000 ---p 00000000 00:00 0 
7f695c94a000-7f695ca46000 rw-p 00000000 00:00 0 
7f695ca46000-7f695ca47000 ---p 00000000 00:00 0 
7f695ca47000-7f695cb48000 rw-p 00000000 00:00 0 
7f695cb48000-7f695cb4c000 ---p 00000000 00:00 0 
7f695cb4c000-7f695cc48000 rw-p 00000000 00:00 0 
7f695cc48000-7f695cc4c000 ---p 00000000 00:00 0 
7f695cc4c000-7f695cd48000 rw-p 00000000 00:00 0 
7f695cd48000-7f695cd4c000 ---p 00000000 00:00 0 
7f695cd4c000-7f695ce48000 rw-p 00000000 00:00 0 
7f695ce48000-7f695ce4c000 ---p 00000000 00:00 0 
7f695ce4c000-7f695d048000 rw-p 00000000 00:00 0 
7f695d048000-7f695d04c000 ---p 00000000 00:00 0 
7f695d04c000-7f695d248000 rw-p 00000000 00:00 0 
7f695d248000-7f695d24c000 ---p 00000000 00:00 0 
7f695d24c000-7f695d348000 rw-p 00000000 00:00 0 
7f695d348000-7f695d34c000 ---p 00000000 00:00 0 
7f695d34c000-7f695d448000 rw-p 00000000 00:00 0 
7f695d448000-7f695d44c000 ---p 00000000 00:00 0 
7f695d44c000-7f695d548000 rw-p 00000000 00:00 0 
7f695d548000-7f695d82e000 r--p 00000000 00:1407 28444448                 /usr/lib/locale/locale-archive
7f695d82e000-7f695d832000 ---p 00000000 00:00 0 
7f695d832000-7f695d92e000 rw-p 00000000 00:00 0 
7f695d92e000-7f695d932000 ---p 00000000 00:00 0 
7f695d932000-7f695da2e000 rw-p 00000000 00:00 0 
7f695da2e000-7f695da2f000 ---p 00000000 00:00 0 
7f695da2f000-7f695db30000 rw-p 00000000 00:00 0 
7f695db30000-7f695dbfe000 r-xp 00000000 00:1442 4611686019135190036      /nix/store/gpxl5qgg8kicmcvivwmybwjlpf7wh20l-graalvm17-ce-22.3.0/lib/libjsvml.so
7f695dbfe000-7f695dbff000 r--p 000cd000 00:1442 4611686019135190036      /nix/store/gpxl5qgg8kicmcvivwmybwjlpf7wh20l-graalvm17-ce-22.3.0/lib/libjsvml.so
7f695dbff000-7f695dc00000 rw-p 000ce000 00:1442 4611686019135190036      /nix/store/gpxl5qgg8kicmcvivwmybwjlpf7wh20l-graalvm17-ce-22.3.0/lib/libjsvml.so
7f695dc00000-7f695e000000 rw-p 00000000 00:00 0 
7f695e000000-7f695e300000 rw-p 00000000 00:00 0 
7f695e300000-7f695e400000 rw-p 00000000 00:00 0 
7f695e48c000-7f695e48e000 r-xp 00000000 00:1442 4611686019135190017      /nix/store/gpxl5qgg8kicmcvivwmybwjlpf7wh20l-graalvm17-ce-22.3.0/lib/libextnet.so
7f695e48e000-7f695e48f000 r--p 00001000 00:1442 4611686019135190017      /nix/store/gpxl5qgg8kicmcvivwmybwjlpf7wh20l-graalvm17-ce-22.3.0/lib/libextnet.so
7f695e48f000-7f695e490000 rw-p 00002000 00:1442 4611686019135190017      /nix/store/gpxl5qgg8kicmcvivwmybwjlpf7wh20l-graalvm17-ce-22.3.0/lib/libextnet.so
7f695e490000-7f695e491000 rw-p 00004000 00:1442 4611686019135190017      /nix/store/gpxl5qgg8kicmcvivwmybwjlpf7wh20l-graalvm17-ce-22.3.0/lib/libextnet.so
7f695e491000-7f695e495000 ---p 00000000 00:00 0 
7f695e495000-7f695f4b3000 rw-p 00000000 00:00 0 
7f695f4b3000-7f695f723000 rwxp 00000000 00:00 0 
7f695f723000-7f695fa42000 ---p 00000000 00:00 0 
7f695fa42000-7f6960942000 rwxp 00000000 00:00 0 
7f6960942000-7f6966f7a000 ---p 00000000 00:00 0 
7f6966f7a000-7f696721a000 rwxp 00000000 00:00 0 
7f696721a000-7f696e4b3000 ---p 00000000 00:00 0 
7f696e4b3000-7f6978000000 r--s 00000000 00:1442 4611686019135192581      /nix/store/gpxl5qgg8kicmcvivwmybwjlpf7wh20l-graalvm17-ce-22.3.0/lib/modules
7f6978000000-7f697862b000 rw-p 00000000 00:00 0 
7f697862b000-7f697c000000 ---p 00000000 00:00 0 
7f697c001000-7f697c008000 r-xp 00000000 00:1442 4611686019135192580      /nix/store/gpxl5qgg8kicmcvivwmybwjlpf7wh20l-graalvm17-ce-22.3.0/lib/libzip.so
7f697c008000-7f697c009000 ---p 00007000 00:1442 4611686019135192580      /nix/store/gpxl5qgg8kicmcvivwmybwjlpf7wh20l-graalvm17-ce-22.3.0/lib/libzip.so
7f697c009000-7f697c00a000 r--p 00007000 00:1442 4611686019135192580      /nix/store/gpxl5qgg8kicmcvivwmybwjlpf7wh20l-graalvm17-ce-22.3.0/lib/libzip.so
7f697c00a000-7f697c00b000 rw-p 00008000 00:1442 4611686019135192580      /nix/store/gpxl5qgg8kicmcvivwmybwjlpf7wh20l-graalvm17-ce-22.3.0/lib/libzip.so
7f697c00b000-7f697c00d000 rw-p 0000b000 00:1442 4611686019135192580      /nix/store/gpxl5qgg8kicmcvivwmybwjlpf7wh20l-graalvm17-ce-22.3.0/lib/libzip.so
7f697c00d000-7f697c022000 r-xp 00000000 00:1442 4611686019135192570      /nix/store/gpxl5qgg8kicmcvivwmybwjlpf7wh20l-graalvm17-ce-22.3.0/lib/libnet.so
7f697c022000-7f697c023000 ---p 00015000 00:1442 4611686019135192570      /nix/store/gpxl5qgg8kicmcvivwmybwjlpf7wh20l-graalvm17-ce-22.3.0/lib/libnet.so
7f697c023000-7f697c024000 r--p 00015000 00:1442 4611686019135192570      /nix/store/gpxl5qgg8kicmcvivwmybwjlpf7wh20l-graalvm17-ce-22.3.0/lib/libnet.so
7f697c024000-7f697c025000 rw-p 00016000 00:1442 4611686019135192570      /nix/store/gpxl5qgg8kicmcvivwmybwjlpf7wh20l-graalvm17-ce-22.3.0/lib/libnet.so
7f697c025000-7f697c028000 rw-p 0001b000 00:1442 4611686019135192570      /nix/store/gpxl5qgg8kicmcvivwmybwjlpf7wh20l-graalvm17-ce-22.3.0/lib/libnet.so
7f697c028000-7f697c03b000 r-xp 00000000 00:1442 4611686019135192571      /nix/store/gpxl5qgg8kicmcvivwmybwjlpf7wh20l-graalvm17-ce-22.3.0/lib/libnio.so
7f697c03b000-7f697c03c000 r--p 00012000 00:1442 4611686019135192571      /nix/store/gpxl5qgg8kicmcvivwmybwjlpf7wh20l-graalvm17-ce-22.3.0/lib/libnio.so
7f697c03c000-7f697c03d000 rw-p 00013000 00:1442 4611686019135192571      /nix/store/gpxl5qgg8kicmcvivwmybwjlpf7wh20l-graalvm17-ce-22.3.0/lib/libnio.so
7f697c03d000-7f697c042000 rw-p 00019000 00:1442 4611686019135192571      /nix/store/gpxl5qgg8kicmcvivwmybwjlpf7wh20l-graalvm17-ce-22.3.0/lib/libnio.so
7f697c042000-7f697c91a000 rw-p 00000000 00:00 0 
7f697c91a000-7f697c91b000 ---p 00000000 00:00 0 
7f697c91b000-7f697cac6000 rw-p 00000000 00:00 0 
7f697cac6000-7f697caf2000 rw-p 00000000 00:00 0 
7f697caf2000-7f697cb1c000 ---p 00000000 00:00 0 
7f697cb1c000-7f697cb23000 rw-p 00000000 00:00 0 
7f697cb23000-7f697cc08000 ---p 00000000 00:00 0 
7f697cc08000-7f697cc26000 rw-p 00000000 00:00 0 
7f697cc26000-7f697ccf3000 ---p 00000000 00:00 0 
7f697ccf3000-7f697ccf8000 rw-p 00000000 00:00 0 
7f697ccf8000-7f697ccff000 ---p 00000000 00:00 0 
7f697ccff000-7f697cd23000 r-xp 00000000 00:1442 4611686019135190028      /nix/store/gpxl5qgg8kicmcvivwmybwjlpf7wh20l-graalvm17-ce-22.3.0/lib/libjava.so
7f697cd23000-7f697cd24000 ---p 00024000 00:1442 4611686019135190028      /nix/store/gpxl5qgg8kicmcvivwmybwjlpf7wh20l-graalvm17-ce-22.3.0/lib/libjava.so
7f697cd24000-7f697cd25000 r--p 00024000 00:1442 4611686019135190028      /nix/store/gpxl5qgg8kicmcvivwmybwjlpf7wh20l-graalvm17-ce-22.3.0/lib/libjava.so
7f697cd25000-7f697cd26000 rw-p 00025000 00:1442 4611686019135190028      /nix/store/gpxl5qgg8kicmcvivwmybwjlpf7wh20l-graalvm17-ce-22.3.0/lib/libjava.so
7f697cd26000-7f697cd27000 rw-p 00000000 00:00 0 
7f697cd27000-7f697cd2e000 rw-p 0002f000 00:1442 4611686019135190028      /nix/store/gpxl5qgg8kicmcvivwmybwjlpf7wh20l-graalvm17-ce-22.3.0/lib/libjava.so
7f697cd2e000-7f697cd36000 rw-s 00000000 00:2fd 353                       /tmp/hsperfdata_runner/27
7f697cd36000-7f697cd37000 ---p 00000000 00:00 0 
7f697cd37000-7f697cd38000 r--p 00000000 00:00 0 
7f697cd38000-7f697cd39000 rwxp 00000000 00:00 0 
7f697cd39000-7f697cd54000 r-xp 00000000 00:1442 4611686019135190032      /nix/store/gpxl5qgg8kicmcvivwmybwjlpf7wh20l-graalvm17-ce-22.3.0/lib/libjimage.so
7f697cd54000-7f697cd55000 ---p 0001b000 00:1442 4611686019135190032      /nix/store/gpxl5qgg8kicmcvivwmybwjlpf7wh20l-graalvm17-ce-22.3.0/lib/libjimage.so
7f697cd55000-7f697cd57000 r--p 0001b000 00:1442 4611686019135190032      /nix/store/gpxl5qgg8kicmcvivwmybwjlpf7wh20l-graalvm17-ce-22.3.0/lib/libjimage.so
7f697cd57000-7f697cd58000 rw-p 0001d000 00:1442 4611686019135190032      /nix/store/gpxl5qgg8kicmcvivwmybwjlpf7wh20l-graalvm17-ce-22.3.0/lib/libjimage.so
7f697cd58000-7f697cd59000 rw-p 00024000 00:1442 4611686019135190032      /nix/store/gpxl5qgg8kicmcvivwmybwjlpf7wh20l-graalvm17-ce-22.3.0/lib/libjimage.so
7f697cd59000-7f697cd5d000 ---p 00000000 00:00 0 
7f697cd5d000-7f697ce59000 rw-p 00000000 00:00 0 
7f697ce59000-7f697ce67000 r--p 00000000 00:1442 4611686019027979927      /nix/store/4nlgxhb09sdr51nc9hdm8az5b08vzkgx-glibc-2.35-163/lib/libm.so.6
7f697ce67000-7f697ceda000 r-xp 0000e000 00:1442 4611686019027979927      /nix/store/4nlgxhb09sdr51nc9hdm8az5b08vzkgx-glibc-2.35-163/lib/libm.so.6
7f697ceda000-7f697cf37000 r--p 00081000 00:1442 4611686019027979927      /nix/store/4nlgxhb09sdr51nc9hdm8az5b08vzkgx-glibc-2.35-163/lib/libm.so.6
7f697cf37000-7f697cf38000 r--p 000dd000 00:1442 4611686019027979927      /nix/store/4nlgxhb09sdr51nc9hdm8az5b08vzkgx-glibc-2.35-163/lib/libm.so.6
7f697cf38000-7f697cf39000 rw-p 000de000 00:1442 4611686019027979927      /nix/store/4nlgxhb09sdr51nc9hdm8az5b08vzkgx-glibc-2.35-163/lib/libm.so.6
7f697cf39000-7f697cf3a000 r--p 00000000 00:1442 4611686019027979946      /nix/store/4nlgxhb09sdr51nc9hdm8az5b08vzkgx-glibc-2.35-163/lib/librt.so.1
7f697cf3a000-7f697cf3b000 r-xp 00001000 00:1442 4611686019027979946      /nix/store/4nlgxhb09sdr51nc9hdm8az5b08vzkgx-glibc-2.35-163/lib/librt.so.1
7f697cf3b000-7f697cf3c000 r--p 00002000 00:1442 4611686019027979946      /nix/store/4nlgxhb09sdr51nc9hdm8az5b08vzkgx-glibc-2.35-163/lib/librt.so.1
7f697cf3c000-7f697cf3d000 r--p 00002000 00:1442 4611686019027979946      /nix/store/4nlgxhb09sdr51nc9hdm8az5b08vzkgx-glibc-2.35-163/lib/librt.so.1
7f697cf3d000-7f697cf3e000 rw-p 00003000 00:1442 4611686019027979946      /nix/store/4nlgxhb09sdr51nc9hdm8az5b08vzkgx-glibc-2.35-163/lib/librt.so.1
7f697cf3e000-7f697e051000 r-xp 00000000 00:1442 4611686019135360866      /nix/store/gpxl5qgg8kicmcvivwmybwjlpf7wh20l-graalvm17-ce-22.3.0/lib/server/libjvm.so
7f697e051000-7f697e052000 ---p 01113000 00:1442 4611686019135360866      /nix/store/gpxl5qgg8kicmcvivwmybwjlpf7wh20l-graalvm17-ce-22.3.0/lib/server/libjvm.so
7f697e052000-7f697e107000 r--p 01113000 00:1442 4611686019135360866      /nix/store/gpxl5qgg8kicmcvivwmybwjlpf7wh20l-graalvm17-ce-22.3.0/lib/server/libjvm.so
7f697e107000-7f697e13b000 rw-p 011c8000 00:1442 4611686019135360866      /nix/store/gpxl5qgg8kicmcvivwmybwjlpf7wh20l-graalvm17-ce-22.3.0/lib/server/libjvm.so
7f697e13b000-7f697e197000 rw-p 00000000 00:00 0 
7f697e197000-7f697e1bf000 r--p 00000000 00:1442 4611686019027979918      /nix/store/4nlgxhb09sdr51nc9hdm8az5b08vzkgx-glibc-2.35-163/lib/libc.so.6
7f697e1bf000-7f697e335000 r-xp 00028000 00:1442 4611686019027979918      /nix/store/4nlgxhb09sdr51nc9hdm8az5b08vzkgx-glibc-2.35-163/lib/libc.so.6
7f697e335000-7f697e38d000 r--p 0019e000 00:1442 4611686019027979918      /nix/store/4nlgxhb09sdr51nc9hdm8az5b08vzkgx-glibc-2.35-163/lib/libc.so.6
7f697e38d000-7f697e391000 r--p 001f6000 00:1442 4611686019027979918      /nix/store/4nlgxhb09sdr51nc9hdm8az5b08vzkgx-glibc-2.35-163/lib/libc.so.6
7f697e391000-7f697e393000 rw-p 001fa000 00:1442 4611686019027979918      /nix/store/4nlgxhb09sdr51nc9hdm8az5b08vzkgx-glibc-2.35-163/lib/libc.so.6
7f697e393000-7f697e3a2000 rw-p 00000000 00:00 0 
7f697e3a2000-7f697e3a3000 r--p 00000000 00:1442 4611686019027979923      /nix/store/4nlgxhb09sdr51nc9hdm8az5b08vzkgx-glibc-2.35-163/lib/libdl.so.2
7f697e3a3000-7f697e3a4000 r-xp 00001000 00:1442 4611686019027979923      /nix/store/4nlgxhb09sdr51nc9hdm8az5b08vzkgx-glibc-2.35-163/lib/libdl.so.2
7f697e3a4000-7f697e3a5000 r--p 00002000 00:1442 4611686019027979923      /nix/store/4nlgxhb09sdr51nc9hdm8az5b08vzkgx-glibc-2.35-163/lib/libdl.so.2
7f697e3a5000-7f697e3a6000 r--p 00002000 00:1442 4611686019027979923      /nix/store/4nlgxhb09sdr51nc9hdm8az5b08vzkgx-glibc-2.35-163/lib/libdl.so.2
7f697e3a6000-7f697e3a7000 rw-p 00003000 00:1442 4611686019027979923      /nix/store/4nlgxhb09sdr51nc9hdm8az5b08vzkgx-glibc-2.35-163/lib/libdl.so.2
7f697e3a7000-7f697e3a8000 r--p 00000000 00:1442 4611686019027979942      /nix/store/4nlgxhb09sdr51nc9hdm8az5b08vzkgx-glibc-2.35-163/lib/libpthread.so.0
7f697e3a8000-7f697e3a9000 r-xp 00001000 00:1442 4611686019027979942      /nix/store/4nlgxhb09sdr51nc9hdm8az5b08vzkgx-glibc-2.35-163/lib/libpthread.so.0
7f697e3a9000-7f697e3aa000 r--p 00002000 00:1442 4611686019027979942      /nix/store/4nlgxhb09sdr51nc9hdm8az5b08vzkgx-glibc-2.35-163/lib/libpthread.so.0
7f697e3aa000-7f697e3ab000 r--p 00002000 00:1442 4611686019027979942      /nix/store/4nlgxhb09sdr51nc9hdm8az5b08vzkgx-glibc-2.35-163/lib/libpthread.so.0
7f697e3ab000-7f697e3ac000 rw-p 00003000 00:1442 4611686019027979942      /nix/store/4nlgxhb09sdr51nc9hdm8az5b08vzkgx-glibc-2.35-163/lib/libpthread.so.0
7f697e3ac000-7f697e3ba000 r-xp 00000000 00:1442 4611686019135190033      /nix/store/gpxl5qgg8kicmcvivwmybwjlpf7wh20l-graalvm17-ce-22.3.0/lib/libjli.so
7f697e3ba000-7f697e3bb000 ---p 0000e000 00:1442 4611686019135190033      /nix/store/gpxl5qgg8kicmcvivwmybwjlpf7wh20l-graalvm17-ce-22.3.0/lib/libjli.so
7f697e3bb000-7f697e3bc000 r--p 0000e000 00:1442 4611686019135190033      /nix/store/gpxl5qgg8kicmcvivwmybwjlpf7wh20l-graalvm17-ce-22.3.0/lib/libjli.so
7f697e3bc000-7f697e3bd000 rw-p 0000f000 00:1442 4611686019135190033      /nix/store/gpxl5qgg8kicmcvivwmybwjlpf7wh20l-graalvm17-ce-22.3.0/lib/libjli.so
7f697e3bd000-7f697e3be000 rw-p 00012000 00:1442 4611686019135190033      /nix/store/gpxl5qgg8kicmcvivwmybwjlpf7wh20l-graalvm17-ce-22.3.0/lib/libjli.so
7f697e3be000-7f697e3c1000 r--p 00000000 00:1442 4611686019106210071      /nix/store/026hln0aq1hyshaxsdvhg0kmcm6yf45r-zlib-1.2.13/lib/libz.so.1.2.13
7f697e3c1000-7f697e3d3000 r-xp 00003000 00:1442 4611686019106210071      /nix/store/026hln0aq1hyshaxsdvhg0kmcm6yf45r-zlib-1.2.13/lib/libz.so.1.2.13
7f697e3d3000-7f697e3da000 r--p 00015000 00:1442 4611686019106210071      /nix/store/026hln0aq1hyshaxsdvhg0kmcm6yf45r-zlib-1.2.13/lib/libz.so.1.2.13
7f697e3da000-7f697e3db000 r--p 0001b000 00:1442 4611686019106210071      /nix/store/026hln0aq1hyshaxsdvhg0kmcm6yf45r-zlib-1.2.13/lib/libz.so.1.2.13
7f697e3db000-7f697e3dc000 rw-p 0001c000 00:1442 4611686019106210071      /nix/store/026hln0aq1hyshaxsdvhg0kmcm6yf45r-zlib-1.2.13/lib/libz.so.1.2.13
7f697e3dc000-7f697e3de000 rw-p 00000000 00:00 0 
7f697e3de000-7f697e3e0000 r--p 00000000 00:1442 4611686019027979912      /nix/store/4nlgxhb09sdr51nc9hdm8az5b08vzkgx-glibc-2.35-163/lib/ld-linux-x86-64.so.2
7f697e3e0000-7f697e407000 r-xp 00002000 00:1442 4611686019027979912      /nix/store/4nlgxhb09sdr51nc9hdm8az5b08vzkgx-glibc-2.35-163/lib/ld-linux-x86-64.so.2
7f697e407000-7f697e413000 r--p 00029000 00:1442 4611686019027979912      /nix/store/4nlgxhb09sdr51nc9hdm8az5b08vzkgx-glibc-2.35-163/lib/ld-linux-x86-64.so.2
7f697e413000-7f697e415000 r--p 00034000 00:1442 4611686019027979912      /nix/store/4nlgxhb09sdr51nc9hdm8az5b08vzkgx-glibc-2.35-163/lib/ld-linux-x86-64.so.2
7f697e415000-7f697e417000 rw-p 00036000 00:1442 4611686019027979912      /nix/store/4nlgxhb09sdr51nc9hdm8az5b08vzkgx-glibc-2.35-163/lib/ld-linux-x86-64.so.2
7ffc4e1e1000-7ffc4e206000 rw-p 00000000 00:00 0                          [stack]
7ffc4e272000-7ffc4e276000 r--p 00000000 00:00 0                          [vvar]
7ffc4e276000-7ffc4e278000 r-xp 00000000 00:00 0                          [vdso]
ffffffffff600000-ffffffffff601000 --xp 00000000 00:00 0                  [vsyscall]


VM Arguments:
jvm_args: -XX:ThreadPriorityPolicy=1 -XX:+UnlockExperimentalVMOptions -XX:+EnableJVMCIProduct -XX:JVMCIThreadsPerNativeLibraryRuntime=1 -XX:-UnlockExperimentalVMOptions -Declipse.application=org.eclipse.jdt.ls.core.id1 -Dosgi.bundles.defaultStartLevel=4 -Declipse.product=org.eclipse.jdt.ls.core.product -Dlog.level=ALL -Xverify:none -XX:+UseParallelGC -XX:GCTimeRatio=4 -XX:AdaptiveSizePolicyWeight=90 -Dsun.zip.disableMemoryMapping=true -Xmx512m -Xms100m 
java_command: /nix/store/m6gcpi1ii6rghy04cjwjddcavv7i90df-jdt-language-server-1.9.0/share/java/plugins/org.eclipse.equinox.launcher_1.6.400.v20210924-0641.jar --add-modules=ALL-SYSTEM --add-opens java.base/java.util=ALL-UNNAMED --add-opens java.base/java.lang=ALL-UNNAMED -configuration /home/runner/.cache/jdt-language-server/config -data /home/runner/.cache/jdt-language-server/data/home/runner/JavaArray
java_class_path (initial): /nix/store/m6gcpi1ii6rghy04cjwjddcavv7i90df-jdt-language-server-1.9.0/share/java/plugins/org.eclipse.equinox.launcher_1.6.400.v20210924-0641.jar
Launcher Type: SUN_STANDARD

[Global flags]
    uintx AdaptiveSizePolicyWeight                 = 90                                        {product} {command line}
     intx CICompilerCount                          = 2                                         {product} {ergonomic}
     bool EnableJVMCIProduct                       = true                                {JVMCI product} {jimage}
    uintx GCTimeRatio                              = 4                                         {product} {command line}
   size_t InitialHeapSize                          = 104857600                                 {product} {command line}
     uint JVMCIThreadsPerNativeLibraryRuntime      = 1                                   {JVMCI product} {jimage}
   size_t MaxHeapSize                              = 536870912                                 {product} {command line}
   size_t MaxNewSize                               = 178782208                                 {product} {ergonomic}
   size_t MinHeapDeltaBytes                        = 524288                                    {product} {ergonomic}
   size_t MinHeapSize                              = 104857600                                 {product} {command line}
   size_t NewSize                                  = 34603008                                  {product} {ergonomic}
    uintx NonNMethodCodeHeapSize                   = 5826188                                {pd product} {ergonomic}
    uintx NonProfiledCodeHeapSize                  = 122916026                              {pd product} {ergonomic}
   size_t OldSize                                  = 70254592                                  {product} {ergonomic}
    uintx ProfiledCodeHeapSize                     = 122916026                              {pd product} {ergonomic}
    uintx ReservedCodeCacheSize                    = 251658240                              {pd product} {ergonomic}
     bool SegmentedCodeCache                       = true                                      {product} {ergonomic}
   size_t SoftMaxHeapSize                          = 536870912                              {manageable} {ergonomic}
     intx ThreadPriorityPolicy                     = 1                                         {product} {jimage}
     bool UseCompressedClassPointers               = true                           {product lp64_product} {ergonomic}
     bool UseCompressedOops                        = true                           {product lp64_product} {ergonomic}
     bool UseParallelGC                            = true                                      {product} {command line}

Logging:
Log output configuration:
 #0: stdout all=warning uptime,level,tags
 #1: stderr all=off uptime,level,tags

Environment Variables:
JAVA_HOME=/nix/store/gpxl5qgg8kicmcvivwmybwjlpf7wh20l-graalvm17-ce-22.3.0
PATH=/nix/store/1d6ian3r8kdzspw8hacjhl3xkp40g1lj-binutils-wrapper-2.39/bin:/nix/store/dq0xwmsk1g0i2ayg6pb7y87na2knzylh-gcc-wrapper-11.3.0/bin:/nix/store/bap4d0lpcrhpwmpb8ayjcgkmvfj62lnq-bash-interactive-5.1-p16/bin:/nix/store/pr5n59mb4jzmfx6kanwxly0l07p861fg-patchelf-0.15.0/bin:/nix/store/1gf2flfqnpqbr1b4p4qz2f72y42bs56r-gcc-11.3.0/bin:/nix/store/57xv61c5zi8pphjbcwxxjlgc34p61ic9-glibc-2.35-163-bin/bin:/nix/store/a7gvj343m05j2s32xcnwr35v31ynlypr-coreutils-9.1/bin:/nix/store/039g378vc3pc3dvi9dzdlrd0i4q93qwf-binutils-2.39/bin:/nix/store/gpxl5qgg8kicmcvivwmybwjlpf7wh20l-graalvm17-ce-22.3.0/bin:/nix/store/6z9ag3ihc8mq2hzsw48lhbznvzny65nz-apache-maven-3.8.6/bin:/nix/store/m6gcpi1ii6rghy04cjwjddcavv7i90df-jdt-language-server-1.9.0/bin:/nix/store/84xs5alhs01zrbr4ywm05kxbjbp5590l-java-debug/bin:/nix/store/mydc6f4k2z73xlcz7ilif3v2lcaiqvza-findutils-4.9.0/bin:/nix/store/j9p3g8472iijd50vhdprx0nmk2fqn5gv-diffutils-3.8/bin:/nix/store/89zs7rms6x00xfq4dq6m7mjnhkr8a6r4-gnused-4.8/bin:/nix/store/86bp03jkmsl6f92w0yzg4s59g5mhxwmy-gnugrep-3.7/bin:/nix/store/hwcdqw4jrjnd37wxqgsd47hd0j8bnj09-gawk-5.1.1/bin:/nix/store/cfbhw8r8ags41vwqaz47r583d0p4h4a1-gnutar-1.34/bin:/nix/store/p3m1ndl1lapwrlh698bnb5lvvxh67378-gzip-1.12/bin:/nix/store/a8mhcagrsly7c7mpjrpsnaahk4aax056-bzip2-1.0.8-bin/bin:/nix/store/mblgz65m3zv9x548a3d5m96fj2pbwr09-gnumake-4.3/bin:/nix/store/dsd5gz46hdbdk2rfdimqddhq6m8m8fqs-bash-5.1-p16/bin:/nix/store/v7ljksji50mg3w61dykaa3n3y79n6nil-patch-2.7.6/bin:/nix/store/zlcnmqq14jz5x9439jf937mvayyl63da-xz-5.2.7-bin/bin:/nix/store/y6aj732zm9m87c82fpvf103a1xb22blp-file-5.43/bin:/nix/store/i4kzir3m7mrisxmf5xvlnkw01x4qaqr4-prybar-elisp-0.0.0-e0d9a52/bin:/nix/store/lwwivxf6h7x3cvxp9zv8sj0mv7dak99r-prybar-lua-0.0.0-e0d9a52/bin:/nix/store/gxj28g1cg4hq3qanmjv07156h800qr58-prybar-python3-0.0.0-e0d9a52/bin:/nix/store/hshkjnxrgidigf8x75vg6lqng2xlx9i3-prybar-sqlite-0.0.0-e0d9a52/bin:/nix/store/c4w01bpjgyy5ixmwdk8m1pw87zq4sl26-prybar-tcl-0.0.0-e0d9a52/bin:/nix/store/hpbvrlwd5viqmvcaisb3x0118i913a9n-st
LD_LIBRARY_PATH=/nix/store/a4pff549sk2idnkpzk5nsfps3mdkdnvm-cups-2.4.2-lib/lib:/nix/store/72mqxxhh3cy5yifh92wh2yb8cl2hikyy-cairo-1.16.0/lib:/nix/store/2k366jrbsra97gjfxwvrhvixjfxdach5-glib-2.74.1/lib:/nix/store/2j2znigd8ak37rlwh9khz0ry3clqlw1l-gtk+3-3.24.34/lib:/nix/store/hisqvx32cd57apbpcsnkpx6k3549wql1-libglvnd-1.4.0/lib:/nix/store/p36pgcv991mq5srvg765b78yqpxvk3qs-mesa-21.3.3-drivers/lib:/nix/store/mav4251if1ahjq5vkpwycyyvnmy459c4-pulseaudio-14.2/lib
DISPLAY=:0
LANG=en_US.UTF-8

Signal Handlers:
   SIGSEGV: crash_handler in libjvm.so, mask=11100100010111111101111111111110, flags=SA_RESTART|SA_SIGINFO
    SIGBUS: crash_handler in libjvm.so, mask=11100100010111111101111111111110, flags=SA_RESTART|SA_SIGINFO
    SIGFPE: crash_handler in libjvm.so, mask=11100100010111111101111111111110, flags=SA_RESTART|SA_SIGINFO
   SIGPIPE: IsolateEnterStub_IgnoreSIGPIPEStartupHook_noopSignalHandler_8f19bff2f35b5f630d83b364d6b2339320d4ec70_216e8361c6bc87a8f89f58cc10d3b2fd4415bf87 in libjvmcicompiler.so, mask=00000000000000000000000000000000, flags=SA_RESTART
  *** Handler was modified!
  *** Expected: javaSignalHandler in libjvm.so, mask=11100100110111111111111111111110, flags=SA_RESTART|SA_SIGINFO
   SIGXFSZ: javaSignalHandler in libjvm.so, mask=11100100010111111101111111111110, flags=SA_RESTART|SA_SIGINFO
    SIGILL: crash_handler in libjvm.so, mask=11100100010111111101111111111110, flags=SA_RESTART|SA_SIGINFO
   SIGUSR2: SR_handler in libjvm.so, mask=00000000000000000000000000000000, flags=SA_RESTART|SA_SIGINFO
    SIGHUP: UserHandler in libjvm.so, mask=11100100010111111101111111111110, flags=SA_RESTART|SA_SIGINFO
    SIGINT: UserHandler in libjvm.so, mask=11100100010111111101111111111110, flags=SA_RESTART|SA_SIGINFO
   SIGTERM: UserHandler in libjvm.so, mask=11100100010111111101111111111110, flags=SA_RESTART|SA_SIGINFO
   SIGQUIT: UserHandler in libjvm.so, mask=11100100010111111101111111111110, flags=SA_RESTART|SA_SIGINFO
  *** Handler was modified!
  *** Expected: javaSignalHandler in libjvm.so, mask=11100100110111111111111111111110, flags=SA_RESTART|SA_SIGINFO
   SIGTRAP: crash_handler in libjvm.so, mask=11100100010111111101111111111110, flags=SA_RESTART|SA_SIGINFO


---------------  S Y S T E M  ---------------

OS:
DISTRIB_ID=Ubuntu
DISTRIB_RELEASE=20.04
DISTRIB_CODENAME=focal
DISTRIB_DESCRIPTION="Ubuntu 20.04.2 LTS"
uname: Linux 5.15.0-1031-gcp #38~20.04.1-Ubuntu SMP Sun Mar 12 04:47:58 UTC 2023 x86_64
OS uptime: 0 days 17:59 hours
libc: glibc 2.35 NPTL 2.35 
rlimit (soft/hard): STACK 8192k/infinity , CORE infinity/infinity , NPROC infinity/infinity , NOFILE 5242/5242 , AS infinity/infinity , CPU infinity/infinity , DATA infinity/infinity , FSIZE infinity/infinity , MEMLOCK 64k/64k
load average: 4.12 3.22 2.63

/proc/meminfo:
MemTotal:       32872700 kB
MemFree:         5925420 kB
MemAvailable:   20132264 kB
Buffers:         2296700 kB
Cached:         10641224 kB
SwapCached:            0 kB
Active:          6573764 kB
Inactive:       16698848 kB
Active(anon):      12796 kB
Inactive(anon): 10210364 kB
Active(file):    6560968 kB
Inactive(file):  6488484 kB
Unevictable:       43220 kB
Mlocked:           43220 kB
SwapTotal:             0 kB
SwapFree:              0 kB
Dirty:              2392 kB
Writeback:             0 kB
AnonPages:       9339444 kB
Mapped:          1300264 kB
Shmem:             18936 kB
KReclaimable:    1623228 kB
Slab:            2872820 kB
SReclaimable:    1623228 kB
SUnreclaim:      1249592 kB
KernelStack:      361424 kB
PageTables:       105176 kB
NFS_Unstable:          0 kB
Bounce:                0 kB
WritebackTmp:          0 kB
CommitLimit:    16436348 kB
Committed_AS:   36563628 kB
VmallocTotal:   34359738367 kB
VmallocUsed:      398676 kB
VmallocChunk:          0 kB
Percpu:            23312 kB
HardwareCorrupted:     0 kB
AnonHugePages:    507904 kB
ShmemHugePages:        0 kB
ShmemPmdMapped:        0 kB
FileHugePages:         0 kB
FilePmdMapped:         0 kB
HugePages_Total:       0
HugePages_Free:        0
HugePages_Rsvd:        0
HugePages_Surp:        0
Hugepagesize:       2048 kB
Hugetlb:               0 kB
DirectMap4k:     3486528 kB
DirectMap2M:    27967488 kB
DirectMap1G:     4194304 kB

/sys/kernel/mm/transparent_hugepage/enabled: always [madvise] never
/sys/kernel/mm/transparent_hugepage/defrag (defrag/compaction efforts parameter): always defer defer+madvise [madvise] never

Process Memory:
Virtual Size: 3872028K (peak: 3920896K)
Resident Set Size: 750320K (peak: 785152K) (anon: 554204K, file: 196116K, shmem: 0K)
Swapped out: 0K
C-Heap outstanding allocations: 43292K, retained: 9907K
glibc malloc tunables: (default)

/proc/sys/kernel/threads-max (system-wide limit on the number of threads): 256750
/proc/sys/vm/max_map_count (maximum number of memory map areas a process may have): 65530
/proc/sys/kernel/pid_max (system-wide limit on number of process identifiers): 4194304

container (cgroup) information:
container_type: cgroupv1
cpu_cpuset_cpus: 1-3
cpu_memory_nodes: 0
active_processor_count: 1
cpu_quota: 50000
cpu_period: 100000
cpu_shares: 512
memory_limit_in_bytes: 1048576 k
memory_and_swap_limit_in_bytes: 1048576 k
memory_soft_limit_in_bytes: 524288 k
memory_usage_in_bytes: 651540 k
memory_max_usage_in_bytes: 674648 k
maximum number of tasks: 1000
current number of tasks: 44

KVM virtualization detected
Steal ticks since vm start: 0
Steal ticks percentage since vm start:  0.000

CPU: total 4 (initial active 1) (4 cores per cpu, 2 threads per core) family 25 model 1 stepping 0 microcode 0xffffffff, cx8, cmov, fxsr, ht, mmx, 3dnowpref, sse, sse2, sse3, ssse3, sse4a, sse4.1, sse4.2, popcnt, lzcnt, tsc, tscinvbit, avx, avx2, aes, erms, clmul, bmi1, bmi2, adx, sha, fma, vzeroupper, clflush, clflushopt, hv
CPU Model and flags from /proc/cpuinfo:
model name	: AMD EPYC 7B13
flags		: fpu vme de pse tsc msr pae mce cx8 apic sep mtrr pge mca cmov pat pse36 clflush mmx fxsr sse sse2 ht syscall nx mmxext fxsr_opt pdpe1gb rdtscp lm constant_tsc rep_good nopl nonstop_tsc cpuid extd_apicid tsc_known_freq pni pclmulqdq ssse3 fma cx16 pcid sse4_1 sse4_2 movbe popcnt aes xsave avx f16c rdrand hypervisor lahf_lm cmp_legacy cr8_legacy abm sse4a misalignsse 3dnowprefetch osvw topoext invpcid_single ssbd ibrs ibpb stibp vmmcall fsgsbase tsc_adjust bmi1 avx2 smep bmi2 erms invpcid rdseed adx smap clflushopt clwb sha_ni xsaveopt xsavec xgetbv1 clzero xsaveerptr arat npt nrip_save umip vaes vpclmulqdq rdpid fsrm

Online cpus: 0-3
Offline cpus: 
BIOS frequency limitation: <Not Available>
Frequency switch latency (ns): <Not Available>
Available cpu frequencies: <Not Available>
Current governor: <Not Available>
Core performance/turbo boost: <Not Available>

Memory: 4k page, physical 1048576k(397048k free), swap 0k(0k free)
Page Sizes: 4k

vm_info: OpenJDK 64-Bit Server VM (17.0.5+8-jvmci-22.3-b08) for linux-amd64 JRE (17.0.5+8-jvmci-22.3-b08), built on Oct 19 2022 09:01:27 by "buildslave" with gcc 10.3.0

END.
