#
# A fatal error has been detected by the Java Runtime Environment:
#
#  Internal Error (jvmciRuntime.cpp:1609), pid=25, tid=41
#  fatal error: Fatal exception in JVMCI: Error calling jdk.vm.ci.services.Services.serializeSavedProperties
#
# JRE version: OpenJDK Runtime Environment GraalVM CE 22.3.0 (17.0.5+8) (build 17.0.5+8-jvmci-22.3-b08)
# Java VM: OpenJDK 64-Bit Server VM GraalVM CE 22.3.0 (17.0.5+8-jvmci-22.3-b08, mixed mode, sharing, tiered, jvmci, jvmci compiler, compressed oops, compressed class ptrs, parallel gc, linux-amd64)
# Problematic frame:
# V  [libjvm.so+0x972714]  JVMCIRuntime::fatal_exception(JVMCIEnv*, char const*)+0x74
#
# Core dump will be written. Default location: Core dumps may be processed with "/usr/share/apport/apport -p%p -s%s -c%c -d%d -P%P -u%u -g%g -- %E" (or dumping to /home/runner/JavaArray/core.25)
#
# If you would like to submit a bug report, please visit:
#   https://github.com/oracle/graal/issues
#

---------------  S U M M A R Y ------------

Command Line: -XX:ThreadPriorityPolicy=1 -XX:+UnlockExperimentalVMOptions -XX:+EnableJVMCIProduct -XX:JVMCIThreadsPerNativeLibraryRuntime=1 -XX:-UnlockExperimentalVMOptions -Declipse.application=org.eclipse.jdt.ls.core.id1 -Dosgi.bundles.defaultStartLevel=4 -Declipse.product=org.eclipse.jdt.ls.core.product -Dlog.level=ALL -Xverify:none -XX:+UseParallelGC -XX:GCTimeRatio=4 -XX:AdaptiveSizePolicyWeight=90 -Dsun.zip.disableMemoryMapping=true -Xmx512m -Xms100m /nix/store/m6gcpi1ii6rghy04cjwjddcavv7i90df-jdt-language-server-1.9.0/share/java/plugins/org.eclipse.equinox.launcher_1.6.400.v20210924-0641.jar --add-modules=ALL-SYSTEM --add-opens java.base/java.util=ALL-UNNAMED --add-opens java.base/java.lang=ALL-UNNAMED -configuration /home/runner/.cache/jdt-language-server/config -data /home/runner/.cache/jdt-language-server/data/home/runner/JavaArray

Host: AMD EPYC 7B13, 4 cores, 1G, Ubuntu 20.04.2 LTS
Time: Sat Apr  8 17:32:59 2023 UTC elapsed time: 935.064466 seconds (0d 0h 15m 35s)

---------------  T H R E A D  ---------------

Current thread (0x00007ff1640b2200):  JavaThread "JVMCI-native CompilerThread0" daemon [_thread_in_vm, id=41, stack(0x00007ff16871a000,0x00007ff16891a000)]


Current CompileTask:
JVMCI-native: 935065 9132       4       java.lang.Integer::valueOf (32 bytes)

Stack: [0x00007ff16871a000,0x00007ff16891a000],  sp=0x00007ff168918380,  free space=2040k
Native frames: (J=compiled Java code, j=interpreted, Vv=VM code, C=native code)
V  [libjvm.so+0x972714]  JVMCIRuntime::fatal_exception(JVMCIEnv*, char const*)+0x74
V  [libjvm.so+0x93e2fe]  JVMCIEnv::copy_saved_properties()+0x14e
V  [libjvm.so+0x9732a9]  JVMCIRuntime::initialize(JVMCIEnv*)+0xb19
V  [libjvm.so+0x9738a2]  JVMCIRuntime::get_HotSpotJVMCIRuntime(JVMCIEnv*)+0x12
V  [libjvm.so+0x9749f2]  JVMCIRuntime::compile_method(JVMCIEnv*, JVMCICompiler*, methodHandle const&, int)+0xd2
V  [libjvm.so+0x5b0d20]  CompileBroker::invoke_compiler_on_method(CompileTask*)+0x1470
V  [libjvm.so+0x5b12e8]  CompileBroker::compiler_thread_loop()+0x528
V  [libjvm.so+0xd82460]  JavaThread::thread_main_inner()+0xd0
V  [libjvm.so+0xd85a40]  Thread::call_run()+0xc0
V  [libjvm.so+0xbdb1e1]  thread_native_entry(Thread*)+0xe1

Register to memory mapping:

RAX=0x00007ff16b87d000 points into unknown readable memory: 0x0000000000000058 | 58 00 00 00 00 00 00 00
RBX=0x00007ff16c978398: <offset 0x0000000000ef5398> in /nix/store/gpxl5qgg8kicmcvivwmybwjlpf7wh20l-graalvm17-ce-22.3.0/lib/server/libjvm.so at 0x00007ff16ba83000
RCX=0x00007ff16c9301e8: <offset 0x0000000000ead1e8> in /nix/store/gpxl5qgg8kicmcvivwmybwjlpf7wh20l-graalvm17-ce-22.3.0/lib/server/libjvm.so at 0x00007ff16ba83000
RDX=0x0000000000000649 is an unknown value
RSP=0x00007ff168918380 is pointing into the stack for thread: 0x00007ff1640b2200
RBP=0x00007ff1689183a0 is pointing into the stack for thread: 0x00007ff1640b2200
RSI=0x00007ff16c978c48: <offset 0x0000000000ef5c48> in /nix/store/gpxl5qgg8kicmcvivwmybwjlpf7wh20l-graalvm17-ce-22.3.0/lib/server/libjvm.so at 0x00007ff16ba83000
RDI=0x00000000e0000000 is an oop: java.lang.String 
{0x00000000e0000000} - klass: 'java/lang/String'
 - string: "org.eclipse.osgi.container.ModuleContainer"
R8 =0x00007ff16c978398: <offset 0x0000000000ef5398> in /nix/store/gpxl5qgg8kicmcvivwmybwjlpf7wh20l-graalvm17-ce-22.3.0/lib/server/libjvm.so at 0x00007ff16ba83000
R9 =0x00007ff168918330 is pointing into the stack for thread: 0x00007ff1640b2200
R10=0x00007ff168919948 is pointing into the stack for thread: 0x00007ff1640b2200
R11=0x0000000000000293 is an unknown value
R12=0x0 is NULL
R13=0x00007ff1640b2200 is a thread
R14=0x00007ff164000b80 points into unknown readable memory: 0x00007ff16cba9a38 | 38 9a ba 6c f1 7f 00 00
R15=0x00007ff16ccb7e40: <offset 0x0000000001234e40> in /nix/store/gpxl5qgg8kicmcvivwmybwjlpf7wh20l-graalvm17-ce-22.3.0/lib/server/libjvm.so at 0x00007ff16ba83000


Registers:
RAX=0x00007ff16b87d000, RBX=0x00007ff16c978398, RCX=0x00007ff16c9301e8, RDX=0x0000000000000649
RSP=0x00007ff168918380, RBP=0x00007ff1689183a0, RSI=0x00007ff16c978c48, RDI=0x00000000e0000000
R8 =0x00007ff16c978398, R9 =0x00007ff168918330, R10=0x00007ff168919948, R11=0x0000000000000293
R12=0x0000000000000000, R13=0x00007ff1640b2200, R14=0x00007ff164000b80, R15=0x00007ff16ccb7e40
RIP=0x00007ff16c3f5714, EFLAGS=0x0000000000010206, CSGSFS=0x002b000000000033, ERR=0x0000000000000006
  TRAPNO=0x000000000000000e

Top of Stack: (sp=0x00007ff168918380)
0x00007ff168918380:   00007ff168918940 00007ff1640b2200
0x00007ff168918390:   00007ff16a20e8c8 0000000800c417a0
0x00007ff1689183a0:   00007ff168918500 00007ff16c3c12fe
0x00007ff1689183b0:   00007ff1689183e0 00007ff168918440 

Instructions: (pc=0x00007ff16c3f5714)
0x00007ff16c3f5614:   30 e8 f6 cf e8 ff 4c 89 e7 e8 2e 48 d1 ff 84 db
0x00007ff16c3f5624:   75 2a 4d 85 ed 74 04 4d 8b 6d 00 48 83 c4 08 44
0x00007ff16c3f5634:   89 f9 4c 89 f2 4c 89 ee 5b 4c 89 e7 41 5c 41 5d
0x00007ff16c3f5644:   41 5e 41 5f 5d e9 e2 47 d1 ff 66 90 48 83 c4 08
0x00007ff16c3f5654:   5b 41 5c 41 5d 41 5e 41 5f 5d c3 90 31 d2 be 08
0x00007ff16c3f5664:   00 00 00 4c 89 ff e8 b1 78 a3 ff 49 89 c5 e9 37
0x00007ff16c3f5674:   ff ff ff 66 0f 1f 84 00 00 00 00 00 48 8b 7a 08
0x00007ff16c3f5684:   e9 6d ff ff ff 0f 1f 80 00 00 00 00 e8 5b 48 0a
0x00007ff16c3f5694:   00 84 c0 75 89 e9 6a ff ff ff 66 90 55 48 89 e5
0x00007ff16c3f56a4:   41 56 41 55 41 54 49 89 fc 53 48 89 f3 66 48 8d
0x00007ff16c3f56b4:   3d 27 5e 85 00 66 66 48 e8 df 43 8d ff 4c 8b 28
0x00007ff16c3f56c4:   8b 05 be 72 8a 00 85 c0 75 14 ba 01 00 00 00 48
0x00007ff16c3f56d4:   8d 0d ae 72 8a 00 f0 0f b1 11 85 c0 74 4e be c8
0x00007ff16c3f56e4:   00 00 00 4c 89 ef e8 01 0b 41 00 48 8d 05 12 ac
0x00007ff16c3f56f4:   85 00 49 89 d8 48 8d 0d e8 aa 53 00 ba 49 06 00
0x00007ff16c3f5704:   00 48 8d 35 3c 35 58 00 bf 00 00 00 e0 48 8b 00
0x00007ff16c3f5714:   c6 00 58 31 c0 e8 e2 91 c6 ff 5b 41 5c 41 5d 41
0x00007ff16c3f5724:   5e 5d e9 55 34 26 00 0f 1f 44 00 00 48 8d 05 81
0x00007ff16c3f5734:   a3 8b 00 48 89 df 4c 8b 30 e8 9e 43 8d ff 48 89
0x00007ff16c3f5744:   de 48 89 c2 49 8b 06 4c 89 f7 ff 50 08 4c 89 f7
0x00007ff16c3f5754:   e8 a7 5c 27 00 4d 85 e4 74 12 be 01 00 00 00 4c
0x00007ff16c3f5764:   89 e7 e8 35 43 fc ff eb 82 0f 1f 00 be 01 00 00
0x00007ff16c3f5774:   00 4c 89 ef e8 d3 fd ff ff e9 6d ff ff ff 66 66
0x00007ff16c3f5784:   2e 0f 1f 84 00 00 00 00 00 0f 1f 00 55 48 89 e5
0x00007ff16c3f5794:   41 57 41 56 41 55 41 54 53 48 81 ec 08 02 00 00
0x00007ff16c3f57a4:   64 48 8b 04 25 28 00 00 00 48 89 45 c8 8b 07 83
0x00007ff16c3f57b4:   f8 02 0f 84 11 04 00 00 4c 8b 6f 18 49 89 ff 49
0x00007ff16c3f57c4:   89 f4 4d 85 ed 74 14 4c 89 ef e8 5d 57 22 00 41
0x00007ff16c3f57d4:   8b 07 83 f8 02 0f 84 19 04 00 00 48 8d 1d 9a 06
0x00007ff16c3f57e4:   8a 00 4c 8d 35 0b 3c 58 00 eb 38 90 48 85 d2 7f
0x00007ff16c3f57f4:   0d 48 8d 05 b4 c0 85 00 48 83 38 00 7e 0e 41 8b
0x00007ff16c3f5804:   77 2c 4c 89 f7 31 c0 e8 a0 b2 f7 ff 49 8b 7f 18 


Stack slot to memory mapping:
stack at sp + 0 slots: 0x00007ff168918940 is pointing into the stack for thread: 0x00007ff1640b2200
stack at sp + 1 slots: 0x00007ff1640b2200 is a thread
stack at sp + 2 slots: 0x00007ff16a20e8c8 points into unknown readable memory: 0x65730018052dffff | ff ff 2d 05 18 00 73 65
stack at sp + 3 slots: 0x0000000800c417a0 is a pointer to class: 
jdk.vm.ci.services.Services {0x0000000800c417a0}
 - instance size:     2
 - klass size:        65
 - access:            public final synchronized 
 - state:             fully_initialized
 - name:              'jdk/vm/ci/services/Services'
 - super:             'java/lang/Object'
 - sub:               
 - arrays:            NULL
 - methods:           Array<T>(0x00007ff169044c80)
 - method ordering:   Array<T>(0x0000000800928960)
 - default_methods:   Array<T>(0x0000000000000000)
 - local interfaces:  Array<T>(0x00000008005ce810)
 - trans. interfaces: Array<T>(0x00000008005ce810)
 - constants:         constant pool [427] {0x00007ff169043bd8} for 'jdk/vm/ci/services/Services' cache=0x00007ff169047258
 - class loader data:  loader data: 0x00007ff1640283f0 of 'bootstrap'
 - source file:       'Services.java'
 - class annotations:       Array<T>(0x0000000000000000)
 - class type annotations:  Array<T>(0x0000000000000000)
 - field annotations:       Array<T>(0x0000000000000000)
 - field type annotations:  Array<T>(0x0000000000000000)
 - inner classes:     Array<T>(0x00007ff169045fc8)
 - nest members:     Array<T>(0x00007ff169045fe8)
 - permitted subclasses:     Array<T>(0x00000008005ce7a0)
 - java mirror:       a 'java/lang/Class'{0x00000000e0178d88} = 'jdk/vm/ci/services/Services'
 - vtable length      5  (start addr: 0x0000000800c41970)
 - itable length      2 (start addr: 0x0000000800c41998)
 - ---- static fields (3 words):
 - public static final 'IS_BUILDING_NATIVE_IMAGE' 'Z' @128 
 - public static final 'IS_IN_NATIVE_IMAGE' 'Z' @129 
 - private static volatile 'savedProperties' 'Ljava/util/Map;' @112 
 - static final 'JVMCI_ENABLED' 'Z' @130 
 - private static final 'servicesCache' 'Ljava/util/Map;' @116 
 - private static final 'MAX_UNICODE_IN_UTF8_LENGTH' 'I' @120 
 - private static final 'MAX_UTF8_PROPERTY_STRING_LENGTH' 'I' @124 
 - ---- non-static fields (0 words):
 - non-static oop maps: 
stack at sp + 4 slots: 0x00007ff168918500 is pointing into the stack for thread: 0x00007ff1640b2200
stack at sp + 5 slots: 0x00007ff16c3c12fe: <offset 0x000000000093e2fe> in /nix/store/gpxl5qgg8kicmcvivwmybwjlpf7wh20l-graalvm17-ce-22.3.0/lib/server/libjvm.so at 0x00007ff16ba83000
stack at sp + 6 slots: 0x00007ff1689183e0 is pointing into the stack for thread: 0x00007ff1640b2200
stack at sp + 7 slots: 0x00007ff168918440 is pointing into the stack for thread: 0x00007ff1640b2200


---------------  P R O C E S S  ---------------

Threads class SMR info:
_java_thread_list=0x00007ff0f4001430, length=29, elements={
0x00007ff164026690, 0x00007ff1640a64d0, 0x00007ff1640a7910, 0x00007ff1640ae070,
0x00007ff1640af420, 0x00007ff1640b0810, 0x00007ff1640b2200, 0x00007ff1640b3710,
0x00007ff1640b4b60, 0x00007ff1640d7ec0, 0x00007ff16411f680, 0x00007ff16432b990,
0x00007ff16435ea90, 0x00007ff1641d1ac0, 0x00007ff1642005d0, 0x00007ff0fc01e170,
0x00007ff0fc2ba8a0, 0x00007ff0fc48df40, 0x00007ff0fc5fe900, 0x00007ff164397b10,
0x00007ff0f0001940, 0x00007ff0ec032a50, 0x00007ff0f8058750, 0x00007ff0f8058cd0,
0x00007ff0f8059250, 0x00007ff0f8152d80, 0x00007ff0f8153320, 0x00007ff0f8153d40,
0x00007ff0f8154830
}

Java Threads: ( => current thread )
  0x00007ff164026690 JavaThread "main" [_thread_blocked, id=33, stack(0x00007ff16b89e000,0x00007ff16b99e000)]
  0x00007ff1640a64d0 JavaThread "Reference Handler" daemon [_thread_blocked, id=36, stack(0x00007ff1698b5000,0x00007ff1699b5000)]
  0x00007ff1640a7910 JavaThread "Finalizer" daemon [_thread_blocked, id=37, stack(0x00007ff168f00000,0x00007ff169000000)]
  0x00007ff1640ae070 JavaThread "Signal Dispatcher" daemon [_thread_blocked, id=38, stack(0x00007ff168b1a000,0x00007ff168c1a000)]
  0x00007ff1640af420 JavaThread "Service Thread" daemon [_thread_blocked, id=39, stack(0x00007ff168a1a000,0x00007ff168b1a000)]
  0x00007ff1640b0810 JavaThread "Monitor Deflation Thread" daemon [_thread_blocked, id=40, stack(0x00007ff16891a000,0x00007ff168a1a000)]
=>0x00007ff1640b2200 JavaThread "JVMCI-native CompilerThread0" daemon [_thread_in_vm, id=41, stack(0x00007ff16871a000,0x00007ff16891a000)]
  0x00007ff1640b3710 JavaThread "C1 CompilerThread0" daemon [_thread_blocked, id=42, stack(0x00007ff16851a000,0x00007ff16871a000)]
  0x00007ff1640b4b60 JavaThread "Sweeper thread" daemon [_thread_blocked, id=43, stack(0x00007ff16841a000,0x00007ff16851a000)]
  0x00007ff1640d7ec0 JavaThread "Common-Cleaner" daemon [_thread_blocked, id=46, stack(0x00007ff16831a000,0x00007ff16841a000)]
  0x00007ff16411f680 JavaThread "Notification Thread" daemon [_thread_blocked, id=48, stack(0x00007ff16821a000,0x00007ff16831a000)]
  0x00007ff16432b990 JavaThread "Active Thread: Equinox Container: 65b6d668-e875-465d-9b29-412d9c78f8d4" [_thread_blocked, id=66, stack(0x00007ff168018000,0x00007ff168118000)]
  0x00007ff16435ea90 JavaThread "Framework Event Dispatcher: Equinox Container: 65b6d668-e875-465d-9b29-412d9c78f8d4" daemon [_thread_blocked, id=68, stack(0x00007ff14b3b3000,0x00007ff14b4b3000)]
  0x00007ff1641d1ac0 JavaThread "Start Level: Equinox Container: 65b6d668-e875-465d-9b29-412d9c78f8d4" daemon [_thread_blocked, id=69, stack(0x00007ff148f00000,0x00007ff149000000)]
  0x00007ff1642005d0 JavaThread "Refresh Thread: Equinox Container: 65b6d668-e875-465d-9b29-412d9c78f8d4" daemon [_thread_blocked, id=70, stack(0x00007ff148d00000,0x00007ff148e00000)]
  0x00007ff0fc01e170 JavaThread "SCR Component Actor" daemon [_thread_blocked, id=71, stack(0x00007ff148b00000,0x00007ff148c00000)]
  0x00007ff0fc2ba8a0 JavaThread "Worker-JM" [_thread_blocked, id=73, stack(0x00007ff148700000,0x00007ff148800000)]
  0x00007ff0fc48df40 JavaThread "Java indexing" daemon [_thread_blocked, id=76, stack(0x00007ff148300000,0x00007ff148400000)]
  0x00007ff0fc5fe900 JavaThread "Bundle File Closer" daemon [_thread_blocked, id=77, stack(0x00007ff148100000,0x00007ff148200000)]
  0x00007ff164397b10 JavaThread "pool-2-thread-1" [_thread_blocked, id=82, stack(0x00007ff112b00000,0x00007ff112c00000)]
  0x00007ff0f0001940 JavaThread "Worker-3" [_thread_blocked, id=83, stack(0x00007ff112900000,0x00007ff112a00000)]
  0x00007ff0ec032a50 JavaThread "Worker-5" [_thread_blocked, id=107, stack(0x00007ff112300000,0x00007ff112400000)]
  0x00007ff0f8058750 JavaThread "Thread-4" [_thread_blocked, id=952, stack(0x00007ff148600000,0x00007ff148700000)]
  0x00007ff0f8058cd0 JavaThread "Thread-5" [_thread_blocked, id=1161, stack(0x00007ff111d00000,0x00007ff111e00000)]
  0x00007ff0f8059250 JavaThread "Thread-6" [_thread_blocked, id=1394, stack(0x00007ff112100000,0x00007ff112200000)]
  0x00007ff0f8152d80 JavaThread "Thread-7" [_thread_blocked, id=1490, stack(0x00007ff112500000,0x00007ff112600000)]
  0x00007ff0f8153320 JavaThread "Thread-8" [_thread_blocked, id=1808, stack(0x00007ff111900000,0x00007ff111a00000)]
  0x00007ff0f8153d40 JavaThread "Thread-9" [_thread_blocked, id=1900, stack(0x00007ff148500000,0x00007ff148600000)]
  0x00007ff0f8154830 JavaThread "Thread-10" [_thread_blocked, id=2118, stack(0x00007ff112700000,0x00007ff112800000)]

Other Threads:
  0x00007ff1640a1c10 VMThread "VM Thread" [stack: 0x00007ff1699b7000,0x00007ff169ab7000] [id=35] _threads_hazard_ptr=0x00007ff0f4001430
  0x00007ff164121020 WatcherThread [stack: 0x00007ff16811a000,0x00007ff16821a000] [id=49]
  0x00007ff16403df30 GCTaskThread "GC Thread#0" [stack: 0x00007ff16b461000,0x00007ff16b561000] [id=34]

Threads with active compile tasks:
JVMCI-native CompilerThread0   935146 9132       4       java.lang.Integer::valueOf (32 bytes)

VM state: synchronizing (normal execution)

VM Mutex/Monitor currently owned by a thread:  ([mutex/lock_event])
[0x00007ff164023840] Threads_lock - owner thread: 0x00007ff1640a1c10
[0x00007ff164023ff0] Heap_lock - owner thread: 0x00007ff0f8059250

OutOfMemory and StackOverflow Exception counts:
OutOfMemoryError java_heap_errors=17
LinkageErrors=66

Heap address: 0x00000000e0000000, size: 512 MB, Compressed Oops mode: 32-bit

CDS archive(s) mapped at: [0x0000000800000000-0x0000000800bc8000-0x0000000800bc8000), size 12353536, SharedBaseAddress: 0x0000000800000000, ArchiveRelocationMode: 0.
Compressed class space mapped at: 0x0000000800c00000-0x0000000840c00000, reserved size: 1073741824
Narrow klass base: 0x0000000800000000, Narrow klass shift: 0, Narrow klass range: 0x100000000

GC Precious Log:
 CPUs: 4 total, 1 available
 Memory: 1024M
 Large Page Support: Disabled
 NUMA Support: Disabled
 Compressed Oops: Enabled (32-bit)
 Alignments: Space 512K, Generation 512K, Heap 2M
 Heap Min Capacity: 100M
 Heap Initial Capacity: 100M
 Heap Max Capacity: 512M
 Pre-touch: Disabled
 Parallel Workers: 1

Heap:
 PSYoungGen      total 40448K, used 27136K [0x00000000f5580000, 0x00000000f8c80000, 0x0000000100000000)
  eden space 27136K, 100% used [0x00000000f5580000,0x00000000f7000000,0x00000000f7000000)
  from space 13312K, 0% used [0x00000000f7e00000,0x00000000f7e00000,0x00000000f8b00000)
  to   space 13824K, 0% used [0x00000000f7000000,0x00000000f7000000,0x00000000f7d80000)
 ParOldGen       total 349696K, used 349695K [0x00000000e0000000, 0x00000000f5580000, 0x00000000f5580000)
  object space 349696K, 99% used [0x00000000e0000000,0x00000000f557ffb8,0x00000000f5580000)
 Metaspace       used 60583K, committed 61760K, reserved 1105920K
  class space    used 5968K, committed 6400K, reserved 1048576K

Card table byte_map: [0x00007ff16b561000,0x00007ff16b662000] _byte_map_base: 0x00007ff16ae61000

Marking Bits: (ParMarkBitMap*) 0x00007ff16ccb14c0
 Begin Bits: [0x00007ff16a3b4000, 0x00007ff16abb4000)
 End Bits:   [0x00007ff16abb4000, 0x00007ff16b3b4000)

Polling page: 0x00007ff16b87b000

Metaspace:

Usage:
  Non-class:     53.34 MB used.
      Class:      5.83 MB used.
       Both:     59.16 MB used.

Virtual space:
  Non-class space:       56.00 MB reserved,      54.06 MB ( 97%) committed,  7 nodes.
      Class space:        1.00 GB reserved,       6.25 MB ( <1%) committed,  1 nodes.
             Both:        1.05 GB reserved,      60.31 MB (  6%) committed. 

Chunk freelists:
   Non-Class:  1.42 MB
       Class:  1.77 MB
        Both:  3.18 MB

MaxMetaspaceSize: unlimited
CompressedClassSpaceSize: 1.00 GB
Initial GC threshold: 21.00 MB
Current GC threshold: 100.31 MB
CDS: on
MetaspaceReclaimPolicy: balanced
 - commit_granule_bytes: 65536.
 - commit_granule_words: 8192.
 - virtual_space_node_default_size: 1048576.
 - enlarge_chunks_in_place: 1.
 - new_chunks_are_fully_committed: 0.
 - uncommit_free_chunks: 1.
 - use_allocation_guard: 0.
 - handle_deallocations: 1.


Internal statistics:

num_allocs_failed_limit: 6.
num_arena_births: 498.
num_arena_deaths: 148.
num_vsnodes_births: 8.
num_vsnodes_deaths: 0.
num_space_committed: 964.
num_space_uncommitted: 0.
num_chunks_returned_to_freelist: 215.
num_chunks_taken_from_freelist: 2873.
num_chunk_merges: 88.
num_chunk_splits: 1874.
num_chunks_enlarged: 1168.
num_purges: 2.
num_inconsistent_stats: 0.

CodeHeap 'non-profiled nmethods': size=120036Kb used=2545Kb max_used=2545Kb free=117490Kb
 bounds [0x00007ff152f7a000, 0x00007ff1531fa000, 0x00007ff15a4b3000]
CodeHeap 'profiled nmethods': size=120032Kb used=15062Kb max_used=16611Kb free=104969Kb
 bounds [0x00007ff14ba42000, 0x00007ff14ca82000, 0x00007ff152f7a000]
CodeHeap 'non-nmethods': size=5692Kb used=1392Kb max_used=1400Kb free=4299Kb
 bounds [0x00007ff14b4b3000, 0x00007ff14b723000, 0x00007ff14ba42000]
 total_blobs=7847 nmethods=7116 adapters=629
 compilation: enabled
              stopped_count=0, restarted_count=0
 full_count=0

JVMCI Events (20 events):
Event: 601.236 Thread 0x00007ff1640b2200 detached from JVMCI runtime 0
Event: 635.278 Thread 0x00007ff1640b2200 attached to JVMCI runtime 0
Event: 635.320 Thread 0x00007ff1640b2200 created JavaVM[5]@0x00007ff11139e340 for JVMCI runtime 0
Event: 635.320 Thread 0x00007ff1640b2200 initializing JVMCI runtime 0
Event: 635.320 Thread 0x00007ff1640b2200 done waiting for JavaVM references initialization in JVMCI runtime 0
Event: 654.168 Thread 0x00007ff1640b2200 initialized JVMCI runtime 0
Event: 666.559 Thread 0x00007ff1640b2200 compacted oop handles in JVMCI runtime 0 from 73 to 71
Event: 674.768 Thread 0x00007ff1640b2200 compacted oop handles in JVMCI runtime 0 from 76 to 40
Event: 674.770 Thread 0x00007ff1640b2200 compacted oop handles in JVMCI runtime 0 from 42 to 41
Event: 675.953 Thread 0x00007ff1640b2200 detaching from JVMCI runtime 0: releasing idle compiler thread (0 other threads still attached)
Event: 675.953 Thread 0x00007ff1640b2200 shutting down HotSpotJVMCIRuntime for JVMCI runtime 0
Event: 675.953 Thread 0x00007ff1640b2200 shut down JVMCI runtime 0
Event: 675.955 Thread 0x00007ff1640b2200 destroyed JavaVM[5]@0x00007ff11139e340 for JVMCI runtime 0
Event: 675.955 Thread 0x00007ff1640b2200 compacted oop handles in JVMCI runtime 0 from 41 to 41
Event: 675.955 Thread 0x00007ff1640b2200 releasing handles for JVMCI runtime 0: oop handles=41, metadata handles={total=155, live=146, blocks=35}
Event: 675.955 Thread 0x00007ff1640b2200 detached from JVMCI runtime 0
Event: 765.533 Thread 0x00007ff1640b2200 attached to JVMCI runtime 0
Event: 765.535 Thread 0x00007ff1640b2200 created JavaVM[6]@0x00007ff11139e340 for JVMCI runtime 0
Event: 765.535 Thread 0x00007ff1640b2200 initializing JVMCI runtime 0
Event: 765.535 Thread 0x00007ff1640b2200 done waiting for JavaVM references initialization in JVMCI runtime 0

Compilation events (20 events):
Event: 850.428 Thread 0x00007ff1640b3710 9139       3       java.util.Spliterators::checkFromToBounds (74 bytes)
Event: 864.367 Thread 0x00007ff1640b3710 nmethod 9139 0x00007ff14c50ba10 code [0x00007ff14c50bcc0, 0x00007ff14c50c6c0]
Event: 864.367 Thread 0x00007ff1640b3710 9140       3       java.util.Spliterators$ArraySpliterator::forEachRemaining (68 bytes)
Event: 864.368 Thread 0x00007ff1640b3710 nmethod 9140 0x00007ff14bd61f10 code [0x00007ff14bd620e0, 0x00007ff14bd626d0]
Event: 864.368 Thread 0x00007ff1640b3710 9143       3       org.eclipse.jdt.internal.compiler.lookup.Scope::environment (8 bytes)
Event: 864.368 Thread 0x00007ff1640b3710 nmethod 9143 0x00007ff14c30bc90 code [0x00007ff14c30be20, 0x00007ff14c30bf30]
Event: 864.368 Thread 0x00007ff1640b3710 9144       3       org.eclipse.jdt.internal.compiler.lookup.MethodBinding::isPublic (13 bytes)
Event: 864.368 Thread 0x00007ff1640b3710 nmethod 9144 0x00007ff14c32d490 code [0x00007ff14c32d640, 0x00007ff14c32d7b0]
Event: 864.368 Thread 0x00007ff1640b3710 9142       1       org.eclipse.jdt.internal.compiler.lookup.SourceTypeBinding::isRecord (5 bytes)
Event: 864.368 Thread 0x00007ff1640b3710 nmethod 9142 0x00007ff1531f6390 code [0x00007ff1531f6520, 0x00007ff1531f65f0]
Event: 870.129 Thread 0x00007ff1640b3710 9145       3       org.eclipse.jdt.internal.core.ClassFile::getTypeName (38 bytes)
Event: 873.434 Thread 0x00007ff1640b3710 nmethod 9145 0x00007ff14c237390 code [0x00007ff14c2375c0, 0x00007ff14c237bc0]
Event: 873.434 Thread 0x00007ff1640b3710 9148       3       org.eclipse.jdt.internal.core.JavaElement::getParent (5 bytes)
Event: 874.627 Thread 0x00007ff1640b3710 nmethod 9148 0x00007ff14c32f610 code [0x00007ff14c32f7a0, 0x00007ff14c32fa90]
Event: 875.737 Thread 0x00007ff1640b3710 9149       3       org.eclipse.jdt.internal.compiler.util.HashtableOfType::<init> (49 bytes)
Event: 876.740 Thread 0x00007ff1640b3710 nmethod 9149 0x00007ff14c519210 code [0x00007ff14c5193e0, 0x00007ff14c519710]
Event: 876.741 Thread 0x00007ff1640b3710 9150       3       org.eclipse.jdt.internal.compiler.lookup.UnresolvedReferenceBinding::<init> (39 bytes)
Event: 876.742 Thread 0x00007ff1640b3710 nmethod 9150 0x00007ff14c634c10 code [0x00007ff14c634de0, 0x00007ff14c635340]
Event: 877.945 Thread 0x00007ff1640b3710 9151       3       java.util.concurrent.ThreadPoolExecutor::isShutdown (12 bytes)
Event: 877.945 Thread 0x00007ff1640b3710 nmethod 9151 0x00007ff14c56e390 code [0x00007ff14c56e540, 0x00007ff14c56e730]

GC Heap History (20 events):
Event: 923.230 GC heap before
{Heap before GC invocations=806 (full 703):
 PSYoungGen      total 40448K, used 27136K [0x00000000f5580000, 0x00000000f8c80000, 0x0000000100000000)
  eden space 27136K, 100% used [0x00000000f5580000,0x00000000f7000000,0x00000000f7000000)
  from space 13312K, 0% used [0x00000000f7e00000,0x00000000f7e00000,0x00000000f8b00000)
  to   space 13824K, 0% used [0x00000000f7000000,0x00000000f7000000,0x00000000f7d80000)
 ParOldGen       total 349696K, used 349695K [0x00000000e0000000, 0x00000000f5580000, 0x00000000f5580000)
  object space 349696K, 99% used [0x00000000e0000000,0x00000000f557fff8,0x00000000f5580000)
 Metaspace       used 60583K, committed 61760K, reserved 1105920K
  class space    used 5968K, committed 6400K, reserved 1048576K
}
Event: 924.428 GC heap after
{Heap after GC invocations=806 (full 703):
 PSYoungGen      total 40960K, used 27136K [0x00000000f5580000, 0x00000000f8c80000, 0x0000000100000000)
  eden space 27136K, 100% used [0x00000000f5580000,0x00000000f7000000,0x00000000f7000000)
  from space 13824K, 0% used [0x00000000f7000000,0x00000000f7000000,0x00000000f7d80000)
  to   space 13312K, 0% used [0x00000000f7e00000,0x00000000f7e00000,0x00000000f8b00000)
 ParOldGen       total 349696K, used 349695K [0x00000000e0000000, 0x00000000f5580000, 0x00000000f5580000)
  object space 349696K, 99% used [0x00000000e0000000,0x00000000f557fff8,0x00000000f5580000)
 Metaspace       used 60583K, committed 61760K, reserved 1105920K
  class space    used 5968K, committed 6400K, reserved 1048576K
}
Event: 924.431 GC heap before
{Heap before GC invocations=807 (full 704):
 PSYoungGen      total 40960K, used 27136K [0x00000000f5580000, 0x00000000f8c80000, 0x0000000100000000)
  eden space 27136K, 100% used [0x00000000f5580000,0x00000000f7000000,0x00000000f7000000)
  from space 13824K, 0% used [0x00000000f7000000,0x00000000f7000000,0x00000000f7d80000)
  to   space 13312K, 0% used [0x00000000f7e00000,0x00000000f7e00000,0x00000000f8b00000)
 ParOldGen       total 349696K, used 349695K [0x00000000e0000000, 0x00000000f5580000, 0x00000000f5580000)
  object space 349696K, 99% used [0x00000000e0000000,0x00000000f557fff8,0x00000000f5580000)
 Metaspace       used 60583K, committed 61760K, reserved 1105920K
  class space    used 5968K, committed 6400K, reserved 1048576K
}
Event: 925.481 GC heap after
{Heap after GC invocations=807 (full 704):
 PSYoungGen      total 40448K, used 27136K [0x00000000f5580000, 0x00000000f8c80000, 0x0000000100000000)
  eden space 27136K, 100% used [0x00000000f5580000,0x00000000f7000000,0x00000000f7000000)
  from space 13312K, 0% used [0x00000000f7e00000,0x00000000f7e00000,0x00000000f8b00000)
  to   space 13824K, 0% used [0x00000000f7000000,0x00000000f7000000,0x00000000f7d80000)
 ParOldGen       total 349696K, used 349695K [0x00000000e0000000, 0x00000000f5580000, 0x00000000f5580000)
  object space 349696K, 99% used [0x00000000e0000000,0x00000000f557fd30,0x00000000f5580000)
 Metaspace       used 60583K, committed 61760K, reserved 1105920K
  class space    used 5968K, committed 6400K, reserved 1048576K
}
Event: 925.481 GC heap before
{Heap before GC invocations=808 (full 705):
 PSYoungGen      total 40448K, used 27136K [0x00000000f5580000, 0x00000000f8c80000, 0x0000000100000000)
  eden space 27136K, 100% used [0x00000000f5580000,0x00000000f7000000,0x00000000f7000000)
  from space 13312K, 0% used [0x00000000f7e00000,0x00000000f7e00000,0x00000000f8b00000)
  to   space 13824K, 0% used [0x00000000f7000000,0x00000000f7000000,0x00000000f7d80000)
 ParOldGen       total 349696K, used 349695K [0x00000000e0000000, 0x00000000f5580000, 0x00000000f5580000)
  object space 349696K, 99% used [0x00000000e0000000,0x00000000f557fe50,0x00000000f5580000)
 Metaspace       used 60583K, committed 61760K, reserved 1105920K
  class space    used 5968K, committed 6400K, reserved 1048576K
}
Event: 926.867 GC heap after
{Heap after GC invocations=808 (full 705):
 PSYoungGen      total 40960K, used 27136K [0x00000000f5580000, 0x00000000f8c80000, 0x0000000100000000)
  eden space 27136K, 100% used [0x00000000f5580000,0x00000000f7000000,0x00000000f7000000)
  from space 13824K, 0% used [0x00000000f7000000,0x00000000f7000000,0x00000000f7d80000)
  to   space 13312K, 0% used [0x00000000f7e00000,0x00000000f7e00000,0x00000000f8b00000)
 ParOldGen       total 349696K, used 349695K [0x00000000e0000000, 0x00000000f5580000, 0x00000000f5580000)
  object space 349696K, 99% used [0x00000000e0000000,0x00000000f557fe38,0x00000000f5580000)
 Metaspace       used 60583K, committed 61760K, reserved 1105920K
  class space    used 5968K, committed 6400K, reserved 1048576K
}
Event: 926.870 GC heap before
{Heap before GC invocations=809 (full 706):
 PSYoungGen      total 40960K, used 27136K [0x00000000f5580000, 0x00000000f8c80000, 0x0000000100000000)
  eden space 27136K, 100% used [0x00000000f5580000,0x00000000f7000000,0x00000000f7000000)
  from space 13824K, 0% used [0x00000000f7000000,0x00000000f7000000,0x00000000f7d80000)
  to   space 13312K, 0% used [0x00000000f7e00000,0x00000000f7e00000,0x00000000f8b00000)
 ParOldGen       total 349696K, used 349695K [0x00000000e0000000, 0x00000000f5580000, 0x00000000f5580000)
  object space 349696K, 99% used [0x00000000e0000000,0x00000000f557fff0,0x00000000f5580000)
 Metaspace       used 60583K, committed 61760K, reserved 1105920K
  class space    used 5968K, committed 6400K, reserved 1048576K
}
Event: 927.920 GC heap after
{Heap after GC invocations=809 (full 706):
 PSYoungGen      total 40448K, used 27136K [0x00000000f5580000, 0x00000000f8c80000, 0x0000000100000000)
  eden space 27136K, 100% used [0x00000000f5580000,0x00000000f7000000,0x00000000f7000000)
  from space 13312K, 0% used [0x00000000f7e00000,0x00000000f7e00000,0x00000000f8b00000)
  to   space 13824K, 0% used [0x00000000f7000000,0x00000000f7000000,0x00000000f7d80000)
 ParOldGen       total 349696K, used 349695K [0x00000000e0000000, 0x00000000f5580000, 0x00000000f5580000)
  object space 349696K, 99% used [0x00000000e0000000,0x00000000f557fff0,0x00000000f5580000)
 Metaspace       used 60583K, committed 61760K, reserved 1105920K
  class space    used 5968K, committed 6400K, reserved 1048576K
}
Event: 927.920 GC heap before
{Heap before GC invocations=810 (full 707):
 PSYoungGen      total 40448K, used 27136K [0x00000000f5580000, 0x00000000f8c80000, 0x0000000100000000)
  eden space 27136K, 100% used [0x00000000f5580000,0x00000000f7000000,0x00000000f7000000)
  from space 13312K, 0% used [0x00000000f7e00000,0x00000000f7e00000,0x00000000f8b00000)
  to   space 13824K, 0% used [0x00000000f7000000,0x00000000f7000000,0x00000000f7d80000)
 ParOldGen       total 349696K, used 349695K [0x00000000e0000000, 0x00000000f5580000, 0x00000000f5580000)
  object space 349696K, 99% used [0x00000000e0000000,0x00000000f557fff0,0x00000000f5580000)
 Metaspace       used 60583K, committed 61760K, reserved 1105920K
  class space    used 5968K, committed 6400K, reserved 1048576K
}
Event: 929.138 GC heap after
{Heap after GC invocations=810 (full 707):
 PSYoungGen      total 40960K, used 27136K [0x00000000f5580000, 0x00000000f8c80000, 0x0000000100000000)
  eden space 27136K, 100% used [0x00000000f5580000,0x00000000f7000000,0x00000000f7000000)
  from space 13824K, 0% used [0x00000000f7000000,0x00000000f7000000,0x00000000f7d80000)
  to   space 13312K, 0% used [0x00000000f7e00000,0x00000000f7e00000,0x00000000f8b00000)
 ParOldGen       total 349696K, used 349695K [0x00000000e0000000, 0x00000000f5580000, 0x00000000f5580000)
  object space 349696K, 99% used [0x00000000e0000000,0x00000000f557fff0,0x00000000f5580000)
 Metaspace       used 60583K, committed 61760K, reserved 1105920K
  class space    used 5968K, committed 6400K, reserved 1048576K
}
Event: 929.140 GC heap before
{Heap before GC invocations=811 (full 708):
 PSYoungGen      total 40960K, used 27136K [0x00000000f5580000, 0x00000000f8c80000, 0x0000000100000000)
  eden space 27136K, 100% used [0x00000000f5580000,0x00000000f7000000,0x00000000f7000000)
  from space 13824K, 0% used [0x00000000f7000000,0x00000000f7000000,0x00000000f7d80000)
  to   space 13312K, 0% used [0x00000000f7e00000,0x00000000f7e00000,0x00000000f8b00000)
 ParOldGen       total 349696K, used 349695K [0x00000000e0000000, 0x00000000f5580000, 0x00000000f5580000)
  object space 349696K, 99% used [0x00000000e0000000,0x00000000f557fff0,0x00000000f5580000)
 Metaspace       used 60583K, committed 61760K, reserved 1105920K
  class space    used 5968K, committed 6400K, reserved 1048576K
}
Event: 930.416 GC heap after
{Heap after GC invocations=811 (full 708):
 PSYoungGen      total 40448K, used 27136K [0x00000000f5580000, 0x00000000f8c80000, 0x0000000100000000)
  eden space 27136K, 100% used [0x00000000f5580000,0x00000000f7000000,0x00000000f7000000)
  from space 13312K, 0% used [0x00000000f7e00000,0x00000000f7e00000,0x00000000f8b00000)
  to   space 13824K, 0% used [0x00000000f7000000,0x00000000f7000000,0x00000000f7d80000)
 ParOldGen       total 349696K, used 349693K [0x00000000e0000000, 0x00000000f5580000, 0x00000000f5580000)
  object space 349696K, 99% used [0x00000000e0000000,0x00000000f557f458,0x00000000f5580000)
 Metaspace       used 60583K, committed 61760K, reserved 1105920K
  class space    used 5968K, committed 6400K, reserved 1048576K
}
Event: 930.416 GC heap before
{Heap before GC invocations=812 (full 709):
 PSYoungGen      total 40448K, used 27136K [0x00000000f5580000, 0x00000000f8c80000, 0x0000000100000000)
  eden space 27136K, 100% used [0x00000000f5580000,0x00000000f7000000,0x00000000f7000000)
  from space 13312K, 0% used [0x00000000f7e00000,0x00000000f7e00000,0x00000000f8b00000)
  to   space 13824K, 0% used [0x00000000f7000000,0x00000000f7000000,0x00000000f7d80000)
 ParOldGen       total 349696K, used 349694K [0x00000000e0000000, 0x00000000f5580000, 0x00000000f5580000)
  object space 349696K, 99% used [0x00000000e0000000,0x00000000f557f938,0x00000000f5580000)
 Metaspace       used 60583K, committed 61760K, reserved 1105920K
  class space    used 5968K, committed 6400K, reserved 1048576K
}
Event: 931.568 GC heap after
{Heap after GC invocations=812 (full 709):
 PSYoungGen      total 40960K, used 27135K [0x00000000f5580000, 0x00000000f8c80000, 0x0000000100000000)
  eden space 27136K, 99% used [0x00000000f5580000,0x00000000f6ffff88,0x00000000f7000000)
  from space 13824K, 0% used [0x00000000f7000000,0x00000000f7000000,0x00000000f7d80000)
  to   space 13312K, 0% used [0x00000000f7e00000,0x00000000f7e00000,0x00000000f8b00000)
 ParOldGen       total 349696K, used 349694K [0x00000000e0000000, 0x00000000f5580000, 0x00000000f5580000)
  object space 349696K, 99% used [0x00000000e0000000,0x00000000f557f8e0,0x00000000f5580000)
 Metaspace       used 60583K, committed 61760K, reserved 1105920K
  class space    used 5968K, committed 6400K, reserved 1048576K
}
Event: 931.570 GC heap before
{Heap before GC invocations=813 (full 710):
 PSYoungGen      total 40960K, used 27136K [0x00000000f5580000, 0x00000000f8c80000, 0x0000000100000000)
  eden space 27136K, 100% used [0x00000000f5580000,0x00000000f7000000,0x00000000f7000000)
  from space 13824K, 0% used [0x00000000f7000000,0x00000000f7000000,0x00000000f7d80000)
  to   space 13312K, 0% used [0x00000000f7e00000,0x00000000f7e00000,0x00000000f8b00000)
 ParOldGen       total 349696K, used 349694K [0x00000000e0000000, 0x00000000f5580000, 0x00000000f5580000)
  object space 349696K, 99% used [0x00000000e0000000,0x00000000f557f8e0,0x00000000f5580000)
 Metaspace       used 60583K, committed 61760K, reserved 1105920K
  class space    used 5968K, committed 6400K, reserved 1048576K
}
Event: 932.663 GC heap after
{Heap after GC invocations=813 (full 710):
 PSYoungGen      total 40448K, used 27136K [0x00000000f5580000, 0x00000000f8c80000, 0x0000000100000000)
  eden space 27136K, 100% used [0x00000000f5580000,0x00000000f7000000,0x00000000f7000000)
  from space 13312K, 0% used [0x00000000f7e00000,0x00000000f7e00000,0x00000000f8b00000)
  to   space 13824K, 0% used [0x00000000f7000000,0x00000000f7000000,0x00000000f7d80000)
 ParOldGen       total 349696K, used 349694K [0x00000000e0000000, 0x00000000f5580000, 0x00000000f5580000)
  object space 349696K, 99% used [0x00000000e0000000,0x00000000f557f8e0,0x00000000f5580000)
 Metaspace       used 60583K, committed 61760K, reserved 1105920K
  class space    used 5968K, committed 6400K, reserved 1048576K
}
Event: 932.663 GC heap before
{Heap before GC invocations=814 (full 711):
 PSYoungGen      total 40448K, used 27136K [0x00000000f5580000, 0x00000000f8c80000, 0x0000000100000000)
  eden space 27136K, 100% used [0x00000000f5580000,0x00000000f7000000,0x00000000f7000000)
  from space 13312K, 0% used [0x00000000f7e00000,0x00000000f7e00000,0x00000000f8b00000)
  to   space 13824K, 0% used [0x00000000f7000000,0x00000000f7000000,0x00000000f7d80000)
 ParOldGen       total 349696K, used 349695K [0x00000000e0000000, 0x00000000f5580000, 0x00000000f5580000)
  object space 349696K, 99% used [0x00000000e0000000,0x00000000f557ff10,0x00000000f5580000)
 Metaspace       used 60583K, committed 61760K, reserved 1105920K
  class space    used 5968K, committed 6400K, reserved 1048576K
}
Event: 933.842 GC heap after
{Heap after GC invocations=814 (full 711):
 PSYoungGen      total 40960K, used 27135K [0x00000000f5580000, 0x00000000f8c80000, 0x0000000100000000)
  eden space 27136K, 99% used [0x00000000f5580000,0x00000000f6ffffb8,0x00000000f7000000)
  from space 13824K, 0% used [0x00000000f7000000,0x00000000f7000000,0x00000000f7d80000)
  to   space 13312K, 0% used [0x00000000f7e00000,0x00000000f7e00000,0x00000000f8b00000)
 ParOldGen       total 349696K, used 349695K [0x00000000e0000000, 0x00000000f5580000, 0x00000000f5580000)
  object space 349696K, 99% used [0x00000000e0000000,0x00000000f557fe90,0x00000000f5580000)
 Metaspace       used 60583K, committed 61760K, reserved 1105920K
  class space    used 5968K, committed 6400K, reserved 1048576K
}
Event: 933.842 GC heap before
{Heap before GC invocations=815 (full 712):
 PSYoungGen      total 40960K, used 27135K [0x00000000f5580000, 0x00000000f8c80000, 0x0000000100000000)
  eden space 27136K, 99% used [0x00000000f5580000,0x00000000f6ffffb8,0x00000000f7000000)
  from space 13824K, 0% used [0x00000000f7000000,0x00000000f7000000,0x00000000f7d80000)
  to   space 13312K, 0% used [0x00000000f7e00000,0x00000000f7e00000,0x00000000f8b00000)
 ParOldGen       total 349696K, used 349695K [0x00000000e0000000, 0x00000000f5580000, 0x00000000f5580000)
  object space 349696K, 99% used [0x00000000e0000000,0x00000000f557fe90,0x00000000f5580000)
 Metaspace       used 60583K, committed 61760K, reserved 1105920K
  class space    used 5968K, committed 6400K, reserved 1048576K
}
Event: 934.979 GC heap after
{Heap after GC invocations=815 (full 712):
 PSYoungGen      total 40448K, used 27135K [0x00000000f5580000, 0x00000000f8c80000, 0x0000000100000000)
  eden space 27136K, 99% used [0x00000000f5580000,0x00000000f6ffffb8,0x00000000f7000000)
  from space 13312K, 0% used [0x00000000f7e00000,0x00000000f7e00000,0x00000000f8b00000)
  to   space 13824K, 0% used [0x00000000f7000000,0x00000000f7000000,0x00000000f7d80000)
 ParOldGen       total 349696K, used 349695K [0x00000000e0000000, 0x00000000f5580000, 0x00000000f5580000)
  object space 349696K, 99% used [0x00000000e0000000,0x00000000f557fe40,0x00000000f5580000)
 Metaspace       used 60583K, committed 61760K, reserved 1105920K
  class space    used 5968K, committed 6400K, reserved 1048576K
}

Dll operation events (9 events):
Event: 0.016 Loaded shared library /nix/store/gpxl5qgg8kicmcvivwmybwjlpf7wh20l-graalvm17-ce-22.3.0/lib/libjava.so
Event: 0.035 Loaded shared library /nix/store/gpxl5qgg8kicmcvivwmybwjlpf7wh20l-graalvm17-ce-22.3.0/lib/libjsvml.so
Event: 0.710 Loaded shared library /nix/store/gpxl5qgg8kicmcvivwmybwjlpf7wh20l-graalvm17-ce-22.3.0/lib/libnio.so
Event: 0.715 Loaded shared library /nix/store/gpxl5qgg8kicmcvivwmybwjlpf7wh20l-graalvm17-ce-22.3.0/lib/libzip.so
Event: 0.718 Loaded shared library /nix/store/gpxl5qgg8kicmcvivwmybwjlpf7wh20l-graalvm17-ce-22.3.0/lib/libjvmcicompiler.so
Event: 1.277 Loaded shared library /nix/store/gpxl5qgg8kicmcvivwmybwjlpf7wh20l-graalvm17-ce-22.3.0/lib/libjimage.so
Event: 2.153 Loaded shared library /nix/store/gpxl5qgg8kicmcvivwmybwjlpf7wh20l-graalvm17-ce-22.3.0/lib/libnet.so
Event: 6.801 Loaded shared library /home/runner/.cache/jdt-language-server/config/org.eclipse.equinox.launcher/org.eclipse.equinox.launcher.gtk.linux.x86_64_1.2.400.v20211117-0650/eclipse_11600.so
Event: 18.676 Loaded shared library /nix/store/gpxl5qgg8kicmcvivwmybwjlpf7wh20l-graalvm17-ce-22.3.0/lib/libextnet.so

Deoptimization events (20 events):
Event: 361.276 Thread 0x00007ff114002120 DEOPT PACKING pc=0x00007ff1530b15db sp=0x00007ff111dfe650
Event: 361.276 Thread 0x00007ff114002120 DEOPT UNPACKING pc=0x00007ff14b505325 sp=0x00007ff111dfdae0 mode 3
Event: 652.976 Thread 0x00007ff1640b2200 DEOPT PACKING pc=0x00007ff14ba7bf10 sp=0x00007ff168917f50
Event: 652.976 Thread 0x00007ff1640b2200 DEOPT UNPACKING pc=0x00007ff14b505325 sp=0x00007ff168917478 mode 0
Event: 822.832 Thread 0x00007ff0f8153d40 Uncommon trap: trap_request=0xffffff8f fr.pc=0x00007ff1531f066d relative=0x0000000000000a2d
Event: 822.832 Thread 0x00007ff0f8153d40 Uncommon trap: reason=constraint action=none pc=0x00007ff1531f066d method=java.util.Hashtable.addEntry(ILjava/lang/Object;Ljava/lang/Object;I)V @ 42 jvmci
Event: 822.832 Thread 0x00007ff0f8153d40 DEOPT PACKING pc=0x00007ff1531f066d sp=0x00007ff1485fdf60
Event: 822.832 Thread 0x00007ff0f8153d40 DEOPT UNPACKING pc=0x00007ff14b505325 sp=0x00007ff1485fd388 mode 3
Event: 827.661 Thread 0x00007ff0f8153d40 Uncommon trap: trap_request=0xffffff8f fr.pc=0x00007ff1531f066d relative=0x0000000000000a2d
Event: 827.661 Thread 0x00007ff0f8153d40 Uncommon trap: reason=constraint action=none pc=0x00007ff1531f066d method=java.util.Hashtable.addEntry(ILjava/lang/Object;Ljava/lang/Object;I)V @ 42 jvmci
Event: 827.661 Thread 0x00007ff0f8153d40 DEOPT PACKING pc=0x00007ff1531f066d sp=0x00007ff1485fdf60
Event: 827.661 Thread 0x00007ff0f8153d40 DEOPT UNPACKING pc=0x00007ff14b505325 sp=0x00007ff1485fd388 mode 3
Event: 833.965 Thread 0x00007ff0f8153d40 Uncommon trap: trap_request=0xffffff8f fr.pc=0x00007ff1531f066d relative=0x0000000000000a2d
Event: 833.965 Thread 0x00007ff0f8153d40 Uncommon trap: reason=constraint action=none pc=0x00007ff1531f066d method=java.util.Hashtable.addEntry(ILjava/lang/Object;Ljava/lang/Object;I)V @ 42 jvmci
Event: 833.965 Thread 0x00007ff0f8153d40 DEOPT PACKING pc=0x00007ff1531f066d sp=0x00007ff1485fdf60
Event: 833.965 Thread 0x00007ff0f8153d40 DEOPT UNPACKING pc=0x00007ff14b505325 sp=0x00007ff1485fd388 mode 3
Event: 904.136 Thread 0x00007ff0f8153320 Uncommon trap: trap_request=0xffffff8f fr.pc=0x00007ff1531f066d relative=0x0000000000000a2d
Event: 904.136 Thread 0x00007ff0f8153320 Uncommon trap: reason=constraint action=none pc=0x00007ff1531f066d method=java.util.Hashtable.addEntry(ILjava/lang/Object;Ljava/lang/Object;I)V @ 42 jvmci
Event: 906.344 Thread 0x00007ff0f8153320 DEOPT PACKING pc=0x00007ff1531f066d sp=0x00007ff1119fdf60
Event: 906.344 Thread 0x00007ff0f8153320 DEOPT UNPACKING pc=0x00007ff14b505325 sp=0x00007ff1119fd388 mode 3

Classes unloaded (20 events):
Event: 75.634 Thread 0x00007ff1640a1c10 Unloading class 0x0000000800ee8000 'jdk/internal/reflect/GeneratedConstructorAccessor8'
Event: 75.634 Thread 0x00007ff1640a1c10 Unloading class 0x0000000800d99000 'java/lang/invoke/LambdaForm$MH+0x0000000800d99000'
Event: 75.634 Thread 0x00007ff1640a1c10 Unloading class 0x0000000800d98c00 'java/lang/invoke/LambdaForm$MH+0x0000000800d98c00'
Event: 75.634 Thread 0x00007ff1640a1c10 Unloading class 0x0000000800d98800 'java/lang/invoke/LambdaForm$MH+0x0000000800d98800'
Event: 75.634 Thread 0x00007ff1640a1c10 Unloading class 0x0000000800d98400 'java/lang/invoke/LambdaForm$MH+0x0000000800d98400'
Event: 75.634 Thread 0x00007ff1640a1c10 Unloading class 0x0000000800d98000 'jdk/internal/reflect/GeneratedConstructorAccessor3'
Event: 75.634 Thread 0x00007ff1640a1c10 Unloading class 0x0000000800d06800 'java/lang/invoke/LambdaForm$MH+0x0000000800d06800'
Event: 75.634 Thread 0x00007ff1640a1c10 Unloading class 0x0000000800d06000 'java/lang/invoke/LambdaForm$MH+0x0000000800d06000'
Event: 75.634 Thread 0x00007ff1640a1c10 Unloading class 0x0000000800d05c00 'java/lang/invoke/LambdaForm$MH+0x0000000800d05c00'
Event: 75.634 Thread 0x00007ff1640a1c10 Unloading class 0x0000000800d05800 'java/lang/invoke/LambdaForm$MH+0x0000000800d05800'
Event: 75.634 Thread 0x00007ff1640a1c10 Unloading class 0x0000000800d05000 'java/lang/invoke/LambdaForm$MH+0x0000000800d05000'
Event: 75.634 Thread 0x00007ff1640a1c10 Unloading class 0x0000000800d04c00 'java/lang/invoke/LambdaForm$MH+0x0000000800d04c00'
Event: 75.634 Thread 0x00007ff1640a1c10 Unloading class 0x0000000800d04800 'java/lang/invoke/LambdaForm$MH+0x0000000800d04800'
Event: 75.634 Thread 0x00007ff1640a1c10 Unloading class 0x0000000800d04000 'java/lang/invoke/LambdaForm$MH+0x0000000800d04000'
Event: 75.634 Thread 0x00007ff1640a1c10 Unloading class 0x0000000800c1d000 'jdk/internal/reflect/GeneratedMethodAccessor5'
Event: 75.634 Thread 0x00007ff1640a1c10 Unloading class 0x0000000800c1cc00 'jdk/internal/reflect/GeneratedMethodAccessor4'
Event: 75.634 Thread 0x00007ff1640a1c10 Unloading class 0x0000000800c1c800 'jdk/internal/reflect/GeneratedMethodAccessor3'
Event: 75.635 Thread 0x00007ff1640a1c10 Unloading class 0x0000000800c1c400 'jdk/internal/reflect/GeneratedMethodAccessor2'
Event: 75.635 Thread 0x00007ff1640a1c10 Unloading class 0x0000000800c1c000 'jdk/internal/reflect/GeneratedMethodAccessor1'
Event: 75.635 Thread 0x00007ff1640a1c10 Unloading class 0x0000000800c01c00 'java/lang/invoke/LambdaForm$DMH+0x0000000800c01c00'

Classes redefined (0 events):
No events

Internal exceptions (20 events):
Event: 822.832 Thread 0x00007ff0f8153d40 Implicit null exception at 0x00007ff1531f0268 to 0x00007ff1531f0652
Event: 827.661 Thread 0x00007ff0f8153d40 Exception <a 'java/lang/OutOfMemoryError'{0x00000000e0012050}> (0x00000000e0012050) 
thrown [src/hotspot/share/gc/shared/memAllocator.cpp, line 138]
Event: 827.661 Thread 0x00007ff0f8153d40 Implicit null exception at 0x00007ff1531f0268 to 0x00007ff1531f0652
Event: 833.965 Thread 0x00007ff0f8153d40 Exception <a 'java/lang/OutOfMemoryError'{0x00000000e0011ab0}> (0x00000000e0011ab0) 
thrown [src/hotspot/share/gc/shared/memAllocator.cpp, line 138]
Event: 833.965 Thread 0x00007ff0f8153d40 Implicit null exception at 0x00007ff1531f0268 to 0x00007ff1531f0652
Event: 836.372 Thread 0x00007ff0f8153d40 Exception <a 'java/lang/OutOfMemoryError'{0x00000000e0011dd0}> (0x00000000e0011dd0) 
thrown [src/hotspot/share/gc/shared/memAllocator.cpp, line 136]
Event: 887.263 Thread 0x00007ff0f8059250 Exception <a 'java/lang/OutOfMemoryError'{0x00000000e0011dd0}> (0x00000000e0011dd0) 
thrown [src/hotspot/share/gc/shared/memAllocator.cpp, line 136]
Event: 890.736 Thread 0x00007ff0f8059250 Exception <a 'java/lang/OutOfMemoryError'{0x00000000e0011dd0}> (0x00000000e0011dd0) 
thrown [src/hotspot/share/gc/shared/memAllocator.cpp, line 136]
Event: 894.630 Thread 0x00007ff0f8153d40 Exception <a 'java/lang/OutOfMemoryError'{0x00000000e0011dd0}> (0x00000000e0011dd0) 
thrown [src/hotspot/share/gc/shared/memAllocator.cpp, line 136]
Event: 896.938 Thread 0x00007ff0f8152d80 Exception <a 'java/lang/OutOfMemoryError'{0x00000000e0011dd0}> (0x00000000e0011dd0) 
thrown [src/hotspot/share/gc/shared/memAllocator.cpp, line 136]
Event: 904.136 Thread 0x00007ff0f8153320 Exception <a 'java/lang/OutOfMemoryError'{0x00000000e0011ab0}> (0x00000000e0011ab0) 
thrown [src/hotspot/share/gc/shared/memAllocator.cpp, line 138]
Event: 904.136 Thread 0x00007ff0f8153320 Implicit null exception at 0x00007ff1531f0268 to 0x00007ff1531f0652
Event: 906.344 Thread 0x00007ff16444d2b0 Exception <a 'java/lang/OutOfMemoryError'{0x00000000e0011dd0}> (0x00000000e0011dd0) 
thrown [src/hotspot/share/gc/shared/memAllocator.cpp, line 136]
Event: 909.846 Thread 0x00007ff16444d2b0 Exception <a 'java/lang/OutOfMemoryError'{0x00000000e0011dd0}> (0x00000000e0011dd0) 
thrown [src/hotspot/share/gc/shared/memAllocator.cpp, line 136]
Event: 913.295 Thread 0x00007ff0f8152d80 Exception <a 'java/lang/OutOfMemoryError'{0x00000000e0011dd0}> (0x00000000e0011dd0) 
thrown [src/hotspot/share/gc/shared/memAllocator.cpp, line 136]
Event: 916.926 Thread 0x00007ff16444d2b0 Exception <a 'java/lang/OutOfMemoryError'{0x00000000e0011dd0}> (0x00000000e0011dd0) 
thrown [src/hotspot/share/gc/shared/memAllocator.cpp, line 136]
Event: 919.721 Thread 0x00007ff0f8154830 Exception <a 'java/lang/OutOfMemoryError'{0x00000000e0011dd0}> (0x00000000e0011dd0) 
thrown [src/hotspot/share/gc/shared/memAllocator.cpp, line 136]
Event: 924.430 Thread 0x00007ff0f8058cd0 Exception <a 'java/lang/OutOfMemoryError'{0x00000000e0011dd0}> (0x00000000e0011dd0) 
thrown [src/hotspot/share/gc/shared/memAllocator.cpp, line 136]
Event: 929.140 Thread 0x00007ff164397b10 Exception <a 'java/lang/OutOfMemoryError'{0x00000000e0011dd0}> (0x00000000e0011dd0) 
thrown [src/hotspot/share/gc/shared/memAllocator.cpp, line 136]
Event: 934.979 Thread 0x00007ff1640b2200 Exception <a 'java/lang/OutOfMemoryError'{0x00000000e0011dd0}> (0x00000000e0011dd0) 
thrown [src/hotspot/share/gc/shared/memAllocator.cpp, line 136]

VM Operations (20 events):
Event: 919.721 Executing VM operation: ParallelGCFailedAllocation
Event: 921.056 Executing VM operation: ParallelGCFailedAllocation done
Event: 921.056 Executing VM operation: ParallelGCFailedAllocation
Event: 922.155 Executing VM operation: ParallelGCFailedAllocation done
Event: 922.165 Executing VM operation: ParallelGCFailedAllocation
Event: 924.428 Executing VM operation: ParallelGCFailedAllocation done
Event: 924.430 Executing VM operation: ParallelGCFailedAllocation
Event: 925.481 Executing VM operation: ParallelGCFailedAllocation done
Event: 925.481 Executing VM operation: ParallelGCFailedAllocation
Event: 926.867 Executing VM operation: ParallelGCFailedAllocation done
Event: 926.869 Executing VM operation: ParallelGCFailedAllocation
Event: 929.138 Executing VM operation: ParallelGCFailedAllocation done
Event: 929.140 Executing VM operation: ParallelGCFailedAllocation
Event: 930.416 Executing VM operation: ParallelGCFailedAllocation done
Event: 930.416 Executing VM operation: ParallelGCFailedAllocation
Event: 931.568 Executing VM operation: ParallelGCFailedAllocation done
Event: 931.568 Executing VM operation: ParallelGCFailedAllocation
Event: 932.663 Executing VM operation: ParallelGCFailedAllocation done
Event: 932.663 Executing VM operation: ParallelGCFailedAllocation
Event: 934.979 Executing VM operation: ParallelGCFailedAllocation done

Events (20 events):
Event: 488.524 Protecting memory [0x00007ff112100000,0x00007ff112104000] with protection modes 0
Event: 529.433 Thread 0x00007ff0f8152d80 Thread added: 0x00007ff0f8152d80
Event: 529.433 Protecting memory [0x00007ff112500000,0x00007ff112504000] with protection modes 0
Event: 637.749 Thread 0x00007ff0f8153320 Thread added: 0x00007ff0f8153320
Event: 637.749 Protecting memory [0x00007ff111900000,0x00007ff111904000] with protection modes 0
Event: 663.122 Thread 0x00007ff0f8153d40 Thread added: 0x00007ff0f8153d40
Event: 663.122 Protecting memory [0x00007ff148500000,0x00007ff148504000] with protection modes 0
Event: 730.120 Thread 0x00007ff0f8154830 Thread added: 0x00007ff0f8154830
Event: 730.120 Protecting memory [0x00007ff112700000,0x00007ff112704000] with protection modes 0
Event: 837.553 loading class java/util/concurrent/CompletionException
Event: 837.553 loading class java/util/concurrent/CompletionException done
Event: 839.846 loading class java/util/concurrent/CancellationException
Event: 839.846 loading class java/util/concurrent/CancellationException done
Event: 843.525 loading class java/util/logging/LogRecord
Event: 843.526 loading class java/util/logging/LogRecord done
Event: 853.836 loading class java/util/logging/ConsoleHandler
Event: 853.836 loading class java/util/logging/StreamHandler
Event: 892.039 loading class java/util/logging/StreamHandler done
Event: 894.630 loading class java/util/logging/ConsoleHandler done
Event: 916.927 Thread 0x00007ff16444d2b0 Thread exited: 0x00007ff16444d2b0


Dynamic libraries:
e0000000-f5580000 rw-p 00000000 00:00 0 
f5580000-f8c80000 rw-p 00000000 00:00 0 
f8c80000-100000000 ---p 00000000 00:00 0 
800000000-800449000 rw-p 00001000 00:15b1 4611686019135357769            /nix/store/gpxl5qgg8kicmcvivwmybwjlpf7wh20l-graalvm17-ce-22.3.0/lib/server/classes.jsa
800449000-800bc8000 r--p 0044a000 00:15b1 4611686019135357769            /nix/store/gpxl5qgg8kicmcvivwmybwjlpf7wh20l-graalvm17-ce-22.3.0/lib/server/classes.jsa
800bc8000-800c00000 ---p 00000000 00:00 0 
800c00000-800c20000 rw-p 00000000 00:00 0 
800c20000-800c40000 rw-p 00000000 00:00 0 
800c40000-800cc0000 rw-p 00000000 00:00 0 
800cc0000-800d00000 rw-p 00000000 00:00 0 
800d00000-800dc0000 rw-p 00000000 00:00 0 
800dc0000-800e00000 rw-p 00000000 00:00 0 
800e00000-800f40000 rw-p 00000000 00:00 0 
800f40000-800fc0000 rw-p 00000000 00:00 0 
800fc0000-800ff0000 rw-p 00000000 00:00 0 
800ff0000-801000000 ---p 00000000 00:00 0 
801000000-801250000 rw-p 00000000 00:00 0 
801250000-840c00000 ---p 00000000 00:00 0 
562b8a50f000-562b8a510000 r-xp 00000000 00:15b1 4611686019099417844      /nix/store/gpxl5qgg8kicmcvivwmybwjlpf7wh20l-graalvm17-ce-22.3.0/bin/.java-wrapped
562b8a511000-562b8a512000 r--p 00001000 00:15b1 4611686019099417844      /nix/store/gpxl5qgg8kicmcvivwmybwjlpf7wh20l-graalvm17-ce-22.3.0/bin/.java-wrapped
562b8a512000-562b8a513000 rw-p 00002000 00:15b1 4611686019099417844      /nix/store/gpxl5qgg8kicmcvivwmybwjlpf7wh20l-graalvm17-ce-22.3.0/bin/.java-wrapped
562b8a513000-562b8a514000 rw-p 00004000 00:15b1 4611686019099417844      /nix/store/gpxl5qgg8kicmcvivwmybwjlpf7wh20l-graalvm17-ce-22.3.0/bin/.java-wrapped
562b8a514000-562b8a515000 rw-p 00005000 00:15b1 4611686019099417844      /nix/store/gpxl5qgg8kicmcvivwmybwjlpf7wh20l-graalvm17-ce-22.3.0/bin/.java-wrapped
562b8ac20000-562b8af73000 rw-p 00000000 00:00 0                          [heap]
7ff0ddc00000-7ff0de2c0000 rw-p 00000000 00:00 0 
7ff0de2c0000-7ff0de400000 ---p 00000000 00:00 0 
7ff0de4b3000-7ff0e8000000 r--s 00000000 00:15b1 4611686019135192581      /nix/store/gpxl5qgg8kicmcvivwmybwjlpf7wh20l-graalvm17-ce-22.3.0/lib/modules
7ff0e8000000-7ff0e8021000 rw-p 00000000 00:00 0 
7ff0e8021000-7ff0ec000000 ---p 00000000 00:00 0 
7ff0ec000000-7ff0ec0c0000 rw-p 00000000 00:00 0 
7ff0ec0c0000-7ff0f0000000 ---p 00000000 00:00 0 
7ff0f0000000-7ff0f0128000 rw-p 00000000 00:00 0 
7ff0f0128000-7ff0f4000000 ---p 00000000 00:00 0 
7ff0f4000000-7ff0f4021000 rw-p 00000000 00:00 0 
7ff0f4021000-7ff0f8000000 ---p 00000000 00:00 0 
7ff0f8000000-7ff0f816a000 rw-p 00000000 00:00 0 
7ff0f816a000-7ff0fc000000 ---p 00000000 00:00 0 
7ff0fc000000-7ff0fc8c9000 rw-p 00000000 00:00 0 
7ff0fc8c9000-7ff100000000 ---p 00000000 00:00 0 
7ff100400000-7ff100b00000 rw-p 00000000 00:00 0 
7ff100b00000-7ff100b50000 rw-p 00000000 00:00 0 
7ff100b50000-7ff100c00000 ---p 00000000 00:00 0 
7ff101400000-7ff101900000 rw-p 00000000 00:00 0 
7ff101900000-7ff101a00000 rw-p 00000000 00:00 0 
7ff101a00000-7ff101c00000 rw-p 00000000 00:00 0 
7ff101c00000-7ff101c80000 rw-p 00000000 00:00 0 
7ff101c80000-7ff101d00000 rw-p 00000000 00:00 0 
7ff101d00000-7ff101f00000 rw-p 00000000 00:00 0 
7ff101f00000-7ff102100000 rw-p 00000000 00:00 0 
7ff102100000-7ff102200000 rw-p 00000000 00:00 0 
7ff102200000-7ff102400000 rw-p 00000000 00:00 0 
7ff102400000-7ff102500000 rw-p 00000000 00:00 0 
7ff102500000-7ff102600000 rw-p 00000000 00:00 0 
7ff102600000-7ff102b60000 rw-p 00000000 00:00 0 
7ff102b60000-7ff102b80000 rw-p 00000000 00:00 0 
7ff102b80000-7ff102c00000 rw-p 00000000 00:00 0 
7ff102c00000-7ff102d00000 rw-p 00000000 00:00 0 
7ff102d00000-7ff102e00000 rw-p 00000000 00:00 0 
7ff102e00000-7ff103100000 rw-p 00000000 00:00 0 
7ff103100000-7ff103200000 rw-p 00000000 00:00 0 
7ff103200000-7ff103400000 rw-p 00000000 00:00 0 
7ff103400000-7ff103410000 r-xp 00000000 00:15ac 356                      /home/runner/.cache/jdt-language-server/config/org.eclipse.equinox.launcher/org.eclipse.equinox.launcher.gtk.linux.x86_64_1.2.400.v20211117-0650/eclipse_11600.so
7ff103410000-7ff10360f000 ---p 00010000 00:15ac 356                      /home/runner/.cache/jdt-language-server/config/org.eclipse.equinox.launcher/org.eclipse.equinox.launcher.gtk.linux.x86_64_1.2.400.v20211117-0650/eclipse_11600.so
7ff10360f000-7ff103610000 r--p 0000f000 00:15ac 356                      /home/runner/.cache/jdt-language-server/config/org.eclipse.equinox.launcher/org.eclipse.equinox.launcher.gtk.linux.x86_64_1.2.400.v20211117-0650/eclipse_11600.so
7ff103610000-7ff103611000 rw-p 00010000 00:15ac 356                      /home/runner/.cache/jdt-language-server/config/org.eclipse.equinox.launcher/org.eclipse.equinox.launcher.gtk.linux.x86_64_1.2.400.v20211117-0650/eclipse_11600.so
7ff104000000-7ff104021000 rw-p 00000000 00:00 0 
7ff104021000-7ff108000000 ---p 00000000 00:00 0 
7ff108000000-7ff1084bb000 rw-p 00000000 00:00 0 
7ff1084bb000-7ff10c000000 ---p 00000000 00:00 0 
7ff10c000000-7ff10c021000 rw-p 00000000 00:00 0 
7ff10c021000-7ff110000000 ---p 00000000 00:00 0 
7ff110700000-7ff110800000 ---p 00000000 00:00 0 
7ff110800000-7ff110daf000 r--p 01122000 00:15b1 4611686019135190040      /nix/store/gpxl5qgg8kicmcvivwmybwjlpf7wh20l-graalvm17-ce-22.3.0/lib/libjvmcicompiler.so
7ff110daf000-7ff110f00000 r--p 00000000 00:00 0 
7ff110f00000-7ff110f3d000 rw-p 00000000 00:00 0 
7ff110f3d000-7ff11145d000 rw-p 0185f000 00:15b1 4611686019135190040      /nix/store/gpxl5qgg8kicmcvivwmybwjlpf7wh20l-graalvm17-ce-22.3.0/lib/libjvmcicompiler.so
7ff11145d000-7ff111844000 r--p 01d7f000 00:15b1 4611686019135190040      /nix/store/gpxl5qgg8kicmcvivwmybwjlpf7wh20l-graalvm17-ce-22.3.0/lib/libjvmcicompiler.so
7ff111900000-7ff111904000 ---p 00000000 00:00 0 
7ff111904000-7ff111a00000 rw-p 00000000 00:00 0 
7ff111a00000-7ff111a04000 ---p 00000000 00:00 0 
7ff111a04000-7ff111b00000 rw-p 00000000 00:00 0 
7ff111b00000-7ff111b04000 ---p 00000000 00:00 0 
7ff111b04000-7ff111c00000 rw-p 00000000 00:00 0 
7ff111d00000-7ff111d04000 ---p 00000000 00:00 0 
7ff111d04000-7ff111e00000 rw-p 00000000 00:00 0 
7ff111f00000-7ff111f04000 ---p 00000000 00:00 0 
7ff111f04000-7ff112000000 rw-p 00000000 00:00 0 
7ff112100000-7ff112104000 ---p 00000000 00:00 0 
7ff112104000-7ff112200000 rw-p 00000000 00:00 0 
7ff112300000-7ff112304000 ---p 00000000 00:00 0 
7ff112304000-7ff112400000 rw-p 00000000 00:00 0 
7ff112500000-7ff112504000 ---p 00000000 00:00 0 
7ff112504000-7ff112600000 rw-p 00000000 00:00 0 
7ff112700000-7ff112704000 ---p 00000000 00:00 0 
7ff112704000-7ff112800000 rw-p 00000000 00:00 0 
7ff112900000-7ff112904000 ---p 00000000 00:00 0 
7ff112904000-7ff112a00000 rw-p 00000000 00:00 0 
7ff112b00000-7ff112b04000 ---p 00000000 00:00 0 
7ff112b04000-7ff112c00000 rw-p 00000000 00:00 0 
7ff112d00000-7ff112d04000 ---p 00000000 00:00 0 
7ff112d04000-7ff112e00000 rw-p 00000000 00:00 0 
7ff113a68000-7ff113f00000 rw-p 00000000 00:00 0 
7ff114000000-7ff114021000 rw-p 00000000 00:00 0 
7ff114021000-7ff118000000 ---p 00000000 00:00 0 
7ff118000000-7ff118026000 rw-p 00000000 00:00 0 
7ff118026000-7ff11c000000 ---p 00000000 00:00 0 
7ff11c000000-7ff11c02a000 rw-p 00000000 00:00 0 
7ff11c02a000-7ff120000000 ---p 00000000 00:00 0 
7ff120000000-7ff120021000 rw-p 00000000 00:00 0 
7ff120021000-7ff124000000 ---p 00000000 00:00 0 
7ff124000000-7ff1240d3000 rw-p 00000000 00:00 0 
7ff1240d3000-7ff128000000 ---p 00000000 00:00 0 
7ff128000000-7ff128be1000 rw-p 00000000 00:00 0 
7ff128be1000-7ff12c000000 ---p 00000000 00:00 0 
7ff12c000000-7ff12c288000 rw-p 00000000 00:00 0 
7ff12c288000-7ff130000000 ---p 00000000 00:00 0 
7ff130000000-7ff130021000 rw-p 00000000 00:00 0 
7ff130021000-7ff134000000 ---p 00000000 00:00 0 
7ff134000000-7ff134021000 rw-p 00000000 00:00 0 
7ff134021000-7ff138000000 ---p 00000000 00:00 0 
7ff138000000-7ff138021000 rw-p 00000000 00:00 0 
7ff138021000-7ff13c000000 ---p 00000000 00:00 0 
7ff13c000000-7ff13c021000 rw-p 00000000 00:00 0 
7ff13c021000-7ff140000000 ---p 00000000 00:00 0 
7ff140000000-7ff140021000 rw-p 00000000 00:00 0 
7ff140021000-7ff144000000 ---p 00000000 00:00 0 
7ff144000000-7ff144073000 rw-p 00000000 00:00 0 
7ff144073000-7ff148000000 ---p 00000000 00:00 0 
7ff148100000-7ff148104000 ---p 00000000 00:00 0 
7ff148104000-7ff148200000 rw-p 00000000 00:00 0 
7ff148300000-7ff148304000 ---p 00000000 00:00 0 
7ff148304000-7ff148400000 rw-p 00000000 00:00 0 
7ff148500000-7ff148504000 ---p 00000000 00:00 0 
7ff148504000-7ff148600000 rw-p 00000000 00:00 0 
7ff148600000-7ff148604000 ---p 00000000 00:00 0 
7ff148604000-7ff148700000 rw-p 00000000 00:00 0 
7ff148700000-7ff148704000 ---p 00000000 00:00 0 
7ff148704000-7ff148800000 rw-p 00000000 00:00 0 
7ff148900000-7ff148904000 ---p 00000000 00:00 0 
7ff148904000-7ff148a00000 rw-p 00000000 00:00 0 
7ff148b00000-7ff148b04000 ---p 00000000 00:00 0 
7ff148b04000-7ff148c00000 rw-p 00000000 00:00 0 
7ff148d00000-7ff148d04000 ---p 00000000 00:00 0 
7ff148d04000-7ff148e00000 rw-p 00000000 00:00 0 
7ff148f00000-7ff148f04000 ---p 00000000 00:00 0 
7ff148f04000-7ff149000000 rw-p 00000000 00:00 0 
7ff149000000-7ff14b16a000 r-xp 00000000 00:15b1 4611686019135190040      /nix/store/gpxl5qgg8kicmcvivwmybwjlpf7wh20l-graalvm17-ce-22.3.0/lib/libjvmcicompiler.so
7ff14b16a000-7ff14b369000 ---p 0216a000 00:15b1 4611686019135190040      /nix/store/gpxl5qgg8kicmcvivwmybwjlpf7wh20l-graalvm17-ce-22.3.0/lib/libjvmcicompiler.so
7ff14b369000-7ff14b36a000 r--p 02169000 00:15b1 4611686019135190040      /nix/store/gpxl5qgg8kicmcvivwmybwjlpf7wh20l-graalvm17-ce-22.3.0/lib/libjvmcicompiler.so
7ff14b36a000-7ff14b36c000 rw-p 0216a000 00:15b1 4611686019135190040      /nix/store/gpxl5qgg8kicmcvivwmybwjlpf7wh20l-graalvm17-ce-22.3.0/lib/libjvmcicompiler.so
7ff14b36c000-7ff14b36d000 rw-p 00000000 00:00 0 
7ff14b36d000-7ff14b372000 rw-p 023c3000 00:15b1 4611686019135190040      /nix/store/gpxl5qgg8kicmcvivwmybwjlpf7wh20l-graalvm17-ce-22.3.0/lib/libjvmcicompiler.so
7ff14b3b3000-7ff14b3b7000 ---p 00000000 00:00 0 
7ff14b3b7000-7ff14b4b3000 rw-p 00000000 00:00 0 
7ff14b4b3000-7ff14b723000 rwxp 00000000 00:00 0 
7ff14b723000-7ff14ba42000 ---p 00000000 00:00 0 
7ff14ba42000-7ff14ca82000 rwxp 00000000 00:00 0 
7ff14ca82000-7ff152f7a000 ---p 00000000 00:00 0 
7ff152f7a000-7ff1531fa000 rwxp 00000000 00:00 0 
7ff1531fa000-7ff15a4b3000 ---p 00000000 00:00 0 
7ff15a4b3000-7ff164000000 r--s 00000000 00:15b1 4611686019135192581      /nix/store/gpxl5qgg8kicmcvivwmybwjlpf7wh20l-graalvm17-ce-22.3.0/lib/modules
7ff164000000-7ff164613000 rw-p 00000000 00:00 0 
7ff164613000-7ff168000000 ---p 00000000 00:00 0 
7ff168018000-7ff16801c000 ---p 00000000 00:00 0 
7ff16801c000-7ff168118000 rw-p 00000000 00:00 0 
7ff168118000-7ff168119000 ---p 00000000 00:00 0 
7ff168119000-7ff16821a000 rw-p 00000000 00:00 0 
7ff16821a000-7ff16821e000 ---p 00000000 00:00 0 
7ff16821e000-7ff16831a000 rw-p 00000000 00:00 0 
7ff16831a000-7ff16831e000 ---p 00000000 00:00 0 
7ff16831e000-7ff16841a000 rw-p 00000000 00:00 0 
7ff16841a000-7ff16841e000 ---p 00000000 00:00 0 
7ff16841e000-7ff16851a000 rw-p 00000000 00:00 0 
7ff16851a000-7ff16851e000 ---p 00000000 00:00 0 
7ff16851e000-7ff16871a000 rw-p 00000000 00:00 0 
7ff16871a000-7ff16871e000 ---p 00000000 00:00 0 
7ff16871e000-7ff16891a000 rw-p 00000000 00:00 0 
7ff16891a000-7ff16891e000 ---p 00000000 00:00 0 
7ff16891e000-7ff168a1a000 rw-p 00000000 00:00 0 
7ff168a1a000-7ff168a1e000 ---p 00000000 00:00 0 
7ff168a1e000-7ff168b1a000 rw-p 00000000 00:00 0 
7ff168b1a000-7ff168b1e000 ---p 00000000 00:00 0 
7ff168b1e000-7ff168c1a000 rw-p 00000000 00:00 0 
7ff168c1a000-7ff168f00000 r--p 00000000 00:1566 28444448                 /usr/lib/locale/locale-archive
7ff168f00000-7ff168f04000 ---p 00000000 00:00 0 
7ff168f04000-7ff169400000 rw-p 00000000 00:00 0 
7ff169400000-7ff169700000 rw-p 00000000 00:00 0 
7ff169700000-7ff169800000 rw-p 00000000 00:00 0 
7ff16984d000-7ff16984f000 r-xp 00000000 00:15b1 4611686019135190017      /nix/store/gpxl5qgg8kicmcvivwmybwjlpf7wh20l-graalvm17-ce-22.3.0/lib/libextnet.so
7ff16984f000-7ff169850000 r--p 00001000 00:15b1 4611686019135190017      /nix/store/gpxl5qgg8kicmcvivwmybwjlpf7wh20l-graalvm17-ce-22.3.0/lib/libextnet.so
7ff169850000-7ff169851000 rw-p 00002000 00:15b1 4611686019135190017      /nix/store/gpxl5qgg8kicmcvivwmybwjlpf7wh20l-graalvm17-ce-22.3.0/lib/libextnet.so
7ff169851000-7ff169852000 rw-p 00004000 00:15b1 4611686019135190017      /nix/store/gpxl5qgg8kicmcvivwmybwjlpf7wh20l-graalvm17-ce-22.3.0/lib/libextnet.so
7ff169852000-7ff169856000 ---p 00000000 00:00 0 
7ff169856000-7ff169874000 rw-p 00000000 00:00 0 
7ff169874000-7ff16987b000 r-xp 00000000 00:15b1 4611686019135192580      /nix/store/gpxl5qgg8kicmcvivwmybwjlpf7wh20l-graalvm17-ce-22.3.0/lib/libzip.so
7ff16987b000-7ff16987c000 ---p 00007000 00:15b1 4611686019135192580      /nix/store/gpxl5qgg8kicmcvivwmybwjlpf7wh20l-graalvm17-ce-22.3.0/lib/libzip.so
7ff16987c000-7ff16987d000 r--p 00007000 00:15b1 4611686019135192580      /nix/store/gpxl5qgg8kicmcvivwmybwjlpf7wh20l-graalvm17-ce-22.3.0/lib/libzip.so
7ff16987d000-7ff16987e000 rw-p 00008000 00:15b1 4611686019135192580      /nix/store/gpxl5qgg8kicmcvivwmybwjlpf7wh20l-graalvm17-ce-22.3.0/lib/libzip.so
7ff16987e000-7ff169880000 rw-p 0000b000 00:15b1 4611686019135192580      /nix/store/gpxl5qgg8kicmcvivwmybwjlpf7wh20l-graalvm17-ce-22.3.0/lib/libzip.so
7ff169880000-7ff169895000 r-xp 00000000 00:15b1 4611686019135192570      /nix/store/gpxl5qgg8kicmcvivwmybwjlpf7wh20l-graalvm17-ce-22.3.0/lib/libnet.so
7ff169895000-7ff169896000 ---p 00015000 00:15b1 4611686019135192570      /nix/store/gpxl5qgg8kicmcvivwmybwjlpf7wh20l-graalvm17-ce-22.3.0/lib/libnet.so
7ff169896000-7ff169897000 r--p 00015000 00:15b1 4611686019135192570      /nix/store/gpxl5qgg8kicmcvivwmybwjlpf7wh20l-graalvm17-ce-22.3.0/lib/libnet.so
7ff169897000-7ff169898000 rw-p 00016000 00:15b1 4611686019135192570      /nix/store/gpxl5qgg8kicmcvivwmybwjlpf7wh20l-graalvm17-ce-22.3.0/lib/libnet.so
7ff169898000-7ff16989b000 rw-p 0001b000 00:15b1 4611686019135192570      /nix/store/gpxl5qgg8kicmcvivwmybwjlpf7wh20l-graalvm17-ce-22.3.0/lib/libnet.so
7ff16989b000-7ff1698ae000 r-xp 00000000 00:15b1 4611686019135192571      /nix/store/gpxl5qgg8kicmcvivwmybwjlpf7wh20l-graalvm17-ce-22.3.0/lib/libnio.so
7ff1698ae000-7ff1698af000 r--p 00012000 00:15b1 4611686019135192571      /nix/store/gpxl5qgg8kicmcvivwmybwjlpf7wh20l-graalvm17-ce-22.3.0/lib/libnio.so
7ff1698af000-7ff1698b0000 rw-p 00013000 00:15b1 4611686019135192571      /nix/store/gpxl5qgg8kicmcvivwmybwjlpf7wh20l-graalvm17-ce-22.3.0/lib/libnio.so
7ff1698b0000-7ff1698b5000 rw-p 00019000 00:15b1 4611686019135192571      /nix/store/gpxl5qgg8kicmcvivwmybwjlpf7wh20l-graalvm17-ce-22.3.0/lib/libnio.so
7ff1698b5000-7ff1698b9000 ---p 00000000 00:00 0 
7ff1698b9000-7ff1699b5000 rw-p 00000000 00:00 0 
7ff1699b5000-7ff1699b6000 ---p 00000000 00:00 0 
7ff1699b6000-7ff169ab7000 rw-p 00000000 00:00 0 
7ff169ab7000-7ff169b85000 r-xp 00000000 00:15b1 4611686019135190036      /nix/store/gpxl5qgg8kicmcvivwmybwjlpf7wh20l-graalvm17-ce-22.3.0/lib/libjsvml.so
7ff169b85000-7ff169b86000 r--p 000cd000 00:15b1 4611686019135190036      /nix/store/gpxl5qgg8kicmcvivwmybwjlpf7wh20l-graalvm17-ce-22.3.0/lib/libjsvml.so
7ff169b86000-7ff169b87000 rw-p 000ce000 00:15b1 4611686019135190036      /nix/store/gpxl5qgg8kicmcvivwmybwjlpf7wh20l-graalvm17-ce-22.3.0/lib/libjsvml.so
7ff169b87000-7ff16b45f000 rw-p 00000000 00:00 0 
7ff16b45f000-7ff16b460000 ---p 00000000 00:00 0 
7ff16b460000-7ff16b60b000 rw-p 00000000 00:00 0 
7ff16b60b000-7ff16b628000 rw-p 00000000 00:00 0 
7ff16b628000-7ff16b661000 ---p 00000000 00:00 0 
7ff16b661000-7ff16b667000 rw-p 00000000 00:00 0 
7ff16b667000-7ff16b74d000 ---p 00000000 00:00 0 
7ff16b74d000-7ff16b76e000 rw-p 00000000 00:00 0 
7ff16b76e000-7ff16b838000 ---p 00000000 00:00 0 
7ff16b838000-7ff16b83d000 rw-p 00000000 00:00 0 
7ff16b83d000-7ff16b844000 ---p 00000000 00:00 0 
7ff16b844000-7ff16b868000 r-xp 00000000 00:15b1 4611686019135190028      /nix/store/gpxl5qgg8kicmcvivwmybwjlpf7wh20l-graalvm17-ce-22.3.0/lib/libjava.so
7ff16b868000-7ff16b869000 ---p 00024000 00:15b1 4611686019135190028      /nix/store/gpxl5qgg8kicmcvivwmybwjlpf7wh20l-graalvm17-ce-22.3.0/lib/libjava.so
7ff16b869000-7ff16b86a000 r--p 00024000 00:15b1 4611686019135190028      /nix/store/gpxl5qgg8kicmcvivwmybwjlpf7wh20l-graalvm17-ce-22.3.0/lib/libjava.so
7ff16b86a000-7ff16b86b000 rw-p 00025000 00:15b1 4611686019135190028      /nix/store/gpxl5qgg8kicmcvivwmybwjlpf7wh20l-graalvm17-ce-22.3.0/lib/libjava.so
7ff16b86b000-7ff16b86c000 rw-p 00000000 00:00 0 
7ff16b86c000-7ff16b873000 rw-p 0002f000 00:15b1 4611686019135190028      /nix/store/gpxl5qgg8kicmcvivwmybwjlpf7wh20l-graalvm17-ce-22.3.0/lib/libjava.so
7ff16b873000-7ff16b87b000 rw-s 00000000 00:1bc 353                       /tmp/hsperfdata_runner/25
7ff16b87b000-7ff16b87c000 ---p 00000000 00:00 0 
7ff16b87c000-7ff16b87d000 r--p 00000000 00:00 0 
7ff16b87d000-7ff16b87e000 rwxp 00000000 00:00 0 
7ff16b87e000-7ff16b899000 r-xp 00000000 00:15b1 4611686019135190032      /nix/store/gpxl5qgg8kicmcvivwmybwjlpf7wh20l-graalvm17-ce-22.3.0/lib/libjimage.so
7ff16b899000-7ff16b89a000 ---p 0001b000 00:15b1 4611686019135190032      /nix/store/gpxl5qgg8kicmcvivwmybwjlpf7wh20l-graalvm17-ce-22.3.0/lib/libjimage.so
7ff16b89a000-7ff16b89c000 r--p 0001b000 00:15b1 4611686019135190032      /nix/store/gpxl5qgg8kicmcvivwmybwjlpf7wh20l-graalvm17-ce-22.3.0/lib/libjimage.so
7ff16b89c000-7ff16b89d000 rw-p 0001d000 00:15b1 4611686019135190032      /nix/store/gpxl5qgg8kicmcvivwmybwjlpf7wh20l-graalvm17-ce-22.3.0/lib/libjimage.so
7ff16b89d000-7ff16b89e000 rw-p 00024000 00:15b1 4611686019135190032      /nix/store/gpxl5qgg8kicmcvivwmybwjlpf7wh20l-graalvm17-ce-22.3.0/lib/libjimage.so
7ff16b89e000-7ff16b8a2000 ---p 00000000 00:00 0 
7ff16b8a2000-7ff16b99e000 rw-p 00000000 00:00 0 
7ff16b99e000-7ff16b9ac000 r--p 00000000 00:15b1 4611686019027979927      /nix/store/4nlgxhb09sdr51nc9hdm8az5b08vzkgx-glibc-2.35-163/lib/libm.so.6
7ff16b9ac000-7ff16ba1f000 r-xp 0000e000 00:15b1 4611686019027979927      /nix/store/4nlgxhb09sdr51nc9hdm8az5b08vzkgx-glibc-2.35-163/lib/libm.so.6
7ff16ba1f000-7ff16ba7c000 r--p 00081000 00:15b1 4611686019027979927      /nix/store/4nlgxhb09sdr51nc9hdm8az5b08vzkgx-glibc-2.35-163/lib/libm.so.6
7ff16ba7c000-7ff16ba7d000 r--p 000dd000 00:15b1 4611686019027979927      /nix/store/4nlgxhb09sdr51nc9hdm8az5b08vzkgx-glibc-2.35-163/lib/libm.so.6
7ff16ba7d000-7ff16ba7e000 rw-p 000de000 00:15b1 4611686019027979927      /nix/store/4nlgxhb09sdr51nc9hdm8az5b08vzkgx-glibc-2.35-163/lib/libm.so.6
7ff16ba7e000-7ff16ba7f000 r--p 00000000 00:15b1 4611686019027979946      /nix/store/4nlgxhb09sdr51nc9hdm8az5b08vzkgx-glibc-2.35-163/lib/librt.so.1
7ff16ba7f000-7ff16ba80000 r-xp 00001000 00:15b1 4611686019027979946      /nix/store/4nlgxhb09sdr51nc9hdm8az5b08vzkgx-glibc-2.35-163/lib/librt.so.1
7ff16ba80000-7ff16ba81000 r--p 00002000 00:15b1 4611686019027979946      /nix/store/4nlgxhb09sdr51nc9hdm8az5b08vzkgx-glibc-2.35-163/lib/librt.so.1
7ff16ba81000-7ff16ba82000 r--p 00002000 00:15b1 4611686019027979946      /nix/store/4nlgxhb09sdr51nc9hdm8az5b08vzkgx-glibc-2.35-163/lib/librt.so.1
7ff16ba82000-7ff16ba83000 rw-p 00003000 00:15b1 4611686019027979946      /nix/store/4nlgxhb09sdr51nc9hdm8az5b08vzkgx-glibc-2.35-163/lib/librt.so.1
7ff16ba83000-7ff16cb96000 r-xp 00000000 00:15b1 4611686019135360866      /nix/store/gpxl5qgg8kicmcvivwmybwjlpf7wh20l-graalvm17-ce-22.3.0/lib/server/libjvm.so
7ff16cb96000-7ff16cb97000 ---p 01113000 00:15b1 4611686019135360866      /nix/store/gpxl5qgg8kicmcvivwmybwjlpf7wh20l-graalvm17-ce-22.3.0/lib/server/libjvm.so
7ff16cb97000-7ff16cc4c000 r--p 01113000 00:15b1 4611686019135360866      /nix/store/gpxl5qgg8kicmcvivwmybwjlpf7wh20l-graalvm17-ce-22.3.0/lib/server/libjvm.so
7ff16cc4c000-7ff16cc80000 rw-p 011c8000 00:15b1 4611686019135360866      /nix/store/gpxl5qgg8kicmcvivwmybwjlpf7wh20l-graalvm17-ce-22.3.0/lib/server/libjvm.so
7ff16cc80000-7ff16ccdc000 rw-p 00000000 00:00 0 
7ff16ccdc000-7ff16cd04000 r--p 00000000 00:15b1 4611686019027979918      /nix/store/4nlgxhb09sdr51nc9hdm8az5b08vzkgx-glibc-2.35-163/lib/libc.so.6
7ff16cd04000-7ff16ce7a000 r-xp 00028000 00:15b1 4611686019027979918      /nix/store/4nlgxhb09sdr51nc9hdm8az5b08vzkgx-glibc-2.35-163/lib/libc.so.6
7ff16ce7a000-7ff16ced2000 r--p 0019e000 00:15b1 4611686019027979918      /nix/store/4nlgxhb09sdr51nc9hdm8az5b08vzkgx-glibc-2.35-163/lib/libc.so.6
7ff16ced2000-7ff16ced6000 r--p 001f6000 00:15b1 4611686019027979918      /nix/store/4nlgxhb09sdr51nc9hdm8az5b08vzkgx-glibc-2.35-163/lib/libc.so.6
7ff16ced6000-7ff16ced8000 rw-p 001fa000 00:15b1 4611686019027979918      /nix/store/4nlgxhb09sdr51nc9hdm8az5b08vzkgx-glibc-2.35-163/lib/libc.so.6
7ff16ced8000-7ff16cee7000 rw-p 00000000 00:00 0 
7ff16cee7000-7ff16cee8000 r--p 00000000 00:15b1 4611686019027979923      /nix/store/4nlgxhb09sdr51nc9hdm8az5b08vzkgx-glibc-2.35-163/lib/libdl.so.2
7ff16cee8000-7ff16cee9000 r-xp 00001000 00:15b1 4611686019027979923      /nix/store/4nlgxhb09sdr51nc9hdm8az5b08vzkgx-glibc-2.35-163/lib/libdl.so.2
7ff16cee9000-7ff16ceea000 r--p 00002000 00:15b1 4611686019027979923      /nix/store/4nlgxhb09sdr51nc9hdm8az5b08vzkgx-glibc-2.35-163/lib/libdl.so.2
7ff16ceea000-7ff16ceeb000 r--p 00002000 00:15b1 4611686019027979923      /nix/store/4nlgxhb09sdr51nc9hdm8az5b08vzkgx-glibc-2.35-163/lib/libdl.so.2
7ff16ceeb000-7ff16ceec000 rw-p 00003000 00:15b1 4611686019027979923      /nix/store/4nlgxhb09sdr51nc9hdm8az5b08vzkgx-glibc-2.35-163/lib/libdl.so.2
7ff16ceec000-7ff16ceed000 r--p 00000000 00:15b1 4611686019027979942      /nix/store/4nlgxhb09sdr51nc9hdm8az5b08vzkgx-glibc-2.35-163/lib/libpthread.so.0
7ff16ceed000-7ff16ceee000 r-xp 00001000 00:15b1 4611686019027979942      /nix/store/4nlgxhb09sdr51nc9hdm8az5b08vzkgx-glibc-2.35-163/lib/libpthread.so.0
7ff16ceee000-7ff16ceef000 r--p 00002000 00:15b1 4611686019027979942      /nix/store/4nlgxhb09sdr51nc9hdm8az5b08vzkgx-glibc-2.35-163/lib/libpthread.so.0
7ff16ceef000-7ff16cef0000 r--p 00002000 00:15b1 4611686019027979942      /nix/store/4nlgxhb09sdr51nc9hdm8az5b08vzkgx-glibc-2.35-163/lib/libpthread.so.0
7ff16cef0000-7ff16cef1000 rw-p 00003000 00:15b1 4611686019027979942      /nix/store/4nlgxhb09sdr51nc9hdm8az5b08vzkgx-glibc-2.35-163/lib/libpthread.so.0
7ff16cef1000-7ff16ceff000 r-xp 00000000 00:15b1 4611686019135190033      /nix/store/gpxl5qgg8kicmcvivwmybwjlpf7wh20l-graalvm17-ce-22.3.0/lib/libjli.so
7ff16ceff000-7ff16cf00000 ---p 0000e000 00:15b1 4611686019135190033      /nix/store/gpxl5qgg8kicmcvivwmybwjlpf7wh20l-graalvm17-ce-22.3.0/lib/libjli.so
7ff16cf00000-7ff16cf01000 r--p 0000e000 00:15b1 4611686019135190033      /nix/store/gpxl5qgg8kicmcvivwmybwjlpf7wh20l-graalvm17-ce-22.3.0/lib/libjli.so
7ff16cf01000-7ff16cf02000 rw-p 0000f000 00:15b1 4611686019135190033      /nix/store/gpxl5qgg8kicmcvivwmybwjlpf7wh20l-graalvm17-ce-22.3.0/lib/libjli.so
7ff16cf02000-7ff16cf03000 rw-p 00012000 00:15b1 4611686019135190033      /nix/store/gpxl5qgg8kicmcvivwmybwjlpf7wh20l-graalvm17-ce-22.3.0/lib/libjli.so
7ff16cf03000-7ff16cf06000 r--p 00000000 00:15b1 4611686019106210071      /nix/store/026hln0aq1hyshaxsdvhg0kmcm6yf45r-zlib-1.2.13/lib/libz.so.1.2.13
7ff16cf06000-7ff16cf18000 r-xp 00003000 00:15b1 4611686019106210071      /nix/store/026hln0aq1hyshaxsdvhg0kmcm6yf45r-zlib-1.2.13/lib/libz.so.1.2.13
7ff16cf18000-7ff16cf1f000 r--p 00015000 00:15b1 4611686019106210071      /nix/store/026hln0aq1hyshaxsdvhg0kmcm6yf45r-zlib-1.2.13/lib/libz.so.1.2.13
7ff16cf1f000-7ff16cf20000 r--p 0001b000 00:15b1 4611686019106210071      /nix/store/026hln0aq1hyshaxsdvhg0kmcm6yf45r-zlib-1.2.13/lib/libz.so.1.2.13
7ff16cf20000-7ff16cf21000 rw-p 0001c000 00:15b1 4611686019106210071      /nix/store/026hln0aq1hyshaxsdvhg0kmcm6yf45r-zlib-1.2.13/lib/libz.so.1.2.13
7ff16cf21000-7ff16cf23000 rw-p 00000000 00:00 0 
7ff16cf23000-7ff16cf25000 r--p 00000000 00:15b1 4611686019027979912      /nix/store/4nlgxhb09sdr51nc9hdm8az5b08vzkgx-glibc-2.35-163/lib/ld-linux-x86-64.so.2
7ff16cf25000-7ff16cf4c000 r-xp 00002000 00:15b1 4611686019027979912      /nix/store/4nlgxhb09sdr51nc9hdm8az5b08vzkgx-glibc-2.35-163/lib/ld-linux-x86-64.so.2
7ff16cf4c000-7ff16cf58000 r--p 00029000 00:15b1 4611686019027979912      /nix/store/4nlgxhb09sdr51nc9hdm8az5b08vzkgx-glibc-2.35-163/lib/ld-linux-x86-64.so.2
7ff16cf58000-7ff16cf5a000 r--p 00034000 00:15b1 4611686019027979912      /nix/store/4nlgxhb09sdr51nc9hdm8az5b08vzkgx-glibc-2.35-163/lib/ld-linux-x86-64.so.2
7ff16cf5a000-7ff16cf5c000 rw-p 00036000 00:15b1 4611686019027979912      /nix/store/4nlgxhb09sdr51nc9hdm8az5b08vzkgx-glibc-2.35-163/lib/ld-linux-x86-64.so.2
7fff52243000-7fff52268000 rw-p 00000000 00:00 0                          [stack]
7fff5235c000-7fff52360000 r--p 00000000 00:00 0                          [vvar]
7fff52360000-7fff52362000 r-xp 00000000 00:00 0                          [vdso]
ffffffffff600000-ffffffffff601000 --xp 00000000 00:00 0                  [vsyscall]


VM Arguments:
jvm_args: -XX:ThreadPriorityPolicy=1 -XX:+UnlockExperimentalVMOptions -XX:+EnableJVMCIProduct -XX:JVMCIThreadsPerNativeLibraryRuntime=1 -XX:-UnlockExperimentalVMOptions -Declipse.application=org.eclipse.jdt.ls.core.id1 -Dosgi.bundles.defaultStartLevel=4 -Declipse.product=org.eclipse.jdt.ls.core.product -Dlog.level=ALL -Xverify:none -XX:+UseParallelGC -XX:GCTimeRatio=4 -XX:AdaptiveSizePolicyWeight=90 -Dsun.zip.disableMemoryMapping=true -Xmx512m -Xms100m 
java_command: /nix/store/m6gcpi1ii6rghy04cjwjddcavv7i90df-jdt-language-server-1.9.0/share/java/plugins/org.eclipse.equinox.launcher_1.6.400.v20210924-0641.jar --add-modules=ALL-SYSTEM --add-opens java.base/java.util=ALL-UNNAMED --add-opens java.base/java.lang=ALL-UNNAMED -configuration /home/runner/.cache/jdt-language-server/config -data /home/runner/.cache/jdt-language-server/data/home/runner/JavaArray
java_class_path (initial): /nix/store/m6gcpi1ii6rghy04cjwjddcavv7i90df-jdt-language-server-1.9.0/share/java/plugins/org.eclipse.equinox.launcher_1.6.400.v20210924-0641.jar
Launcher Type: SUN_STANDARD

[Global flags]
    uintx AdaptiveSizePolicyWeight                 = 90                                        {product} {command line}
     intx CICompilerCount                          = 2                                         {product} {ergonomic}
     bool EnableJVMCIProduct                       = true                                {JVMCI product} {jimage}
    uintx GCTimeRatio                              = 4                                         {product} {command line}
   size_t InitialHeapSize                          = 104857600                                 {product} {command line}
     uint JVMCIThreadsPerNativeLibraryRuntime      = 1                                   {JVMCI product} {jimage}
   size_t MaxHeapSize                              = 536870912                                 {product} {command line}
   size_t MaxNewSize                               = 178782208                                 {product} {ergonomic}
   size_t MinHeapDeltaBytes                        = 524288                                    {product} {ergonomic}
   size_t MinHeapSize                              = 104857600                                 {product} {command line}
   size_t NewSize                                  = 34603008                                  {product} {ergonomic}
    uintx NonNMethodCodeHeapSize                   = 5826188                                {pd product} {ergonomic}
    uintx NonProfiledCodeHeapSize                  = 122916026                              {pd product} {ergonomic}
   size_t OldSize                                  = 70254592                                  {product} {ergonomic}
    uintx ProfiledCodeHeapSize                     = 122916026                              {pd product} {ergonomic}
    uintx ReservedCodeCacheSize                    = 251658240                              {pd product} {ergonomic}
     bool SegmentedCodeCache                       = true                                      {product} {ergonomic}
   size_t SoftMaxHeapSize                          = 536870912                              {manageable} {ergonomic}
     intx ThreadPriorityPolicy                     = 1                                         {product} {jimage}
     bool UseCompressedClassPointers               = true                           {product lp64_product} {ergonomic}
     bool UseCompressedOops                        = true                           {product lp64_product} {ergonomic}
     bool UseParallelGC                            = true                                      {product} {command line}

Logging:
Log output configuration:
 #0: stdout all=warning uptime,level,tags
 #1: stderr all=off uptime,level,tags

Environment Variables:
JAVA_HOME=/nix/store/gpxl5qgg8kicmcvivwmybwjlpf7wh20l-graalvm17-ce-22.3.0
PATH=/nix/store/1d6ian3r8kdzspw8hacjhl3xkp40g1lj-binutils-wrapper-2.39/bin:/nix/store/dq0xwmsk1g0i2ayg6pb7y87na2knzylh-gcc-wrapper-11.3.0/bin:/nix/store/bap4d0lpcrhpwmpb8ayjcgkmvfj62lnq-bash-interactive-5.1-p16/bin:/nix/store/pr5n59mb4jzmfx6kanwxly0l07p861fg-patchelf-0.15.0/bin:/nix/store/1gf2flfqnpqbr1b4p4qz2f72y42bs56r-gcc-11.3.0/bin:/nix/store/57xv61c5zi8pphjbcwxxjlgc34p61ic9-glibc-2.35-163-bin/bin:/nix/store/a7gvj343m05j2s32xcnwr35v31ynlypr-coreutils-9.1/bin:/nix/store/039g378vc3pc3dvi9dzdlrd0i4q93qwf-binutils-2.39/bin:/nix/store/gpxl5qgg8kicmcvivwmybwjlpf7wh20l-graalvm17-ce-22.3.0/bin:/nix/store/6z9ag3ihc8mq2hzsw48lhbznvzny65nz-apache-maven-3.8.6/bin:/nix/store/m6gcpi1ii6rghy04cjwjddcavv7i90df-jdt-language-server-1.9.0/bin:/nix/store/84xs5alhs01zrbr4ywm05kxbjbp5590l-java-debug/bin:/nix/store/mydc6f4k2z73xlcz7ilif3v2lcaiqvza-findutils-4.9.0/bin:/nix/store/j9p3g8472iijd50vhdprx0nmk2fqn5gv-diffutils-3.8/bin:/nix/store/89zs7rms6x00xfq4dq6m7mjnhkr8a6r4-gnused-4.8/bin:/nix/store/86bp03jkmsl6f92w0yzg4s59g5mhxwmy-gnugrep-3.7/bin:/nix/store/hwcdqw4jrjnd37wxqgsd47hd0j8bnj09-gawk-5.1.1/bin:/nix/store/cfbhw8r8ags41vwqaz47r583d0p4h4a1-gnutar-1.34/bin:/nix/store/p3m1ndl1lapwrlh698bnb5lvvxh67378-gzip-1.12/bin:/nix/store/a8mhcagrsly7c7mpjrpsnaahk4aax056-bzip2-1.0.8-bin/bin:/nix/store/mblgz65m3zv9x548a3d5m96fj2pbwr09-gnumake-4.3/bin:/nix/store/dsd5gz46hdbdk2rfdimqddhq6m8m8fqs-bash-5.1-p16/bin:/nix/store/v7ljksji50mg3w61dykaa3n3y79n6nil-patch-2.7.6/bin:/nix/store/zlcnmqq14jz5x9439jf937mvayyl63da-xz-5.2.7-bin/bin:/nix/store/y6aj732zm9m87c82fpvf103a1xb22blp-file-5.43/bin:/nix/store/i4kzir3m7mrisxmf5xvlnkw01x4qaqr4-prybar-elisp-0.0.0-e0d9a52/bin:/nix/store/lwwivxf6h7x3cvxp9zv8sj0mv7dak99r-prybar-lua-0.0.0-e0d9a52/bin:/nix/store/gxj28g1cg4hq3qanmjv07156h800qr58-prybar-python3-0.0.0-e0d9a52/bin:/nix/store/hshkjnxrgidigf8x75vg6lqng2xlx9i3-prybar-sqlite-0.0.0-e0d9a52/bin:/nix/store/c4w01bpjgyy5ixmwdk8m1pw87zq4sl26-prybar-tcl-0.0.0-e0d9a52/bin:/nix/store/hpbvrlwd5viqmvcaisb3x0118i913a9n-st
LD_LIBRARY_PATH=/nix/store/a4pff549sk2idnkpzk5nsfps3mdkdnvm-cups-2.4.2-lib/lib:/nix/store/72mqxxhh3cy5yifh92wh2yb8cl2hikyy-cairo-1.16.0/lib:/nix/store/2k366jrbsra97gjfxwvrhvixjfxdach5-glib-2.74.1/lib:/nix/store/2j2znigd8ak37rlwh9khz0ry3clqlw1l-gtk+3-3.24.34/lib:/nix/store/hisqvx32cd57apbpcsnkpx6k3549wql1-libglvnd-1.4.0/lib:/nix/store/p36pgcv991mq5srvg765b78yqpxvk3qs-mesa-21.3.3-drivers/lib:/nix/store/mav4251if1ahjq5vkpwycyyvnmy459c4-pulseaudio-14.2/lib
DISPLAY=:0
LANG=en_US.UTF-8

Signal Handlers:
   SIGSEGV: crash_handler in libjvm.so, mask=11100100010111111101111111111110, flags=SA_RESTART|SA_SIGINFO
    SIGBUS: crash_handler in libjvm.so, mask=11100100010111111101111111111110, flags=SA_RESTART|SA_SIGINFO
    SIGFPE: crash_handler in libjvm.so, mask=11100100010111111101111111111110, flags=SA_RESTART|SA_SIGINFO
   SIGPIPE: IsolateEnterStub_IgnoreSIGPIPEStartupHook_noopSignalHandler_8f19bff2f35b5f630d83b364d6b2339320d4ec70_216e8361c6bc87a8f89f58cc10d3b2fd4415bf87 in libjvmcicompiler.so, mask=00000000000000000000000000000000, flags=SA_RESTART
  *** Handler was modified!
  *** Expected: javaSignalHandler in libjvm.so, mask=11100100110111111111111111111110, flags=SA_RESTART|SA_SIGINFO
   SIGXFSZ: javaSignalHandler in libjvm.so, mask=11100100010111111101111111111110, flags=SA_RESTART|SA_SIGINFO
    SIGILL: crash_handler in libjvm.so, mask=11100100010111111101111111111110, flags=SA_RESTART|SA_SIGINFO
   SIGUSR2: SR_handler in libjvm.so, mask=00000000000000000000000000000000, flags=SA_RESTART|SA_SIGINFO
    SIGHUP: UserHandler in libjvm.so, mask=11100100010111111101111111111110, flags=SA_RESTART|SA_SIGINFO
    SIGINT: UserHandler in libjvm.so, mask=11100100010111111101111111111110, flags=SA_RESTART|SA_SIGINFO
   SIGTERM: UserHandler in libjvm.so, mask=11100100010111111101111111111110, flags=SA_RESTART|SA_SIGINFO
   SIGQUIT: UserHandler in libjvm.so, mask=11100100010111111101111111111110, flags=SA_RESTART|SA_SIGINFO
  *** Handler was modified!
  *** Expected: javaSignalHandler in libjvm.so, mask=11100100110111111111111111111110, flags=SA_RESTART|SA_SIGINFO
   SIGTRAP: crash_handler in libjvm.so, mask=11100100010111111101111111111110, flags=SA_RESTART|SA_SIGINFO


---------------  S Y S T E M  ---------------

OS:
DISTRIB_ID=Ubuntu
DISTRIB_RELEASE=20.04
DISTRIB_CODENAME=focal
DISTRIB_DESCRIPTION="Ubuntu 20.04.2 LTS"
uname: Linux 5.15.0-1031-gcp #38~20.04.1-Ubuntu SMP Sun Mar 12 04:47:58 UTC 2023 x86_64
OS uptime: 0 days 11:58 hours
libc: glibc 2.35 NPTL 2.35 
rlimit (soft/hard): STACK 8192k/infinity , CORE infinity/infinity , NPROC infinity/infinity , NOFILE 5242/5242 , AS infinity/infinity , CPU infinity/infinity , DATA infinity/infinity , FSIZE infinity/infinity , MEMLOCK 64k/64k
load average: 5.87 6.50 8.12

/proc/meminfo:
MemTotal:       32872700 kB
MemFree:         4479120 kB
MemAvailable:   18615204 kB
Buffers:         1987728 kB
Cached:         10957888 kB
SwapCached:            0 kB
Active:          6863692 kB
Inactive:       17509196 kB
Active(anon):      13456 kB
Inactive(anon): 11231188 kB
Active(file):    6850236 kB
Inactive(file):  6278008 kB
Unevictable:       43576 kB
Mlocked:           43576 kB
SwapTotal:             0 kB
SwapFree:              0 kB
Dirty:              1420 kB
Writeback:             0 kB
AnonPages:      10535708 kB
Mapped:          1235264 kB
Shmem:             19584 kB
KReclaimable:    1473676 kB
Slab:            3204792 kB
SReclaimable:    1473676 kB
SUnreclaim:      1731116 kB
KernelStack:      367304 kB
PageTables:       130992 kB
NFS_Unstable:          0 kB
Bounce:                0 kB
WritebackTmp:          0 kB
CommitLimit:    16436348 kB
Committed_AS:   40235300 kB
VmallocTotal:   34359738367 kB
VmallocUsed:      408548 kB
VmallocChunk:          0 kB
Percpu:            33456 kB
HardwareCorrupted:     0 kB
AnonHugePages:    677888 kB
ShmemHugePages:        0 kB
ShmemPmdMapped:        0 kB
FileHugePages:         0 kB
FilePmdMapped:         0 kB
HugePages_Total:       0
HugePages_Free:        0
HugePages_Rsvd:        0
HugePages_Surp:        0
Hugepagesize:       2048 kB
Hugetlb:               0 kB
DirectMap4k:     3763008 kB
DirectMap2M:    28739584 kB
DirectMap1G:     3145728 kB

/sys/kernel/mm/transparent_hugepage/enabled: always [madvise] never
/sys/kernel/mm/transparent_hugepage/defrag (defrag/compaction efforts parameter): always defer defer+madvise [madvise] never

Process Memory:
Virtual Size: 3874952K (peak: 3915764K)
Resident Set Size: 745808K (peak: 778372K) (anon: 552328K, file: 193480K, shmem: 0K)
Swapped out: 0K
C-Heap outstanding allocations: 43781K, retained: 11570K
glibc malloc tunables: (default)

/proc/sys/kernel/threads-max (system-wide limit on the number of threads): 256750
/proc/sys/vm/max_map_count (maximum number of memory map areas a process may have): 65530
/proc/sys/kernel/pid_max (system-wide limit on number of process identifiers): 4194304

container (cgroup) information:
container_type: cgroupv1
cpu_cpuset_cpus: 1-3
cpu_memory_nodes: 0
active_processor_count: 1
cpu_quota: 50000
cpu_period: 100000
cpu_shares: 512
memory_limit_in_bytes: 1048576 k
memory_and_swap_limit_in_bytes: 1048576 k
memory_soft_limit_in_bytes: 524288 k
memory_usage_in_bytes: 604800 k
memory_max_usage_in_bytes: 658516 k
maximum number of tasks: 1000
current number of tasks: 50

KVM virtualization detected
Steal ticks since vm start: 0
Steal ticks percentage since vm start:  0.000

CPU: total 4 (initial active 1) (4 cores per cpu, 2 threads per core) family 25 model 1 stepping 0 microcode 0xffffffff, cx8, cmov, fxsr, ht, mmx, 3dnowpref, sse, sse2, sse3, ssse3, sse4a, sse4.1, sse4.2, popcnt, lzcnt, tsc, tscinvbit, avx, avx2, aes, erms, clmul, bmi1, bmi2, adx, sha, fma, vzeroupper, clflush, clflushopt, hv
CPU Model and flags from /proc/cpuinfo:
model name	: AMD EPYC 7B13
flags		: fpu vme de pse tsc msr pae mce cx8 apic sep mtrr pge mca cmov pat pse36 clflush mmx fxsr sse sse2 ht syscall nx mmxext fxsr_opt pdpe1gb rdtscp lm constant_tsc rep_good nopl nonstop_tsc cpuid extd_apicid tsc_known_freq pni pclmulqdq ssse3 fma cx16 pcid sse4_1 sse4_2 movbe popcnt aes xsave avx f16c rdrand hypervisor lahf_lm cmp_legacy cr8_legacy abm sse4a misalignsse 3dnowprefetch osvw topoext invpcid_single ssbd ibrs ibpb stibp vmmcall fsgsbase tsc_adjust bmi1 avx2 smep bmi2 erms invpcid rdseed adx smap clflushopt clwb sha_ni xsaveopt xsavec xgetbv1 clzero xsaveerptr arat npt nrip_save umip vaes vpclmulqdq rdpid fsrm

Online cpus: 0-3
Offline cpus: 
BIOS frequency limitation: <Not Available>
Frequency switch latency (ns): <Not Available>
Available cpu frequencies: <Not Available>
Current governor: <Not Available>
Core performance/turbo boost: <Not Available>

Memory: 4k page, physical 1048576k(443768k free), swap 0k(0k free)
Page Sizes: 4k

vm_info: OpenJDK 64-Bit Server VM (17.0.5+8-jvmci-22.3-b08) for linux-amd64 JRE (17.0.5+8-jvmci-22.3-b08), built on Oct 19 2022 09:01:27 by "buildslave" with gcc 10.3.0

END.
